2026-04-29 20:20:22 [CAMPUS] [INFO   ] [LOG] C:\Users\sandeep\Downloads\Claudes\CampusPlacement\crm\logs\campaign_2026-04-29_20-20-22.log
2026-04-29 20:20:22 [CAMPUS] [INFO   ] ================================================================
2026-04-29 20:20:22 [CAMPUS] [INFO   ]   PLACEMENT CRM – CAMPAIGN RUNNER
2026-04-29 20:20:22 [CAMPUS] [INFO   ]   Run : 2026-04-29 20:20:22
2026-04-29 20:20:22 [CAMPUS] [INFO   ]   Mode: Send up to 20 institute(s)
2026-04-29 20:20:22 [CAMPUS] [INFO   ] ================================================================
2026-04-29 20:20:22 [CAMPUS] [INFO   ]   Gmail accounts available: 32
2026-04-29 20:20:22 [CAMPUS] [INFO   ] 
[STEP 1] Checking inboxes for bounces and human replies...
2026-04-29 20:20:22 [CAMPUS] [INFO   ]   Monitoring 87 'Sent' address(es)
2026-04-29 20:20:22 [CAMPUS] [INFO   ]   Checking 31/32 accounts (only those that sent emails; order follows JSON)
2026-04-29 20:20:22 [CAMPUS] [INFO   ] 
  [1/32 — 3.1%] > jain106sandeep@gmail.com
2026-04-29 20:20:22 [CAMPUS] [INFO   ]   Connecting to jain106sandeep@gmail.com …
2026-04-29 20:20:28 [CAMPUS] [INFO   ]   INBOX without 'PROCESSED-CAMPUS': 12 UID(s) (newer_than:30d or SINCE fallback)
2026-04-29 20:20:28 [CAMPUS] [INFO   ]   Pass 1: scanning headers of 12 email(s) (batch size 40)...
2026-04-29 20:20:28 [CAMPUS] [INFO   ]     … 12/12 headers
2026-04-29 20:20:29 [CAMPUS] [INFO   ]   Pass 1 done — full fetch for 12 UID(s); tagged NON-CAMPUS from headers: 0
2026-04-29 20:20:29 [CAMPUS] [INFO   ]   Pass 2: full body (BODY.PEEK[]) for 12 UID(s) (batch 8, progress every 5)…
2026-04-29 20:20:29 [CAMPUS] [INFO   ]     … 8/12 full fetch (batch 8 UID(s))
2026-04-29 20:20:30 [CAMPUS] [INFO   ]     … 8/12 full fetch (batch received, processing…)
2026-04-29 20:20:30 [CAMPUS] [INFO   ]     … 1/12 full fetch
2026-04-29 20:20:30 [CAMPUS] [INFO   ]   [HUMAN REPLY] from: jain106sandeep@gmail.com
2026-04-29 20:20:36 [CAMPUS] [INFO   ]   [FORWARDED] REPLY-CAMPUS → sandeepjain200019@gmail.com
2026-04-29 20:20:41 [CAMPUS] [INFO   ]   [AUTOREPLY SENT] to jain106sandeep@gmail.com
2026-04-29 20:20:43 [CAMPUS] [INFO   ]   [HUMAN REPLY] from: jain106sandeep@gmail.com
2026-04-29 20:20:49 [CAMPUS] [INFO   ]   [FORWARDED] REPLY-CAMPUS → sandeepjain200019@gmail.com
2026-04-29 20:20:54 [CAMPUS] [INFO   ]   [AUTOREPLY SENT] to jain106sandeep@gmail.com
2026-04-29 20:20:56 [CAMPUS] [INFO   ]   [BOUNCE->FAILURE] vc@malayalamuniversity.edu.in
2026-04-29 20:20:58 [CAMPUS] [INFO   ]   [BOUNCE->FAILURE] placements@rusa.nic.in
2026-04-29 20:20:59 [CAMPUS] [INFO   ]     … 5/12 full fetch
2026-04-29 20:21:06 [CAMPUS] [INFO   ]     … 12/12 full fetch (batch 4 UID(s))
2026-04-29 20:21:07 [CAMPUS] [INFO   ]     … 12/12 full fetch (batch received, processing…)
2026-04-29 20:21:07 [CAMPUS] [INFO   ]   [BOUNCE->FAILURE] registrar@nvsp.in
2026-04-29 20:21:08 [CAMPUS] [INFO   ]     … 10/12 full fetch
2026-04-29 20:21:12 [CAMPUS] [INFO   ]     … 12/12 full fetch
2026-04-29 20:21:13 [CAMPUS] [INFO   ]   Pass 2 done — 12 full fetch(es) finished.
2026-04-29 20:21:14 [CAMPUS] [INFO   ] 
  [2/32 — 6.2%] > sj1799274@gmail.com
2026-04-29 20:21:14 [CAMPUS] [INFO   ]   Connecting to sj1799274@gmail.com …
2026-04-29 20:21:19 [CAMPUS] [INFO   ]   INBOX without 'PROCESSED-CAMPUS': 4 UID(s) (newer_than:30d or SINCE fallback)
2026-04-29 20:21:19 [CAMPUS] [INFO   ]   Pass 1: scanning headers of 4 email(s) (batch size 40)...
2026-04-29 20:21:19 [CAMPUS] [INFO   ]     … 4/4 headers
2026-04-29 20:21:19 [CAMPUS] [INFO   ]   Pass 1 done — full fetch for 4 UID(s); tagged NON-CAMPUS from headers: 0
2026-04-29 20:21:19 [CAMPUS] [INFO   ]   Pass 2: full body (BODY.PEEK[]) for 4 UID(s) (batch 8, progress every 5)…
2026-04-29 20:21:19 [CAMPUS] [INFO   ]     … 4/4 full fetch (batch 4 UID(s))
2026-04-29 20:21:20 [CAMPUS] [INFO   ]     … 4/4 full fetch (batch received, processing…)
2026-04-29 20:21:20 [CAMPUS] [INFO   ]     … 1/4 full fetch
2026-04-29 20:21:23 [CAMPUS] [INFO   ]     … 4/4 full fetch
2026-04-29 20:21:24 [CAMPUS] [INFO   ]   Pass 2 done — 4 full fetch(es) finished.
2026-04-29 20:21:24 [CAMPUS] [INFO   ] 
  [3/32 — 9.4%] > jain109sandeep@gmail.com
2026-04-29 20:21:24 [CAMPUS] [INFO   ]   Connecting to jain109sandeep@gmail.com …
2026-04-29 20:21:30 [CAMPUS] [INFO   ]   INBOX without 'PROCESSED-CAMPUS': 4 UID(s) (newer_than:30d or SINCE fallback)
2026-04-29 20:21:30 [CAMPUS] [INFO   ]   Pass 1: scanning headers of 4 email(s) (batch size 40)...
2026-04-29 20:21:30 [CAMPUS] [INFO   ]     … 4/4 headers
2026-04-29 20:21:31 [CAMPUS] [INFO   ]   Pass 1 done — full fetch for 4 UID(s); tagged NON-CAMPUS from headers: 0
2026-04-29 20:21:31 [CAMPUS] [INFO   ]   Pass 2: full body (BODY.PEEK[]) for 4 UID(s) (batch 8, progress every 5)…
2026-04-29 20:21:31 [CAMPUS] [INFO   ]     … 4/4 full fetch (batch 4 UID(s))
2026-04-29 20:21:32 [CAMPUS] [INFO   ]     … 4/4 full fetch (batch received, processing…)
2026-04-29 20:21:32 [CAMPUS] [INFO   ]     … 1/4 full fetch
2026-04-29 20:21:32 [CAMPUS] [INFO   ]   [BOUNCE->FAILURE] placement@bhojvirtualuniversity.com
2026-04-29 20:21:36 [CAMPUS] [INFO   ]     … 4/4 full fetch
2026-04-29 20:21:38 [CAMPUS] [INFO   ]   Pass 2 done — 4 full fetch(es) finished.
2026-04-29 20:21:38 [CAMPUS] [INFO   ] 
  [4/32 — 12.5%] > jain111sandeep@gmail.com
2026-04-29 20:21:38 [CAMPUS] [INFO   ]   Connecting to jain111sandeep@gmail.com …
2026-04-29 20:21:44 [CAMPUS] [INFO   ]   INBOX without 'PROCESSED-CAMPUS': 6 UID(s) (newer_than:30d or SINCE fallback)
2026-04-29 20:21:44 [CAMPUS] [INFO   ]   Pass 1: scanning headers of 6 email(s) (batch size 40)...
2026-04-29 20:21:44 [CAMPUS] [INFO   ]     … 6/6 headers
2026-04-29 20:21:44 [CAMPUS] [INFO   ]   Pass 1 done — full fetch for 6 UID(s); tagged NON-CAMPUS from headers: 0
2026-04-29 20:21:44 [CAMPUS] [INFO   ]   Pass 2: full body (BODY.PEEK[]) for 6 UID(s) (batch 8, progress every 5)…
2026-04-29 20:21:44 [CAMPUS] [INFO   ]     … 6/6 full fetch (batch 6 UID(s))
2026-04-29 20:21:45 [CAMPUS] [INFO   ]     … 6/6 full fetch (batch received, processing…)
2026-04-29 20:21:45 [CAMPUS] [INFO   ]     … 1/6 full fetch
2026-04-29 20:21:50 [CAMPUS] [INFO   ]     … 5/6 full fetch
2026-04-29 20:21:51 [CAMPUS] [INFO   ]     … 6/6 full fetch
2026-04-29 20:21:53 [CAMPUS] [INFO   ]   Pass 2 done — 6 full fetch(es) finished.
2026-04-29 20:21:53 [CAMPUS] [INFO   ] 
  [5/32 — 15.6%] > sandeep196605@gmail.com
2026-04-29 20:21:53 [CAMPUS] [INFO   ]   Connecting to sandeep196605@gmail.com …
2026-04-29 20:22:00 [CAMPUS] [INFO   ]   INBOX without 'PROCESSED-CAMPUS': 13 UID(s) (newer_than:30d or SINCE fallback)
2026-04-29 20:22:00 [CAMPUS] [INFO   ]   Pass 1: scanning headers of 13 email(s) (batch size 40)...
2026-04-29 20:22:00 [CAMPUS] [INFO   ]     … 13/13 headers
2026-04-29 20:22:00 [CAMPUS] [INFO   ]   Pass 1 done — full fetch for 13 UID(s); tagged NON-CAMPUS from headers: 0
2026-04-29 20:22:00 [CAMPUS] [INFO   ]   Pass 2: full body (BODY.PEEK[]) for 13 UID(s) (batch 8, progress every 5)…
2026-04-29 20:22:00 [CAMPUS] [INFO   ]     … 8/13 full fetch (batch 8 UID(s))
2026-04-29 20:22:01 [CAMPUS] [INFO   ]     … 8/13 full fetch (batch received, processing…)
2026-04-29 20:22:01 [CAMPUS] [INFO   ]     … 1/13 full fetch
2026-04-29 20:22:07 [CAMPUS] [INFO   ]     … 5/13 full fetch
2026-04-29 20:22:07 [CAMPUS] [INFO   ]   [BOUNCE->FAILURE] placement@kskvku.digitaluniversity.ac
2026-04-29 20:22:13 [CAMPUS] [INFO   ]     … 13/13 full fetch (batch 5 UID(s))
2026-04-29 20:22:14 [CAMPUS] [INFO   ]     … 13/13 full fetch (batch received, processing…)
2026-04-29 20:22:15 [CAMPUS] [INFO   ]     … 10/13 full fetch
2026-04-29 20:22:20 [CAMPUS] [INFO   ]     … 13/13 full fetch
2026-04-29 20:22:21 [CAMPUS] [INFO   ]   Pass 2 done — 13 full fetch(es) finished.
2026-04-29 20:22:22 [CAMPUS] [INFO   ] 
  [6/32 — 18.8%] > jain114sandeep@gmail.com
2026-04-29 20:22:22 [CAMPUS] [INFO   ]   Connecting to jain114sandeep@gmail.com …
2026-04-29 20:22:29 [CAMPUS] [INFO   ]   INBOX without 'PROCESSED-CAMPUS': 15 UID(s) (newer_than:30d or SINCE fallback)
2026-04-29 20:22:29 [CAMPUS] [INFO   ]   Pass 1: scanning headers of 15 email(s) (batch size 40)...
2026-04-29 20:22:29 [CAMPUS] [INFO   ]     … 15/15 headers
2026-04-29 20:22:29 [CAMPUS] [INFO   ]   Pass 1 done — full fetch for 15 UID(s); tagged NON-CAMPUS from headers: 0
2026-04-29 20:22:29 [CAMPUS] [INFO   ]   Pass 2: full body (BODY.PEEK[]) for 15 UID(s) (batch 8, progress every 5)…
2026-04-29 20:22:29 [CAMPUS] [INFO   ]     … 8/15 full fetch (batch 8 UID(s))
2026-04-29 20:22:30 [CAMPUS] [INFO   ]     … 8/15 full fetch (batch received, processing…)
2026-04-29 20:22:30 [CAMPUS] [INFO   ]     … 1/15 full fetch
2026-04-29 20:22:30 [CAMPUS] [INFO   ]   [BOUNCE->FAILURE] registrar@abvhv.edu.in
2026-04-29 20:22:36 [CAMPUS] [INFO   ]     … 5/15 full fetch
2026-04-29 20:22:36 [CAMPUS] [INFO   ]   [BOUNCE->FAILURE] placement@ktbuniv.ac.in
2026-04-29 20:22:41 [CAMPUS] [INFO   ]   [BOUNCE->FAILURE] registrar@parichay.nic.in
2026-04-29 20:22:42 [CAMPUS] [INFO   ]     … 15/15 full fetch (batch 7 UID(s))
2026-04-29 20:22:43 [CAMPUS] [INFO   ]     … 15/15 full fetch (batch received, processing…)
2026-04-29 20:22:45 [CAMPUS] [INFO   ]     … 10/15 full fetch
2026-04-29 20:22:53 [CAMPUS] [INFO   ]     … 15/15 full fetch
2026-04-29 20:22:54 [CAMPUS] [INFO   ]   Pass 2 done — 15 full fetch(es) finished.
2026-04-29 20:22:55 [CAMPUS] [INFO   ] 
  [7/32 — 21.9%] > jain105sandeep@gmail.com
2026-04-29 20:22:55 [CAMPUS] [INFO   ]   Connecting to jain105sandeep@gmail.com …
2026-04-29 20:22:59 [CAMPUS] [INFO   ]   INBOX without 'PROCESSED-CAMPUS': 11 UID(s) (newer_than:30d or SINCE fallback)
2026-04-29 20:22:59 [CAMPUS] [INFO   ]   Pass 1: scanning headers of 11 email(s) (batch size 40)...
2026-04-29 20:22:59 [CAMPUS] [INFO   ]     … 11/11 headers
2026-04-29 20:23:00 [CAMPUS] [INFO   ]   Pass 1 done — full fetch for 11 UID(s); tagged NON-CAMPUS from headers: 0
2026-04-29 20:23:00 [CAMPUS] [INFO   ]   Pass 2: full body (BODY.PEEK[]) for 11 UID(s) (batch 8, progress every 5)…
2026-04-29 20:23:00 [CAMPUS] [INFO   ]     … 8/11 full fetch (batch 8 UID(s))
2026-04-29 20:23:01 [CAMPUS] [INFO   ]     … 8/11 full fetch (batch received, processing…)
2026-04-29 20:23:01 [CAMPUS] [INFO   ]     … 1/11 full fetch
2026-04-29 20:23:05 [CAMPUS] [INFO   ]     … 5/11 full fetch
2026-04-29 20:23:06 [CAMPUS] [INFO   ]   [BOUNCE->FAILURE] registrar@scholarship.canarabank.in
2026-04-29 20:23:09 [CAMPUS] [INFO   ]     … 11/11 full fetch (batch 3 UID(s))
2026-04-29 20:23:10 [CAMPUS] [INFO   ]     … 11/11 full fetch (batch received, processing…)
2026-04-29 20:23:11 [CAMPUS] [INFO   ]     … 10/11 full fetch
2026-04-29 20:23:12 [CAMPUS] [INFO   ]     … 11/11 full fetch
2026-04-29 20:23:13 [CAMPUS] [INFO   ]   Pass 2 done — 11 full fetch(es) finished.
2026-04-29 20:23:13 [CAMPUS] [INFO   ] 
  [8/32 — 25.0%] > jain107sandeep@gmail.com
2026-04-29 20:23:13 [CAMPUS] [INFO   ]   Connecting to jain107sandeep@gmail.com …
2026-04-29 20:23:18 [CAMPUS] [INFO   ]   INBOX without 'PROCESSED-CAMPUS': 11 UID(s) (newer_than:30d or SINCE fallback)
2026-04-29 20:23:18 [CAMPUS] [INFO   ]   Pass 1: scanning headers of 11 email(s) (batch size 40)...
2026-04-29 20:23:18 [CAMPUS] [INFO   ]     … 11/11 headers
2026-04-29 20:23:19 [CAMPUS] [INFO   ]   Pass 1 done — full fetch for 11 UID(s); tagged NON-CAMPUS from headers: 0
2026-04-29 20:23:19 [CAMPUS] [INFO   ]   Pass 2: full body (BODY.PEEK[]) for 11 UID(s) (batch 8, progress every 5)…
2026-04-29 20:23:19 [CAMPUS] [INFO   ]     … 8/11 full fetch (batch 8 UID(s))
2026-04-29 20:23:19 [CAMPUS] [INFO   ]     … 8/11 full fetch (batch received, processing…)
2026-04-29 20:23:19 [CAMPUS] [INFO   ]     … 1/11 full fetch
2026-04-29 20:23:23 [CAMPUS] [INFO   ]     … 5/11 full fetch
2026-04-29 20:23:27 [CAMPUS] [INFO   ]     … 11/11 full fetch (batch 3 UID(s))
2026-04-29 20:23:27 [CAMPUS] [INFO   ]     … 11/11 full fetch (batch received, processing…)
2026-04-29 20:23:28 [CAMPUS] [INFO   ]     … 10/11 full fetch
2026-04-29 20:23:29 [CAMPUS] [INFO   ]     … 11/11 full fetch
2026-04-29 20:23:30 [CAMPUS] [INFO   ]   Pass 2 done — 11 full fetch(es) finished.
2026-04-29 20:23:30 [CAMPUS] [INFO   ] 
  [9/32 — 28.1%] > sj7634811@gmail.com
2026-04-29 20:23:30 [CAMPUS] [INFO   ]   Connecting to sj7634811@gmail.com …
2026-04-29 20:23:36 [CAMPUS] [INFO   ]   INBOX without 'PROCESSED-CAMPUS': 12 UID(s) (newer_than:30d or SINCE fallback)
2026-04-29 20:23:36 [CAMPUS] [INFO   ]   Pass 1: scanning headers of 12 email(s) (batch size 40)...
2026-04-29 20:23:36 [CAMPUS] [INFO   ]     … 12/12 headers
2026-04-29 20:23:36 [CAMPUS] [INFO   ]   Pass 1 done — full fetch for 12 UID(s); tagged NON-CAMPUS from headers: 0
2026-04-29 20:23:36 [CAMPUS] [INFO   ]   Pass 2: full body (BODY.PEEK[]) for 12 UID(s) (batch 8, progress every 5)…
2026-04-29 20:23:36 [CAMPUS] [INFO   ]     … 8/12 full fetch (batch 8 UID(s))
2026-04-29 20:23:37 [CAMPUS] [INFO   ]     … 8/12 full fetch (batch received, processing…)
2026-04-29 20:23:37 [CAMPUS] [INFO   ]     … 1/12 full fetch
2026-04-29 20:23:43 [CAMPUS] [INFO   ]     … 5/12 full fetch
2026-04-29 20:23:50 [CAMPUS] [INFO   ]     … 12/12 full fetch (batch 4 UID(s))
2026-04-29 20:23:50 [CAMPUS] [INFO   ]     … 12/12 full fetch (batch received, processing…)
2026-04-29 20:23:52 [CAMPUS] [INFO   ]     … 10/12 full fetch
2026-04-29 20:23:54 [CAMPUS] [INFO   ]     … 12/12 full fetch
2026-04-29 20:23:56 [CAMPUS] [INFO   ]   Pass 2 done — 12 full fetch(es) finished.
2026-04-29 20:23:56 [CAMPUS] [INFO   ] 
  [10/32 — 31.2%] > jain115sandeep@gmail.com
2026-04-29 20:23:56 [CAMPUS] [INFO   ]   Connecting to jain115sandeep@gmail.com …
2026-04-29 20:24:04 [CAMPUS] [INFO   ]   INBOX without 'PROCESSED-CAMPUS': 5 UID(s) (newer_than:30d or SINCE fallback)
2026-04-29 20:24:04 [CAMPUS] [INFO   ]   Pass 1: scanning headers of 5 email(s) (batch size 40)...
2026-04-29 20:24:04 [CAMPUS] [INFO   ]     … 5/5 headers
2026-04-29 20:24:04 [CAMPUS] [INFO   ]   Pass 1 done — full fetch for 5 UID(s); tagged NON-CAMPUS from headers: 0
2026-04-29 20:24:04 [CAMPUS] [INFO   ]   Pass 2: full body (BODY.PEEK[]) for 5 UID(s) (batch 8, progress every 5)…
2026-04-29 20:24:04 [CAMPUS] [INFO   ]     … 5/5 full fetch (batch 5 UID(s))
2026-04-29 20:24:05 [CAMPUS] [INFO   ]     … 5/5 full fetch (batch received, processing…)
2026-04-29 20:24:05 [CAMPUS] [INFO   ]     … 1/5 full fetch
2026-04-29 20:24:11 [CAMPUS] [INFO   ]     … 5/5 full fetch
2026-04-29 20:24:12 [CAMPUS] [INFO   ]   Pass 2 done — 5 full fetch(es) finished.
2026-04-29 20:24:12 [CAMPUS] [INFO   ] 
  [11/32 — 34.4%] > jain200sandeep@gmail.com
2026-04-29 20:24:12 [CAMPUS] [INFO   ]   Connecting to jain200sandeep@gmail.com …
2026-04-29 20:24:17 [CAMPUS] [INFO   ]   INBOX without 'PROCESSED-CAMPUS': 4 UID(s) (newer_than:30d or SINCE fallback)
2026-04-29 20:24:17 [CAMPUS] [INFO   ]   Pass 1: scanning headers of 4 email(s) (batch size 40)...
2026-04-29 20:24:17 [CAMPUS] [INFO   ]     … 4/4 headers
2026-04-29 20:24:17 [CAMPUS] [INFO   ]   Pass 1 done — full fetch for 4 UID(s); tagged NON-CAMPUS from headers: 0
2026-04-29 20:24:17 [CAMPUS] [INFO   ]   Pass 2: full body (BODY.PEEK[]) for 4 UID(s) (batch 8, progress every 5)…
2026-04-29 20:24:17 [CAMPUS] [INFO   ]     … 4/4 full fetch (batch 4 UID(s))
2026-04-29 20:24:18 [CAMPUS] [INFO   ]     … 4/4 full fetch (batch received, processing…)
2026-04-29 20:24:18 [CAMPUS] [INFO   ]     … 1/4 full fetch
2026-04-29 20:24:21 [CAMPUS] [INFO   ]     … 4/4 full fetch
2026-04-29 20:24:22 [CAMPUS] [INFO   ]   Pass 2 done — 4 full fetch(es) finished.
2026-04-29 20:24:22 [CAMPUS] [INFO   ] 
  [12/32 — 37.5%] > jain201sandeep@gmail.com
2026-04-29 20:24:22 [CAMPUS] [INFO   ]   Connecting to jain201sandeep@gmail.com …
2026-04-29 20:24:27 [CAMPUS] [INFO   ]   INBOX without 'PROCESSED-CAMPUS': 9 UID(s) (newer_than:30d or SINCE fallback)
2026-04-29 20:24:27 [CAMPUS] [INFO   ]   Pass 1: scanning headers of 9 email(s) (batch size 40)...
2026-04-29 20:24:27 [CAMPUS] [INFO   ]     … 9/9 headers
2026-04-29 20:24:28 [CAMPUS] [INFO   ]   Pass 1 done — full fetch for 8 UID(s); tagged NON-CAMPUS from headers: 1
2026-04-29 20:24:28 [CAMPUS] [INFO   ]   Pass 2: full body (BODY.PEEK[]) for 8 UID(s) (batch 8, progress every 5)…
2026-04-29 20:24:28 [CAMPUS] [INFO   ]     … 8/8 full fetch (batch 8 UID(s))
2026-04-29 20:24:29 [CAMPUS] [INFO   ]     … 8/8 full fetch (batch received, processing…)
2026-04-29 20:24:29 [CAMPUS] [INFO   ]     … 1/8 full fetch
2026-04-29 20:24:29 [CAMPUS] [INFO   ]   [BOUNCE->FAILURE] registrar@bfuhs.ac.in
2026-04-29 20:24:30 [CAMPUS] [INFO   ]   [BOUNCE->FAILURE] placements@cau.ac.in
2026-04-29 20:24:34 [CAMPUS] [INFO   ]     … 5/8 full fetch
2026-04-29 20:24:37 [CAMPUS] [INFO   ]     … 8/8 full fetch
2026-04-29 20:24:39 [CAMPUS] [INFO   ]   Pass 2 done — 8 full fetch(es) finished.
2026-04-29 20:24:39 [CAMPUS] [INFO   ] 
  [13/32 — 40.6%] > jain202sandeep@gmail.com
2026-04-29 20:24:39 [CAMPUS] [INFO   ]   Connecting to jain202sandeep@gmail.com …
2026-04-29 20:24:43 [CAMPUS] [INFO   ]   INBOX without 'PROCESSED-CAMPUS': 9 UID(s) (newer_than:30d or SINCE fallback)
2026-04-29 20:24:43 [CAMPUS] [INFO   ]   Pass 1: scanning headers of 9 email(s) (batch size 40)...
2026-04-29 20:24:43 [CAMPUS] [INFO   ]     … 9/9 headers
2026-04-29 20:24:43 [CAMPUS] [INFO   ]   Pass 1 done — full fetch for 9 UID(s); tagged NON-CAMPUS from headers: 0
2026-04-29 20:24:43 [CAMPUS] [INFO   ]   Pass 2: full body (BODY.PEEK[]) for 9 UID(s) (batch 8, progress every 5)…
2026-04-29 20:24:43 [CAMPUS] [INFO   ]     … 8/9 full fetch (batch 8 UID(s))
2026-04-29 20:24:44 [CAMPUS] [INFO   ]     … 8/9 full fetch (batch received, processing…)
2026-04-29 20:24:44 [CAMPUS] [INFO   ]     … 1/9 full fetch
2026-04-29 20:24:44 [CAMPUS] [INFO   ]   [BOUNCE->FAILURE] registrar@brau.edu.in
2026-04-29 20:24:48 [CAMPUS] [INFO   ]     … 5/9 full fetch
2026-04-29 20:24:52 [CAMPUS] [INFO   ]     … 9/9 full fetch (batch 1 UID(s))
2026-04-29 20:24:52 [CAMPUS] [INFO   ]     … 9/9 full fetch (batch received, processing…)
2026-04-29 20:24:52 [CAMPUS] [INFO   ]     … 9/9 full fetch
2026-04-29 20:24:53 [CAMPUS] [INFO   ]   Pass 2 done — 9 full fetch(es) finished.
2026-04-29 20:24:53 [CAMPUS] [INFO   ] 
  [14/32 — 43.8%] > jain203sandeep@gmail.com
2026-04-29 20:24:53 [CAMPUS] [INFO   ]   Connecting to jain203sandeep@gmail.com …
2026-04-29 20:24:59 [CAMPUS] [INFO   ]   INBOX without 'PROCESSED-CAMPUS': 11 UID(s) (newer_than:30d or SINCE fallback)
2026-04-29 20:24:59 [CAMPUS] [INFO   ]   Pass 1: scanning headers of 11 email(s) (batch size 40)...
2026-04-29 20:24:59 [CAMPUS] [INFO   ]     … 11/11 headers
2026-04-29 20:25:00 [CAMPUS] [INFO   ]   Pass 1 done — full fetch for 11 UID(s); tagged NON-CAMPUS from headers: 0
2026-04-29 20:25:00 [CAMPUS] [INFO   ]   Pass 2: full body (BODY.PEEK[]) for 11 UID(s) (batch 8, progress every 5)…
2026-04-29 20:25:00 [CAMPUS] [INFO   ]     … 8/11 full fetch (batch 8 UID(s))
2026-04-29 20:25:01 [CAMPUS] [INFO   ]     … 8/11 full fetch (batch received, processing…)
2026-04-29 20:25:01 [CAMPUS] [INFO   ]     … 1/11 full fetch
2026-04-29 20:25:01 [CAMPUS] [INFO   ]   [BOUNCE->FAILURE] registrar@b-u.ac.in
2026-04-29 20:25:03 [CAMPUS] [INFO   ]   [BOUNCE->FAILURE] placement@rmtmusicandartsuniversity.com
2026-04-29 20:25:06 [CAMPUS] [INFO   ]     … 5/11 full fetch
2026-04-29 20:25:10 [CAMPUS] [INFO   ]   [BOUNCE->FAILURE] placement@beu-bih.ac.in
2026-04-29 20:25:12 [CAMPUS] [INFO   ]     … 11/11 full fetch (batch 3 UID(s))
2026-04-29 20:25:12 [CAMPUS] [INFO   ]     … 11/11 full fetch (batch received, processing…)
2026-04-29 20:25:14 [CAMPUS] [INFO   ]     … 10/11 full fetch
2026-04-29 20:25:15 [CAMPUS] [INFO   ]     … 11/11 full fetch
2026-04-29 20:25:17 [CAMPUS] [INFO   ]   Pass 2 done — 11 full fetch(es) finished.
2026-04-29 20:25:17 [CAMPUS] [INFO   ] 
  [15/32 — 46.9%] > jain204sandeep@gmail.com
2026-04-29 20:25:17 [CAMPUS] [INFO   ]   Connecting to jain204sandeep@gmail.com …
2026-04-29 20:25:24 [CAMPUS] [INFO   ]   INBOX without 'PROCESSED-CAMPUS': 5 UID(s) (newer_than:30d or SINCE fallback)
2026-04-29 20:25:24 [CAMPUS] [INFO   ]   Pass 1: scanning headers of 5 email(s) (batch size 40)...
2026-04-29 20:25:24 [CAMPUS] [INFO   ]     … 5/5 headers
2026-04-29 20:25:25 [CAMPUS] [INFO   ]   Pass 1 done — full fetch for 5 UID(s); tagged NON-CAMPUS from headers: 0
2026-04-29 20:25:25 [CAMPUS] [INFO   ]   Pass 2: full body (BODY.PEEK[]) for 5 UID(s) (batch 8, progress every 5)…
2026-04-29 20:25:25 [CAMPUS] [INFO   ]     … 5/5 full fetch (batch 5 UID(s))
2026-04-29 20:25:27 [CAMPUS] [INFO   ]     … 5/5 full fetch (batch received, processing…)
2026-04-29 20:25:27 [CAMPUS] [INFO   ]     … 1/5 full fetch
2026-04-29 20:25:27 [CAMPUS] [INFO   ]   [BOUNCE->FAILURE] placement@rrgu.org
2026-04-29 20:25:33 [CAMPUS] [INFO   ]     … 5/5 full fetch
2026-04-29 20:25:35 [CAMPUS] [INFO   ]   Pass 2 done — 5 full fetch(es) finished.
2026-04-29 20:25:36 [CAMPUS] [INFO   ] 
  [16/32 — 50.0%] > jain205sandeep@gmail.com
2026-04-29 20:25:36 [CAMPUS] [INFO   ]   Connecting to jain205sandeep@gmail.com …
2026-04-29 20:25:41 [CAMPUS] [INFO   ]   INBOX without 'PROCESSED-CAMPUS': 4 UID(s) (newer_than:30d or SINCE fallback)
2026-04-29 20:25:41 [CAMPUS] [INFO   ]   Pass 1: scanning headers of 4 email(s) (batch size 40)...
2026-04-29 20:25:41 [CAMPUS] [INFO   ]     … 4/4 headers
2026-04-29 20:25:41 [CAMPUS] [INFO   ]   Pass 1 done — full fetch for 4 UID(s); tagged NON-CAMPUS from headers: 0
2026-04-29 20:25:41 [CAMPUS] [INFO   ]   Pass 2: full body (BODY.PEEK[]) for 4 UID(s) (batch 8, progress every 5)…
2026-04-29 20:25:41 [CAMPUS] [INFO   ]     … 4/4 full fetch (batch 4 UID(s))
2026-04-29 20:25:42 [CAMPUS] [INFO   ]     … 4/4 full fetch (batch received, processing…)
2026-04-29 20:25:42 [CAMPUS] [INFO   ]     … 1/4 full fetch
2026-04-29 20:25:42 [CAMPUS] [INFO   ]   [BOUNCE->FAILURE] registrar@crsujind.org
2026-04-29 20:25:44 [CAMPUS] [INFO   ]     … 4/4 full fetch
2026-04-29 20:25:45 [CAMPUS] [INFO   ]   Pass 2 done — 4 full fetch(es) finished.
2026-04-29 20:25:46 [CAMPUS] [INFO   ] 
  [17/32 — 53.1%] > jain206sandeep@gmail.com
2026-04-29 20:25:46 [CAMPUS] [INFO   ]   Connecting to jain206sandeep@gmail.com …
2026-04-29 20:25:51 [CAMPUS] [INFO   ]   INBOX without 'PROCESSED-CAMPUS': 6 UID(s) (newer_than:30d or SINCE fallback)
2026-04-29 20:25:51 [CAMPUS] [INFO   ]   Pass 1: scanning headers of 6 email(s) (batch size 40)...
2026-04-29 20:25:51 [CAMPUS] [INFO   ]     … 6/6 headers
2026-04-29 20:25:53 [CAMPUS] [INFO   ]   Pass 1 done — full fetch for 5 UID(s); tagged NON-CAMPUS from headers: 1
2026-04-29 20:25:53 [CAMPUS] [INFO   ]   Pass 2: full body (BODY.PEEK[]) for 5 UID(s) (batch 8, progress every 5)…
2026-04-29 20:25:53 [CAMPUS] [INFO   ]     … 5/5 full fetch (batch 5 UID(s))
2026-04-29 20:25:54 [CAMPUS] [INFO   ]     … 5/5 full fetch (batch received, processing…)
2026-04-29 20:25:54 [CAMPUS] [INFO   ]     … 1/5 full fetch
2026-04-29 20:25:54 [CAMPUS] [INFO   ]   [BOUNCE->FAILURE] registrar@csauk.ac.in
2026-04-29 20:25:59 [CAMPUS] [INFO   ]     … 5/5 full fetch
2026-04-29 20:26:00 [CAMPUS] [INFO   ]   Pass 2 done — 5 full fetch(es) finished.
2026-04-29 20:26:00 [CAMPUS] [INFO   ] 
  [18/32 — 56.2%] > jain207sandeep@gmail.com
2026-04-29 20:26:00 [CAMPUS] [INFO   ]   Connecting to jain207sandeep@gmail.com …
2026-04-29 20:26:05 [CAMPUS] [INFO   ]   INBOX without 'PROCESSED-CAMPUS': 6 UID(s) (newer_than:30d or SINCE fallback)
2026-04-29 20:26:05 [CAMPUS] [INFO   ]   Pass 1: scanning headers of 6 email(s) (batch size 40)...
2026-04-29 20:26:05 [CAMPUS] [INFO   ]     … 6/6 headers
2026-04-29 20:26:06 [CAMPUS] [INFO   ]   Pass 1 done — full fetch for 6 UID(s); tagged NON-CAMPUS from headers: 0
2026-04-29 20:26:06 [CAMPUS] [INFO   ]   Pass 2: full body (BODY.PEEK[]) for 6 UID(s) (batch 8, progress every 5)…
2026-04-29 20:26:06 [CAMPUS] [INFO   ]     … 6/6 full fetch (batch 6 UID(s))
2026-04-29 20:26:06 [CAMPUS] [INFO   ]     … 6/6 full fetch (batch received, processing…)
2026-04-29 20:26:06 [CAMPUS] [INFO   ]     … 1/6 full fetch
2026-04-29 20:26:11 [CAMPUS] [INFO   ]     … 5/6 full fetch
2026-04-29 20:26:12 [CAMPUS] [INFO   ]     … 6/6 full fetch
2026-04-29 20:26:13 [CAMPUS] [INFO   ]   Pass 2 done — 6 full fetch(es) finished.
2026-04-29 20:26:13 [CAMPUS] [INFO   ] 
  [19/32 — 59.4%] > jain208sandeep@gmail.com
2026-04-29 20:26:13 [CAMPUS] [INFO   ]   Connecting to jain208sandeep@gmail.com …
2026-04-29 20:26:19 [CAMPUS] [INFO   ]   INBOX without 'PROCESSED-CAMPUS': 8 UID(s) (newer_than:30d or SINCE fallback)
2026-04-29 20:26:19 [CAMPUS] [INFO   ]   Pass 1: scanning headers of 8 email(s) (batch size 40)...
2026-04-29 20:26:19 [CAMPUS] [INFO   ]     … 8/8 headers
2026-04-29 20:26:21 [CAMPUS] [INFO   ]   Pass 1 done — full fetch for 7 UID(s); tagged NON-CAMPUS from headers: 1
2026-04-29 20:26:21 [CAMPUS] [INFO   ]   Pass 2: full body (BODY.PEEK[]) for 7 UID(s) (batch 8, progress every 5)…
2026-04-29 20:26:21 [CAMPUS] [INFO   ]     … 7/7 full fetch (batch 7 UID(s))
2026-04-29 20:26:22 [CAMPUS] [INFO   ]     … 7/7 full fetch (batch received, processing…)
2026-04-29 20:26:22 [CAMPUS] [INFO   ]     … 1/7 full fetch
2026-04-29 20:26:22 [CAMPUS] [INFO   ]   [BOUNCE->FAILURE] registrar@dauniv.ac.in
2026-04-29 20:26:28 [CAMPUS] [INFO   ]     … 5/7 full fetch
2026-04-29 20:26:31 [CAMPUS] [INFO   ]     … 7/7 full fetch
2026-04-29 20:26:32 [CAMPUS] [INFO   ]   Pass 2 done — 7 full fetch(es) finished.
2026-04-29 20:26:33 [CAMPUS] [INFO   ] 
  [20/32 — 62.5%] > jain1001sandeep@gmail.com
2026-04-29 20:26:33 [CAMPUS] [INFO   ]   Connecting to jain1001sandeep@gmail.com …
2026-04-29 20:26:37 [CAMPUS] [INFO   ]   INBOX without 'PROCESSED-CAMPUS': 7 UID(s) (newer_than:30d or SINCE fallback)
2026-04-29 20:26:37 [CAMPUS] [INFO   ]   Pass 1: scanning headers of 7 email(s) (batch size 40)...
2026-04-29 20:26:37 [CAMPUS] [INFO   ]     … 7/7 headers
2026-04-29 20:26:38 [CAMPUS] [INFO   ]   Pass 1 done — full fetch for 6 UID(s); tagged NON-CAMPUS from headers: 1
2026-04-29 20:26:38 [CAMPUS] [INFO   ]   Pass 2: full body (BODY.PEEK[]) for 6 UID(s) (batch 8, progress every 5)…
2026-04-29 20:26:38 [CAMPUS] [INFO   ]     … 6/6 full fetch (batch 6 UID(s))
2026-04-29 20:26:39 [CAMPUS] [INFO   ]     … 6/6 full fetch (batch received, processing…)
2026-04-29 20:26:39 [CAMPUS] [INFO   ]     … 1/6 full fetch
2026-04-29 20:26:39 [CAMPUS] [INFO   ]   [BOUNCE->FAILURE] placement@su.digitaluniversity.ac
2026-04-29 20:26:44 [CAMPUS] [INFO   ]     … 5/6 full fetch
2026-04-29 20:26:45 [CAMPUS] [INFO   ]     … 6/6 full fetch
2026-04-29 20:26:46 [CAMPUS] [INFO   ]   Pass 2 done — 6 full fetch(es) finished.
2026-04-29 20:26:47 [CAMPUS] [INFO   ] 
  [21/32 — 65.6%] > jain1002sandeep@gmail.com
2026-04-29 20:26:47 [CAMPUS] [INFO   ]   Connecting to jain1002sandeep@gmail.com …
2026-04-29 20:26:51 [CAMPUS] [INFO   ]   INBOX without 'PROCESSED-CAMPUS': 62 UID(s) (newer_than:30d or SINCE fallback)
2026-04-29 20:26:51 [CAMPUS] [INFO   ]   Pass 1: scanning headers of 62 email(s) (batch size 40)...
2026-04-29 20:26:51 [CAMPUS] [INFO   ]     … 40/62 headers
2026-04-29 20:27:38 [CAMPUS] [INFO   ]     … 62/62 headers
2026-04-29 20:27:59 [CAMPUS] [INFO   ]   Pass 1 done — full fetch for 5 UID(s); tagged NON-CAMPUS from headers: 57
2026-04-29 20:27:59 [CAMPUS] [INFO   ]   Pass 2: full body (BODY.PEEK[]) for 5 UID(s) (batch 8, progress every 5)…
2026-04-29 20:27:59 [CAMPUS] [INFO   ]     … 5/5 full fetch (batch 5 UID(s))
2026-04-29 20:28:00 [CAMPUS] [INFO   ]     … 5/5 full fetch (batch received, processing…)
2026-04-29 20:28:00 [CAMPUS] [INFO   ]     … 1/5 full fetch
2026-04-29 20:28:05 [CAMPUS] [INFO   ]     … 5/5 full fetch
2026-04-29 20:28:06 [CAMPUS] [INFO   ]   Pass 2 done — 5 full fetch(es) finished.
2026-04-29 20:28:06 [CAMPUS] [INFO   ] 
  [22/32 — 68.8%] > jain1003sandeep@gmail.com
2026-04-29 20:28:06 [CAMPUS] [INFO   ]   Connecting to jain1003sandeep@gmail.com …
2026-04-29 20:28:11 [CAMPUS] [INFO   ]   INBOX without 'PROCESSED-CAMPUS': 10 UID(s) (newer_than:30d or SINCE fallback)
2026-04-29 20:28:11 [CAMPUS] [INFO   ]   Pass 1: scanning headers of 10 email(s) (batch size 40)...
2026-04-29 20:28:11 [CAMPUS] [INFO   ]     … 10/10 headers
2026-04-29 20:28:15 [CAMPUS] [INFO   ]   Pass 1 done — full fetch for 6 UID(s); tagged NON-CAMPUS from headers: 4
2026-04-29 20:28:15 [CAMPUS] [INFO   ]   Pass 2: full body (BODY.PEEK[]) for 6 UID(s) (batch 8, progress every 5)…
2026-04-29 20:28:15 [CAMPUS] [INFO   ]     … 6/6 full fetch (batch 6 UID(s))
2026-04-29 20:28:16 [CAMPUS] [INFO   ]     … 6/6 full fetch (batch received, processing…)
2026-04-29 20:28:16 [CAMPUS] [INFO   ]     … 1/6 full fetch
2026-04-29 20:28:21 [CAMPUS] [INFO   ]     … 5/6 full fetch
2026-04-29 20:28:22 [CAMPUS] [INFO   ]     … 6/6 full fetch
2026-04-29 20:28:23 [CAMPUS] [INFO   ]   Pass 2 done — 6 full fetch(es) finished.
2026-04-29 20:28:23 [CAMPUS] [INFO   ] 
  [23/32 — 71.9%] > jain1004sandeep@gmail.com
2026-04-29 20:28:23 [CAMPUS] [INFO   ]   Connecting to jain1004sandeep@gmail.com …
2026-04-29 20:28:28 [CAMPUS] [INFO   ]   INBOX without 'PROCESSED-CAMPUS': 8 UID(s) (newer_than:30d or SINCE fallback)
2026-04-29 20:28:28 [CAMPUS] [INFO   ]   Pass 1: scanning headers of 8 email(s) (batch size 40)...
2026-04-29 20:28:28 [CAMPUS] [INFO   ]     … 8/8 headers
2026-04-29 20:28:31 [CAMPUS] [INFO   ]   Pass 1 done — full fetch for 5 UID(s); tagged NON-CAMPUS from headers: 3
2026-04-29 20:28:31 [CAMPUS] [INFO   ]   Pass 2: full body (BODY.PEEK[]) for 5 UID(s) (batch 8, progress every 5)…
2026-04-29 20:28:31 [CAMPUS] [INFO   ]     … 5/5 full fetch (batch 5 UID(s))
2026-04-29 20:28:31 [CAMPUS] [INFO   ]     … 5/5 full fetch (batch received, processing…)
2026-04-29 20:28:31 [CAMPUS] [INFO   ]     … 1/5 full fetch
2026-04-29 20:28:35 [CAMPUS] [INFO   ]     … 5/5 full fetch
2026-04-29 20:28:36 [CAMPUS] [INFO   ]   Pass 2 done — 5 full fetch(es) finished.
2026-04-29 20:28:36 [CAMPUS] [INFO   ] 
  [25/32 — 78.1%] > jain104sandeep@gmail.com
2026-04-29 20:28:36 [CAMPUS] [INFO   ]   Connecting to jain104sandeep@gmail.com …
2026-04-29 20:28:41 [CAMPUS] [INFO   ]   INBOX without 'PROCESSED-CAMPUS': 5 UID(s) (newer_than:30d or SINCE fallback)
2026-04-29 20:28:41 [CAMPUS] [INFO   ]   Pass 1: scanning headers of 5 email(s) (batch size 40)...
2026-04-29 20:28:41 [CAMPUS] [INFO   ]     … 5/5 headers
2026-04-29 20:28:41 [CAMPUS] [INFO   ]   Pass 1 done — full fetch for 5 UID(s); tagged NON-CAMPUS from headers: 0
2026-04-29 20:28:41 [CAMPUS] [INFO   ]   Pass 2: full body (BODY.PEEK[]) for 5 UID(s) (batch 8, progress every 5)…
2026-04-29 20:28:41 [CAMPUS] [INFO   ]     … 5/5 full fetch (batch 5 UID(s))
2026-04-29 20:28:42 [CAMPUS] [INFO   ]     … 5/5 full fetch (batch received, processing…)
2026-04-29 20:28:42 [CAMPUS] [INFO   ]     … 1/5 full fetch
2026-04-29 20:28:42 [CAMPUS] [INFO   ]   [BOUNCE->FAILURE] placement@bpsmv.digitaluniversity.ac
2026-04-29 20:28:47 [CAMPUS] [INFO   ]     … 5/5 full fetch
2026-04-29 20:28:48 [CAMPUS] [INFO   ]   Pass 2 done — 5 full fetch(es) finished.
2026-04-29 20:28:48 [CAMPUS] [INFO   ] 
  [26/32 — 81.2%] > jain214sandeep@gmail.com
2026-04-29 20:28:48 [CAMPUS] [INFO   ]   Connecting to jain214sandeep@gmail.com …
2026-04-29 20:28:55 [CAMPUS] [INFO   ]   INBOX without 'PROCESSED-CAMPUS': 4 UID(s) (newer_than:30d or SINCE fallback)
2026-04-29 20:28:55 [CAMPUS] [INFO   ]   Pass 1: scanning headers of 4 email(s) (batch size 40)...
2026-04-29 20:28:55 [CAMPUS] [INFO   ]     … 4/4 headers
2026-04-29 20:28:55 [CAMPUS] [INFO   ]   Pass 1 done — full fetch for 4 UID(s); tagged NON-CAMPUS from headers: 0
2026-04-29 20:28:55 [CAMPUS] [INFO   ]   Pass 2: full body (BODY.PEEK[]) for 4 UID(s) (batch 8, progress every 5)…
2026-04-29 20:28:55 [CAMPUS] [INFO   ]     … 4/4 full fetch (batch 4 UID(s))
2026-04-29 20:28:56 [CAMPUS] [INFO   ]     … 4/4 full fetch (batch received, processing…)
2026-04-29 20:28:56 [CAMPUS] [INFO   ]     … 1/4 full fetch
2026-04-29 20:29:00 [CAMPUS] [INFO   ]     … 4/4 full fetch
2026-04-29 20:29:02 [CAMPUS] [INFO   ]   Pass 2 done — 4 full fetch(es) finished.
2026-04-29 20:29:02 [CAMPUS] [INFO   ] 
  [27/32 — 84.4%] > jain215sandeep@gmail.com
2026-04-29 20:29:02 [CAMPUS] [INFO   ]   Connecting to jain215sandeep@gmail.com …
2026-04-29 20:29:08 [CAMPUS] [INFO   ]   INBOX without 'PROCESSED-CAMPUS': 6 UID(s) (newer_than:30d or SINCE fallback)
2026-04-29 20:29:08 [CAMPUS] [INFO   ]   Pass 1: scanning headers of 6 email(s) (batch size 40)...
2026-04-29 20:29:08 [CAMPUS] [INFO   ]     … 6/6 headers
2026-04-29 20:29:08 [CAMPUS] [INFO   ]   Pass 1 done — full fetch for 6 UID(s); tagged NON-CAMPUS from headers: 0
2026-04-29 20:29:08 [CAMPUS] [INFO   ]   Pass 2: full body (BODY.PEEK[]) for 6 UID(s) (batch 8, progress every 5)…
2026-04-29 20:29:08 [CAMPUS] [INFO   ]     … 6/6 full fetch (batch 6 UID(s))
2026-04-29 20:29:09 [CAMPUS] [INFO   ]     … 6/6 full fetch (batch received, processing…)
2026-04-29 20:29:09 [CAMPUS] [INFO   ]     … 1/6 full fetch
2026-04-29 20:29:09 [CAMPUS] [INFO   ]   [BOUNCE->FAILURE] placement@buhs.ac.in
2026-04-29 20:29:16 [CAMPUS] [INFO   ]     … 5/6 full fetch
2026-04-29 20:29:18 [CAMPUS] [INFO   ]     … 6/6 full fetch
2026-04-29 20:29:19 [CAMPUS] [INFO   ]   Pass 2 done — 6 full fetch(es) finished.
2026-04-29 20:29:20 [CAMPUS] [INFO   ] 
  [28/32 — 87.5%] > jain216sandeep@gmail.com
2026-04-29 20:29:20 [CAMPUS] [INFO   ]   Connecting to jain216sandeep@gmail.com …
2026-04-29 20:29:26 [CAMPUS] [INFO   ]   INBOX without 'PROCESSED-CAMPUS': 3 UID(s) (newer_than:30d or SINCE fallback)
2026-04-29 20:29:26 [CAMPUS] [INFO   ]   Pass 1: scanning headers of 3 email(s) (batch size 40)...
2026-04-29 20:29:26 [CAMPUS] [INFO   ]     … 3/3 headers
2026-04-29 20:29:27 [CAMPUS] [INFO   ]   Pass 1 done — full fetch for 3 UID(s); tagged NON-CAMPUS from headers: 0
2026-04-29 20:29:27 [CAMPUS] [INFO   ]   Pass 2: full body (BODY.PEEK[]) for 3 UID(s) (batch 8, progress every 5)…
2026-04-29 20:29:27 [CAMPUS] [INFO   ]     … 3/3 full fetch (batch 3 UID(s))
2026-04-29 20:29:27 [CAMPUS] [INFO   ]     … 3/3 full fetch (batch received, processing…)
2026-04-29 20:29:27 [CAMPUS] [INFO   ]     … 1/3 full fetch
2026-04-29 20:29:30 [CAMPUS] [INFO   ]     … 3/3 full fetch
2026-04-29 20:29:31 [CAMPUS] [INFO   ]   Pass 2 done — 3 full fetch(es) finished.
2026-04-29 20:29:31 [CAMPUS] [INFO   ] 
  [29/32 — 90.6%] > jainsandeep729@gmail.com
2026-04-29 20:29:31 [CAMPUS] [INFO   ]   Connecting to jainsandeep729@gmail.com …
2026-04-29 20:29:36 [CAMPUS] [INFO   ]   INBOX without 'PROCESSED-CAMPUS': 64 UID(s) (newer_than:30d or SINCE fallback)
2026-04-29 20:29:36 [CAMPUS] [INFO   ]   Pass 1: scanning headers of 64 email(s) (batch size 40)...
2026-04-29 20:29:36 [CAMPUS] [INFO   ]     … 40/64 headers
2026-04-29 20:30:14 [CAMPUS] [INFO   ]     … 64/64 headers
2026-04-29 20:30:38 [CAMPUS] [INFO   ]   Pass 1 done — full fetch for 5 UID(s); tagged NON-CAMPUS from headers: 59
2026-04-29 20:30:38 [CAMPUS] [INFO   ]   Pass 2: full body (BODY.PEEK[]) for 5 UID(s) (batch 8, progress every 5)…
2026-04-29 20:30:38 [CAMPUS] [INFO   ]     … 5/5 full fetch (batch 5 UID(s))
2026-04-29 20:30:39 [CAMPUS] [INFO   ]     … 5/5 full fetch (batch received, processing…)
2026-04-29 20:30:39 [CAMPUS] [INFO   ]     … 1/5 full fetch
2026-04-29 20:30:39 [CAMPUS] [INFO   ]   [BOUNCE->FAILURE] placement@cdlu.digitaluniversity.ac
2026-04-29 20:30:43 [CAMPUS] [INFO   ]     … 5/5 full fetch
2026-04-29 20:30:44 [CAMPUS] [INFO   ]   Pass 2 done — 5 full fetch(es) finished.
2026-04-29 20:30:45 [CAMPUS] [INFO   ] 
  [30/32 — 93.8%] > mandify1@gmail.com
2026-04-29 20:30:45 [CAMPUS] [INFO   ]   Connecting to mandify1@gmail.com …
2026-04-29 20:30:50 [CAMPUS] [INFO   ]   INBOX without 'PROCESSED-CAMPUS': 5 UID(s) (newer_than:30d or SINCE fallback)
2026-04-29 20:30:50 [CAMPUS] [INFO   ]   Pass 1: scanning headers of 5 email(s) (batch size 40)...
2026-04-29 20:30:50 [CAMPUS] [INFO   ]     … 5/5 headers
2026-04-29 20:30:51 [CAMPUS] [INFO   ]   Pass 1 done — full fetch for 5 UID(s); tagged NON-CAMPUS from headers: 0
2026-04-29 20:30:51 [CAMPUS] [INFO   ]   Pass 2: full body (BODY.PEEK[]) for 5 UID(s) (batch 8, progress every 5)…
2026-04-29 20:30:51 [CAMPUS] [INFO   ]     … 5/5 full fetch (batch 5 UID(s))
2026-04-29 20:30:52 [CAMPUS] [INFO   ]     … 5/5 full fetch (batch received, processing…)
2026-04-29 20:30:52 [CAMPUS] [INFO   ]     … 1/5 full fetch
2026-04-29 20:30:59 [CAMPUS] [INFO   ]     … 5/5 full fetch
2026-04-29 20:31:00 [CAMPUS] [INFO   ]   Pass 2 done — 5 full fetch(es) finished.
2026-04-29 20:31:01 [CAMPUS] [INFO   ] 
  [31/32 — 96.9%] > mandify2@gmail.com
2026-04-29 20:31:01 [CAMPUS] [INFO   ]   Connecting to mandify2@gmail.com …
2026-04-29 20:31:05 [CAMPUS] [INFO   ]   INBOX without 'PROCESSED-CAMPUS': 5 UID(s) (newer_than:30d or SINCE fallback)
2026-04-29 20:31:05 [CAMPUS] [INFO   ]   Pass 1: scanning headers of 5 email(s) (batch size 40)...
2026-04-29 20:31:05 [CAMPUS] [INFO   ]     … 5/5 headers
2026-04-29 20:31:06 [CAMPUS] [INFO   ]   Pass 1 done — full fetch for 5 UID(s); tagged NON-CAMPUS from headers: 0
2026-04-29 20:31:06 [CAMPUS] [INFO   ]   Pass 2: full body (BODY.PEEK[]) for 5 UID(s) (batch 8, progress every 5)…
2026-04-29 20:31:06 [CAMPUS] [INFO   ]     … 5/5 full fetch (batch 5 UID(s))
2026-04-29 20:31:07 [CAMPUS] [INFO   ]     … 5/5 full fetch (batch received, processing…)
2026-04-29 20:31:07 [CAMPUS] [INFO   ]     … 1/5 full fetch
2026-04-29 20:31:07 [CAMPUS] [INFO   ]   [BOUNCE->FAILURE] placement@ayurveduniversity.edu.in
2026-04-29 20:31:11 [CAMPUS] [INFO   ]     … 5/5 full fetch
2026-04-29 20:31:12 [CAMPUS] [INFO   ]   Pass 2 done — 5 full fetch(es) finished.
2026-04-29 20:31:12 [CAMPUS] [INFO   ] 
  [32/32 — 100.0%] > sj5739255@gmail.com
2026-04-29 20:31:12 [CAMPUS] [INFO   ]   Connecting to sj5739255@gmail.com …
2026-04-29 20:31:18 [CAMPUS] [INFO   ]   INBOX without 'PROCESSED-CAMPUS': 4 UID(s) (newer_than:30d or SINCE fallback)
2026-04-29 20:31:18 [CAMPUS] [INFO   ]   Pass 1: scanning headers of 4 email(s) (batch size 40)...
2026-04-29 20:31:18 [CAMPUS] [INFO   ]     … 4/4 headers
2026-04-29 20:31:19 [CAMPUS] [INFO   ]   Pass 1 done — full fetch for 4 UID(s); tagged NON-CAMPUS from headers: 0
2026-04-29 20:31:19 [CAMPUS] [INFO   ]   Pass 2: full body (BODY.PEEK[]) for 4 UID(s) (batch 8, progress every 5)…
2026-04-29 20:31:19 [CAMPUS] [INFO   ]     … 4/4 full fetch (batch 4 UID(s))
2026-04-29 20:31:20 [CAMPUS] [INFO   ]     … 4/4 full fetch (batch received, processing…)
2026-04-29 20:31:20 [CAMPUS] [INFO   ]     … 1/4 full fetch
2026-04-29 20:31:25 [CAMPUS] [INFO   ]     … 4/4 full fetch
2026-04-29 20:31:26 [CAMPUS] [INFO   ]   Pass 2 done — 4 full fetch(es) finished.
2026-04-29 20:31:27 [CAMPUS] [INFO   ] 
  Bounces found   : 24
2026-04-29 20:31:27 [CAMPUS] [INFO   ]   Human responses : 2
2026-04-29 20:31:27 [CAMPUS] [INFO   ] 
[STEP 2] Sending to up to 20 institute(s)...
2026-04-29 20:31:27 [CAMPUS] [INFO   ]   Institutes ready: 20
2026-04-29 20:31:27 [CAMPUS] [INFO   ] 
  [03] Sending to: registrar@rusa.nic.in
2026-04-29 20:31:27 [CAMPUS] [INFO   ]        From [1/32 — 3.1%]: jain106sandeep@gmail.com
2026-04-29 20:31:33 [CAMPUS] [INFO   ]        [OK] Sent successfully
2026-04-29 20:31:36 [CAMPUS] [INFO   ] 
  [16] Sending to: vc@nvsp.in
2026-04-29 20:31:36 [CAMPUS] [INFO   ]        From [2/32 — 6.2%]: sj1799274@gmail.com
2026-04-29 20:31:42 [CAMPUS] [INFO   ]        [OK] Sent successfully
2026-04-29 20:31:45 [CAMPUS] [INFO   ] 
  [18] Sending to: registrar@cau.ac.in
2026-04-29 20:31:45 [CAMPUS] [INFO   ]        From [3/32 — 9.4%]: jain109sandeep@gmail.com
2026-04-29 20:31:51 [CAMPUS] [INFO   ]        [OK] Sent successfully
2026-04-29 20:31:54 [CAMPUS] [INFO   ] 
  [22] Sending to: vc@parichay.nic.in
2026-04-29 20:31:54 [CAMPUS] [INFO   ]        From [4/32 — 12.5%]: jain111sandeep@gmail.com
2026-04-29 20:32:01 [CAMPUS] [INFO   ]        [OK] Sent successfully
2026-04-29 20:32:04 [CAMPUS] [INFO   ] 
  [23] Sending to: vc@scholarship.canarabank.in
2026-04-29 20:32:04 [CAMPUS] [INFO   ]        From [5/32 — 15.6%]: sandeep196605@gmail.com
2026-04-29 20:32:10 [CAMPUS] [INFO   ]        [OK] Sent successfully
2026-04-29 20:32:13 [CAMPUS] [INFO   ] 
  [34] Sending to: registrar@beu-bih.ac.in
2026-04-29 20:32:13 [CAMPUS] [INFO   ]        From [6/32 — 18.8%]: jain114sandeep@gmail.com
2026-04-29 20:32:21 [CAMPUS] [INFO   ]        [OK] Sent successfully
2026-04-29 20:32:24 [CAMPUS] [INFO   ] 
  [35] Sending to: registrar@bpsmv.digitaluniversity.ac
2026-04-29 20:32:24 [CAMPUS] [INFO   ]        From [7/32 — 21.9%]: jain105sandeep@gmail.com
2026-04-29 20:32:31 [CAMPUS] [INFO   ]        [OK] Sent successfully
2026-04-29 20:32:34 [CAMPUS] [INFO   ] 
  [37] Sending to: registrar@buhs.ac.in
2026-04-29 20:32:34 [CAMPUS] [INFO   ]        From [8/32 — 25.0%]: jain107sandeep@gmail.com
2026-04-29 20:32:39 [CAMPUS] [INFO   ]        [OK] Sent successfully
2026-04-29 20:32:42 [CAMPUS] [INFO   ] 
  [39] Sending to: registrar@cdlu.digitaluniversity.ac
2026-04-29 20:32:42 [CAMPUS] [INFO   ]        From [9/32 — 28.1%]: sj7634811@gmail.com
2026-04-29 20:32:49 [CAMPUS] [INFO   ]        [OK] Sent successfully
2026-04-29 20:32:52 [CAMPUS] [INFO   ] 
  [47] Sending to: registrar@kskvku.digitaluniversity.ac
2026-04-29 20:32:52 [CAMPUS] [INFO   ]        From [10/32 — 31.2%]: jain115sandeep@gmail.com
2026-04-29 20:32:59 [CAMPUS] [INFO   ]        [OK] Sent successfully
2026-04-29 20:33:02 [CAMPUS] [INFO   ] 
  [48] Sending to: registrar@ktbuniv.ac.in
2026-04-29 20:33:02 [CAMPUS] [INFO   ]        From [11/32 — 34.4%]: jain200sandeep@gmail.com
2026-04-29 20:33:07 [CAMPUS] [INFO   ]        [OK] Sent successfully
2026-04-29 20:33:10 [CAMPUS] [INFO   ] 
  [56] Sending to: registrar@rmtmusicandartsuniversity.com
2026-04-29 20:33:10 [CAMPUS] [INFO   ]        From [12/32 — 37.5%]: jain201sandeep@gmail.com
2026-04-29 20:33:18 [CAMPUS] [INFO   ]        [OK] Sent successfully
2026-04-29 20:33:21 [CAMPUS] [INFO   ] 
  [57] Sending to: registrar@rrgu.org
2026-04-29 20:33:21 [CAMPUS] [INFO   ]        From [13/32 — 40.6%]: jain202sandeep@gmail.com
2026-04-29 20:33:26 [CAMPUS] [INFO   ]        [OK] Sent successfully
2026-04-29 20:33:29 [CAMPUS] [INFO   ] 
  [62] Sending to: registrar@su.digitaluniversity.ac
2026-04-29 20:33:29 [CAMPUS] [INFO   ]        From [14/32 — 43.8%]: jain203sandeep@gmail.com
2026-04-29 20:33:35 [CAMPUS] [INFO   ]        [OK] Sent successfully
2026-04-29 20:33:38 [CAMPUS] [INFO   ] 
  [67] Sending to: vc@abvhv.edu.in
2026-04-29 20:33:38 [CAMPUS] [INFO   ]        From [15/32 — 46.9%]: jain204sandeep@gmail.com
2026-04-29 20:33:44 [CAMPUS] [INFO   ]        [OK] Sent successfully
2026-04-29 20:33:47 [CAMPUS] [INFO   ] 
  [73] Sending to: registrar@ayurveduniversity.edu.in
2026-04-29 20:33:47 [CAMPUS] [INFO   ]        From [16/32 — 50.0%]: jain205sandeep@gmail.com
2026-04-29 20:33:53 [CAMPUS] [INFO   ]        [OK] Sent successfully
2026-04-29 20:33:56 [CAMPUS] [INFO   ] 
  [76] Sending to: vc@bfuhs.ac.in
2026-04-29 20:33:56 [CAMPUS] [INFO   ]        From [17/32 — 53.1%]: jain206sandeep@gmail.com
2026-04-29 20:34:03 [CAMPUS] [INFO   ]        [OK] Sent successfully
2026-04-29 20:34:06 [CAMPUS] [INFO   ] 
  [77] Sending to: registrar@bhojvirtualuniversity.com
2026-04-29 20:34:06 [CAMPUS] [INFO   ]        From [18/32 — 56.2%]: jain207sandeep@gmail.com
2026-04-29 20:34:12 [CAMPUS] [INFO   ]        [OK] Sent successfully
2026-04-29 20:34:15 [CAMPUS] [INFO   ] 
  [79] Sending to: vc@brau.edu.in
2026-04-29 20:34:15 [CAMPUS] [INFO   ]        From [19/32 — 59.4%]: jain208sandeep@gmail.com
2026-04-29 20:34:21 [CAMPUS] [INFO   ]        [OK] Sent successfully
2026-04-29 20:34:24 [CAMPUS] [INFO   ] 
  [80] Sending to: vc@b-u.ac.in
2026-04-29 20:34:24 [CAMPUS] [INFO   ]        From [20/32 — 62.5%]: jain1001sandeep@gmail.com
2026-04-29 20:34:30 [CAMPUS] [INFO   ]        [OK] Sent successfully
2026-04-29 20:34:33 [CAMPUS] [INFO   ] 
================================================================
2026-04-29 20:34:33 [CAMPUS] [INFO   ]   Emails sent      : 20
2026-04-29 20:34:33 [CAMPUS] [INFO   ]   Send failures    : 0
2026-04-29 20:34:33 [CAMPUS] [INFO   ]   Bounces detected : 24
2026-04-29 20:34:33 [CAMPUS] [INFO   ]   Human responses  : 2
2026-04-29 20:34:33 [CAMPUS] [INFO   ] ================================================================
