2026-04-27 23:35:08 [INFO   ] [LOG] C:\Users\sandeep\Downloads\Claudes\CampusPlacement\crm\logs\campaign_2026-04-27_23-35-08.log
2026-04-27 23:35:08 [INFO   ] ================================================================
2026-04-27 23:35:08 [INFO   ]   PLACEMENT CRM – CAMPAIGN RUNNER
2026-04-27 23:35:08 [INFO   ]   Run : 2026-04-27 23:35:08
2026-04-27 23:35:08 [INFO   ]   Mode: Send up to 2 institute(s)
2026-04-27 23:35:08 [INFO   ] ================================================================
2026-04-27 23:35:08 [INFO   ]   Gmail accounts available: 32
2026-04-27 23:35:08 [INFO   ] 
[STEP 1] Checking inboxes for bounces and human replies...
2026-04-27 23:35:08 [INFO   ]   Monitoring 106 'Sent' address(es)
2026-04-27 23:35:08 [INFO   ]   Checking 31/32 accounts (only those that sent emails)
2026-04-27 23:35:08 [INFO   ] 
  > jain106sandeep@gmail.com
2026-04-27 23:35:08 [INFO   ]   Connecting to jain106sandeep@gmail.com …
2026-04-27 23:35:13 [INFO   ]   Found 193 candidate email(s)
2026-04-27 23:35:13 [INFO   ]   Pass 1: scanning headers of 193 email(s)...
2026-04-27 23:36:05 [INFO   ]     ...100/193 headers done
2026-04-27 23:36:49 [INFO   ]   Pass 1 done — 193/193 need full fetch.
2026-04-27 23:36:53 [INFO   ]   [BOUNCE->FAILURE] placement@dsnlu.ac.in
2026-04-27 23:37:28 [INFO   ]   [BOUNCE->FAILURE] placement@jammuuniversity.ac.in
2026-04-27 23:38:38 [INFO   ]   [BOUNCE->FAILURE] placement@bckv.edu.in
2026-04-27 23:38:49 [INFO   ] 
  > sj1799274@gmail.com
2026-04-27 23:38:49 [INFO   ]   Connecting to sj1799274@gmail.com …
2026-04-27 23:38:53 [INFO   ]   Found 162 candidate email(s)
2026-04-27 23:38:53 [INFO   ]   Pass 1: scanning headers of 162 email(s)...
2026-04-27 23:39:30 [INFO   ]     ...100/162 headers done
2026-04-27 23:39:53 [INFO   ]   Pass 1 done — 162/162 need full fetch.
2026-04-27 23:40:04 [INFO   ]   [BOUNCE->FAILURE] placement@jau.in
2026-04-27 23:40:13 [INFO   ]   [BOUNCE->FAILURE] placement@bfuhs.ac.in
2026-04-27 23:40:24 [INFO   ]   [BOUNCE->FAILURE] registrar@amu.ac.in
2026-04-27 23:40:29 [INFO   ]   [BOUNCE->FAILURE] placement@gurugramuniversity.ac.in
2026-04-27 23:41:09 [INFO   ] 
  > jain109sandeep@gmail.com
2026-04-27 23:41:09 [INFO   ]   Connecting to jain109sandeep@gmail.com …
2026-04-27 23:41:18 [INFO   ]   Found 188 candidate email(s)
2026-04-27 23:41:18 [INFO   ]   Pass 1: scanning headers of 188 email(s)...
2026-04-27 23:42:21 [INFO   ]     ...100/188 headers done
2026-04-27 23:43:12 [INFO   ]   Pass 1 done — 188/188 need full fetch.
2026-04-27 23:44:56 [INFO   ]   [BOUNCE->FAILURE] placement@jiwaji.edu
2026-04-27 23:45:12 [INFO   ] 
  > jain111sandeep@gmail.com
2026-04-27 23:45:12 [INFO   ]   Connecting to jain111sandeep@gmail.com …
2026-04-27 23:45:16 [INFO   ]   Found 182 candidate email(s)
2026-04-27 23:45:16 [INFO   ]   Pass 1: scanning headers of 182 email(s)...
2026-04-27 23:45:53 [INFO   ]     ...100/182 headers done
2026-04-27 23:46:21 [INFO   ]   Pass 1 done — 182/182 need full fetch.
2026-04-27 23:47:17 [INFO   ]   [BOUNCE->FAILURE] tpo@bhu.ac.in
2026-04-27 23:47:18 [INFO   ]   [BOUNCE->FAILURE] placement@jntua.ac.in
2026-04-27 23:47:42 [INFO   ] 
  > sandeep196605@gmail.com
2026-04-27 23:47:42 [INFO   ]   Connecting to sandeep196605@gmail.com …
2026-04-27 23:47:47 [INFO   ]   Found 187 candidate email(s)
2026-04-27 23:47:47 [INFO   ]   Pass 1: scanning headers of 187 email(s)...
2026-04-27 23:48:34 [INFO   ]     ...100/187 headers done
2026-04-27 23:49:16 [INFO   ]   Pass 1 done — 187/187 need full fetch.
2026-04-27 23:49:57 [INFO   ]   [BOUNCE->FAILURE] placement@brau.edu.in
2026-04-27 23:51:10 [INFO   ] 
  > jain114sandeep@gmail.com
2026-04-27 23:51:10 [INFO   ]   Connecting to jain114sandeep@gmail.com …
2026-04-27 23:51:16 [INFO   ]   Found 192 candidate email(s)
2026-04-27 23:51:16 [INFO   ]   Pass 1: scanning headers of 192 email(s)...
2026-04-27 23:52:05 [INFO   ]     ...100/192 headers done
2026-04-27 23:52:49 [INFO   ]   Pass 1 done — 192/192 need full fetch.
2026-04-27 23:53:05 [INFO   ]   [BOUNCE->FAILURE] placement@b-u.ac.in
2026-04-27 23:54:09 [INFO   ]   [BOUNCE->FAILURE] tpo@cuhimachal.ac.in
2026-04-27 23:54:47 [INFO   ] 
  > jain105sandeep@gmail.com
2026-04-27 23:54:47 [INFO   ]   Connecting to jain105sandeep@gmail.com …
2026-04-27 23:54:51 [INFO   ]   Found 187 candidate email(s)
2026-04-27 23:54:51 [INFO   ]   Pass 1: scanning headers of 187 email(s)...
2026-04-27 23:55:21 [INFO   ]     ...100/187 headers done
2026-04-27 23:55:48 [INFO   ]   Pass 1 done — 187/187 need full fetch.
2026-04-27 23:56:46 [INFO   ]   [BOUNCE->FAILURE] tpo@cuj.ac.in
2026-04-27 23:57:13 [INFO   ]   [BOUNCE->FAILURE] placement@malayalamuniversity.edu.in
2026-04-27 23:57:14 [INFO   ] 
  > jain107sandeep@gmail.com
2026-04-27 23:57:14 [INFO   ]   Connecting to jain107sandeep@gmail.com …
2026-04-27 23:57:18 [INFO   ]   Found 194 candidate email(s)
2026-04-27 23:57:18 [INFO   ]   Pass 1: scanning headers of 194 email(s)...
2026-04-27 23:57:48 [INFO   ]     ...100/194 headers done
2026-04-27 23:58:17 [INFO   ]   Pass 1 done — 194/194 need full fetch.
2026-04-27 23:58:46 [INFO   ]   [BOUNCE->FAILURE] placement@mdsuajmer.ac.in
2026-04-27 23:59:06 [INFO   ]   [BOUNCE->FAILURE] placements@cukashmir.ac.in
2026-04-27 23:59:34 [INFO   ] 
  > sj7634811@gmail.com
2026-04-27 23:59:34 [INFO   ]   Connecting to sj7634811@gmail.com …
2026-04-27 23:59:37 [INFO   ]   Found 180 candidate email(s)
2026-04-27 23:59:37 [INFO   ]   Pass 1: scanning headers of 180 email(s)...
2026-04-28 00:00:06 [INFO   ]     ...100/180 headers done
2026-04-28 00:00:29 [INFO   ]   Pass 1 done — 180/180 need full fetch.
2026-04-28 00:01:10 [INFO   ]   [BOUNCE->FAILURE] placements@cup.ac.in
2026-04-28 00:01:25 [INFO   ]   [BOUNCE->FAILURE] placement@cnlu.ac.in
2026-04-28 00:01:35 [INFO   ] 
  > jain115sandeep@gmail.com
2026-04-28 00:01:35 [INFO   ]   Connecting to jain115sandeep@gmail.com …
2026-04-28 00:01:40 [INFO   ]   Found 200 candidate email(s)
2026-04-28 00:01:40 [INFO   ]   Pass 1: scanning headers of 200 email(s)...
2026-04-28 00:02:24 [INFO   ]     ...100/200 headers done
2026-04-28 00:03:10 [INFO   ]   Pass 1 done — 200/200 need full fetch.
2026-04-28 00:04:33 [INFO   ]   [BOUNCE->FAILURE] placement@crsujind.org
2026-04-28 00:05:29 [INFO   ]   [BOUNCE->FAILURE] placement@nalsar.ac.in
2026-04-28 00:05:31 [INFO   ] 
  > jain200sandeep@gmail.com
2026-04-28 00:05:31 [INFO   ]   Connecting to jain200sandeep@gmail.com …
2026-04-28 00:05:37 [INFO   ]   Found 181 candidate email(s)
2026-04-28 00:05:37 [INFO   ]   Pass 1: scanning headers of 181 email(s)...
2026-04-28 00:06:06 [INFO   ]     ...100/181 headers done
2026-04-28 00:06:32 [INFO   ]   Pass 1 done — 181/181 need full fetch.
2026-04-28 00:06:52 [INFO   ]   [BOUNCE->FAILURE] placement@csauk.ac.in
2026-04-28 00:07:16 [INFO   ]   [BOUNCE->FAILURE] placements@sanskrit.nic.in
2026-04-28 00:07:54 [INFO   ]   [BOUNCE->FAILURE] placement@nludelhi.ac.in
2026-04-28 00:07:54 [INFO   ] 
  > jain201sandeep@gmail.com
2026-04-28 00:07:54 [INFO   ]   Connecting to jain201sandeep@gmail.com …
2026-04-28 00:07:58 [INFO   ]   Found 180 candidate email(s)
2026-04-28 00:07:58 [INFO   ]   Pass 1: scanning headers of 180 email(s)...
2026-04-28 00:08:31 [INFO   ]     ...100/180 headers done
2026-04-28 00:08:54 [INFO   ]   Pass 1 done — 180/180 need full fetch.
2026-04-28 00:09:49 [INFO   ]   [BOUNCE->FAILURE] placement@csvtu.ac.in
2026-04-28 00:10:04 [INFO   ] 
  > jain202sandeep@gmail.com
2026-04-28 00:10:04 [INFO   ]   Connecting to jain202sandeep@gmail.com …
2026-04-28 00:10:08 [INFO   ]   Found 176 candidate email(s)
2026-04-28 00:10:08 [INFO   ]   Pass 1: scanning headers of 176 email(s)...
2026-04-28 00:10:44 [INFO   ]     ...100/176 headers done
2026-04-28 00:11:06 [INFO   ]   Pass 1 done — 176/176 need full fetch.
2026-04-28 00:11:17 [INFO   ]   [BOUNCE->FAILURE] placements@dhsgsu.edu.in
2026-04-28 00:11:28 [INFO   ]   [BOUNCE->FAILURE] placement@raiganjuniversity.ac.in
2026-04-28 00:11:57 [INFO   ]   [BOUNCE->FAILURE] placement@dauniv.ac.in
2026-04-28 00:12:23 [INFO   ] 
  > jain203sandeep@gmail.com
2026-04-28 00:12:23 [INFO   ]   Connecting to jain203sandeep@gmail.com …
2026-04-28 00:12:28 [INFO   ]   Found 176 candidate email(s)
2026-04-28 00:12:28 [INFO   ]   Pass 1: scanning headers of 176 email(s)...
2026-04-28 00:13:12 [INFO   ]     ...100/176 headers done
2026-04-28 00:13:45 [INFO   ]   Pass 1 done — 176/176 need full fetch.
2026-04-28 00:14:51 [INFO   ]   [BOUNCE->FAILURE] placements@gsv.ac.in
2026-04-28 00:15:24 [INFO   ] 
  > jain204sandeep@gmail.com
2026-04-28 00:15:24 [INFO   ]   Connecting to jain204sandeep@gmail.com …
2026-04-28 00:15:28 [INFO   ]   Found 178 candidate email(s)
2026-04-28 00:15:28 [INFO   ]   Pass 1: scanning headers of 178 email(s)...
2026-04-28 00:16:02 [INFO   ]     ...100/178 headers done
2026-04-28 00:16:28 [INFO   ]   Pass 1 done — 178/178 need full fetch.
2026-04-28 00:16:36 [INFO   ]   [BOUNCE->FAILURE] placement@dbatu.ac.in
2026-04-28 00:17:22 [INFO   ]   [BOUNCE->FAILURE] placement@cug.ac.in
2026-04-28 00:17:43 [INFO   ] 
  > jain205sandeep@gmail.com
2026-04-28 00:17:43 [INFO   ]   Connecting to jain205sandeep@gmail.com …
2026-04-28 00:17:47 [INFO   ]   Found 165 candidate email(s)
2026-04-28 00:17:47 [INFO   ]   Pass 1: scanning headers of 165 email(s)...
2026-04-28 00:18:17 [INFO   ]     ...100/165 headers done
2026-04-28 00:18:37 [INFO   ]   Pass 1 done — 165/165 need full fetch.
2026-04-28 00:18:43 [INFO   ]   [BOUNCE->FAILURE] placement@dbskkv.org
2026-04-28 00:19:08 [INFO   ]   [BOUNCE->FAILURE] placement@cukerala.ac.in
2026-04-28 00:19:42 [INFO   ]   [BOUNCE->FAILURE] placement@sdsuv.ac.in
2026-04-28 00:19:43 [INFO   ] 
  > jain206sandeep@gmail.com
2026-04-28 00:19:43 [INFO   ]   Connecting to jain206sandeep@gmail.com …
2026-04-28 00:19:47 [INFO   ]   Found 162 candidate email(s)
2026-04-28 00:19:47 [INFO   ]   Pass 1: scanning headers of 162 email(s)...
2026-04-28 00:20:20 [INFO   ]     ...100/162 headers done
2026-04-28 00:20:40 [INFO   ]   Pass 1 done — 162/162 need full fetch.
2026-04-28 00:21:16 [INFO   ]   [BOUNCE->FAILURE] placement@skltshu.ac.in
2026-04-28 00:21:18 [INFO   ]   [BOUNCE->FAILURE] placement@dhwu.ac.in
2026-04-28 00:21:24 [INFO   ]   [BOUNCE->FAILURE] placement@cusb.ac.in
2026-04-28 00:21:46 [INFO   ] 
  > jain207sandeep@gmail.com
2026-04-28 00:21:46 [INFO   ]   Connecting to jain207sandeep@gmail.com …
2026-04-28 00:21:49 [INFO   ]   Found 167 candidate email(s)
2026-04-28 00:21:49 [INFO   ]   Pass 1: scanning headers of 167 email(s)...
2026-04-28 00:22:22 [INFO   ]     ...100/167 headers done
2026-04-28 00:22:43 [INFO   ]   Pass 1 done — 167/167 need full fetch.
2026-04-28 00:22:46 [INFO   ]   [BOUNCE->FAILURE] placement@skmu.ac.in
2026-04-28 00:23:25 [INFO   ]   [BOUNCE->FAILURE] placement@dibru.ac.in
2026-04-28 00:23:40 [INFO   ]   [BOUNCE->FAILURE] placement@parichay.nic.in
2026-04-28 00:23:49 [INFO   ] 
  > jain208sandeep@gmail.com
2026-04-28 00:23:49 [INFO   ]   Connecting to jain208sandeep@gmail.com …
2026-04-28 00:23:57 [INFO   ]   Found 176 candidate email(s)
2026-04-28 00:23:57 [INFO   ]   Pass 1: scanning headers of 176 email(s)...
2026-04-28 00:24:46 [INFO   ]     ...100/176 headers done
2026-04-28 00:25:23 [INFO   ]   Pass 1 done — 176/176 need full fetch.
2026-04-28 00:25:38 [INFO   ]   [BOUNCE->FAILURE] placement@skuniversity.ac.in
2026-04-28 00:25:55 [INFO   ]   [BOUNCE->FAILURE] placement@dravidianuniversity.ac.in
2026-04-28 00:26:32 [INFO   ]   [BOUNCE->FAILURE] placement@scholarship.canarabank.in
2026-04-28 00:26:49 [INFO   ]   [BOUNCE->FAILURE] placement@nta.ac.in
2026-04-28 00:27:09 [INFO   ] 
  > jain1001sandeep@gmail.com
2026-04-28 00:27:09 [INFO   ]   Connecting to jain1001sandeep@gmail.com …
2026-04-28 00:27:12 [INFO   ]   Found 31 candidate email(s)
2026-04-28 00:27:12 [INFO   ]   Pass 1: scanning headers of 31 email(s)...
2026-04-28 00:27:20 [INFO   ]   Pass 1 done — 31/31 need full fetch.
2026-04-28 00:27:28 [INFO   ]   [BOUNCE->FAILURE] placement@durguniversity.ac.in
2026-04-28 00:27:32 [INFO   ] 
  > jain1002sandeep@gmail.com
2026-04-28 00:27:32 [INFO   ]   Connecting to jain1002sandeep@gmail.com …
2026-04-28 00:27:36 [INFO   ]   Found 31 candidate email(s)
2026-04-28 00:27:36 [INFO   ]   Pass 1: scanning headers of 31 email(s)...
2026-04-28 00:27:45 [INFO   ]   Pass 1 done — 31/31 need full fetch.
2026-04-28 00:27:47 [INFO   ]   [BOUNCE->FAILURE] placement@teluguuniversity.ac.in
2026-04-28 00:27:49 [INFO   ]   [BOUNCE->FAILURE] placement@gadvasu.in
2026-04-28 00:27:55 [INFO   ]   [BOUNCE->FAILURE] placement@akubihar.ac.in
2026-04-28 00:27:59 [INFO   ] 
  > jain1003sandeep@gmail.com
2026-04-28 00:27:59 [INFO   ]   Connecting to jain1003sandeep@gmail.com …
2026-04-28 00:28:03 [INFO   ]   Found 27 candidate email(s)
2026-04-28 00:28:03 [INFO   ]   Pass 1: scanning headers of 27 email(s)...
2026-04-28 00:28:11 [INFO   ]   Pass 1 done — 27/27 need full fetch.
2026-04-28 00:28:14 [INFO   ]   [BOUNCE->FAILURE] placement@tnteu.ac.in
2026-04-28 00:28:15 [INFO   ]   [BOUNCE->FAILURE] placement@andhrakesariuniversity.in
2026-04-28 00:28:23 [INFO   ] 
  > jain1004sandeep@gmail.com
2026-04-28 00:28:23 [INFO   ]   Connecting to jain1004sandeep@gmail.com …
2026-04-28 00:28:27 [INFO   ]   Found 31 candidate email(s)
2026-04-28 00:28:27 [INFO   ]   Pass 1: scanning headers of 31 email(s)...
2026-04-28 00:28:37 [INFO   ]   Pass 1 done — 31/31 need full fetch.
2026-04-28 00:28:49 [INFO   ]   [BOUNCE->FAILURE] placement@vikramuniv.ac.in
2026-04-28 00:28:51 [INFO   ] 
  > jain104sandeep@gmail.com
2026-04-28 00:28:51 [INFO   ]   Connecting to jain104sandeep@gmail.com …
2026-04-28 00:28:56 [INFO   ]   Found 26 candidate email(s)
2026-04-28 00:28:56 [INFO   ]   Pass 1: scanning headers of 26 email(s)...
2026-04-28 00:29:05 [INFO   ]   Pass 1 done — 26/26 need full fetch.
2026-04-28 00:29:09 [INFO   ]   [BOUNCE->FAILURE] placement@gtu.ac.in
2026-04-28 00:29:17 [INFO   ]   [BOUNCE->FAILURE] placement@abvhv.edu.in
2026-04-28 00:29:18 [INFO   ] 
  > jain214sandeep@gmail.com
2026-04-28 00:29:18 [INFO   ]   Connecting to jain214sandeep@gmail.com …
2026-04-28 00:29:23 [INFO   ]   Found 25 candidate email(s)
2026-04-28 00:29:23 [INFO   ]   Pass 1: scanning headers of 25 email(s)...
2026-04-28 00:29:35 [INFO   ]   Pass 1 done — 25/25 need full fetch.
2026-04-28 00:29:39 [INFO   ]   [BOUNCE->FAILURE] placement@aliah.ac.in
2026-04-28 00:29:42 [INFO   ]   [BOUNCE->FAILURE] placement@buat.edu.in
2026-04-28 00:29:50 [INFO   ] 
  > jain215sandeep@gmail.com
2026-04-28 00:29:50 [INFO   ]   Connecting to jain215sandeep@gmail.com …
2026-04-28 00:29:54 [INFO   ]   Found 23 candidate email(s)
2026-04-28 00:29:54 [INFO   ]   Pass 1: scanning headers of 23 email(s)...
2026-04-28 00:30:04 [INFO   ]   Pass 1 done — 23/23 need full fetch.
2026-04-28 00:30:05 [INFO   ]   [BOUNCE->FAILURE] placement@annamalaiuniversity.ac.in
2026-04-28 00:30:09 [INFO   ]   [BOUNCE->FAILURE] placement@hau.ac.in
2026-04-28 00:30:18 [INFO   ] 
  > jain216sandeep@gmail.com
2026-04-28 00:30:18 [INFO   ]   Connecting to jain216sandeep@gmail.com …
2026-04-28 00:30:23 [INFO   ]   Found 26 candidate email(s)
2026-04-28 00:30:23 [INFO   ]   Pass 1: scanning headers of 26 email(s)...
2026-04-28 00:30:34 [INFO   ]   Pass 1 done — 26/26 need full fetch.
2026-04-28 00:30:38 [INFO   ]   [BOUNCE->FAILURE] placement@annauniv.edu
2026-04-28 00:30:41 [INFO   ]   [BOUNCE->FAILURE] placement@cbpbu.ac.in
2026-04-28 00:30:43 [INFO   ]   [BOUNCE->FAILURE] placement@hnlu.ac.in
2026-04-28 00:30:47 [INFO   ] 
  > jainsandeep729@gmail.com
2026-04-28 00:30:47 [INFO   ]   Connecting to jainsandeep729@gmail.com …
2026-04-28 00:30:58 [INFO   ]   Found 21 candidate email(s)
2026-04-28 00:30:58 [INFO   ]   Pass 1: scanning headers of 21 email(s)...
2026-04-28 00:31:06 [INFO   ]   Pass 1 done — 21/21 need full fetch.
2026-04-28 00:31:18 [INFO   ] 
  > mandify1@gmail.com
2026-04-28 00:31:18 [INFO   ]   Connecting to mandify1@gmail.com …
2026-04-28 00:31:24 [INFO   ]   Found 25 candidate email(s)
2026-04-28 00:31:24 [INFO   ]   Pass 1: scanning headers of 25 email(s)...
2026-04-28 00:31:36 [INFO   ]   Pass 1 done — 25/25 need full fetch.
2026-04-28 00:31:49 [INFO   ]   [BOUNCE->FAILURE] placement@aud.ac.in
2026-04-28 00:31:50 [INFO   ]   [BOUNCE->FAILURE] placement@iksv.ac.in
2026-04-28 00:31:50 [INFO   ] 
  > mandify2@gmail.com
2026-04-28 00:31:50 [INFO   ]   Connecting to mandify2@gmail.com …
2026-04-28 00:31:54 [INFO   ]   Found 21 candidate email(s)
2026-04-28 00:31:54 [INFO   ]   Pass 1: scanning headers of 21 email(s)...
2026-04-28 00:32:02 [INFO   ]   Pass 1 done — 21/21 need full fetch.
2026-04-28 00:32:03 [INFO   ]   [BOUNCE->FAILURE] placement@cuc.ac.in
2026-04-28 00:32:11 [INFO   ] 
  > sj5739255@gmail.com
2026-04-28 00:32:11 [INFO   ]   Connecting to sj5739255@gmail.com …
2026-04-28 00:32:16 [INFO   ]   Found 24 candidate email(s)
2026-04-28 00:32:16 [INFO   ]   Pass 1: scanning headers of 24 email(s)...
2026-04-28 00:32:28 [INFO   ]   Pass 1 done — 24/24 need full fetch.
2026-04-28 00:32:35 [INFO   ]   [BOUNCE->FAILURE] placement@dbranlu.ac.in
2026-04-28 00:32:37 [INFO   ]   [BOUNCE->FAILURE] placement@islamicuniversity.edu.in
2026-04-28 00:32:43 [INFO   ] 
  Bounces found   : 65
2026-04-28 00:32:43 [INFO   ]   Human responses : 0
2026-04-28 00:32:43 [INFO   ] 
[STEP 2] Sending to up to 2 institute(s)...
2026-04-28 00:32:43 [INFO   ]   Institutes ready: 2
2026-04-28 00:32:43 [INFO   ] 
  [04] Sending to: vc@amu.ac.in
2026-04-28 00:32:43 [INFO   ]        From  : jain106sandeep@gmail.com
2026-04-28 00:32:49 [INFO   ]        [OK] Sent successfully
2026-04-28 00:32:52 [INFO   ] 
  [07] Sending to: registrar@bhu.ac.in
2026-04-28 00:32:52 [INFO   ]        From  : sj1799274@gmail.com
2026-04-28 00:32:58 [INFO   ]        [OK] Sent successfully
2026-04-28 00:33:01 [INFO   ] 
================================================================
2026-04-28 00:33:01 [INFO   ]   Emails sent      : 2
2026-04-28 00:33:01 [INFO   ]   Send failures    : 0
2026-04-28 00:33:01 [INFO   ]   Bounces detected : 65
2026-04-28 00:33:01 [INFO   ]   Human responses  : 0
2026-04-28 00:33:01 [INFO   ] ================================================================
