2026-05-01 18:16:20 [CAMPUS] [INFO   ] [LOG] C:\Users\sandeep\Downloads\Claudes\CampusPlacement\crm\logs\campaign_2026-05-01_18-16-20.log
2026-05-01 18:16:20 [CAMPUS] [INFO   ] ================================================================
2026-05-01 18:16:20 [CAMPUS] [INFO   ]   PLACEMENT CRM – CAMPAIGN RUNNER
2026-05-01 18:16:20 [CAMPUS] [INFO   ]   Run : 2026-05-01 18:16:20
2026-05-01 18:16:20 [CAMPUS] [INFO   ]   Mode: Send up to 10 institute(s)
2026-05-01 18:16:20 [CAMPUS] [INFO   ] ================================================================
2026-05-01 18:16:20 [CAMPUS] [INFO   ]   Gmail accounts available: 32
2026-05-01 18:16:20 [CAMPUS] [INFO   ] 
[STEP 1] Checking inboxes for bounces and human replies...
2026-05-01 18:16:20 [CAMPUS] [INFO   ]   Monitoring 20 'Sent' address(es)
2026-05-01 18:16:20 [CAMPUS] [INFO   ]   Checking 20/32 accounts (only those that sent emails; order follows JSON)
2026-05-01 18:16:20 [CAMPUS] [INFO   ] 
  [1/32 — 3.1%] > jain106sandeep@gmail.com
2026-05-01 18:16:20 [CAMPUS] [INFO   ]   Connecting to jain106sandeep@gmail.com …
2026-05-01 18:16:25 [CAMPUS] [INFO   ]   INBOX without 'PROCESSED-CAMPUS': 16 UID(s) (newer_than:30d or SINCE fallback)
2026-05-01 18:16:25 [CAMPUS] [INFO   ]   Pass 1: scanning headers of 16 email(s) (batch size 40)...
2026-05-01 18:16:25 [CAMPUS] [INFO   ]     … 16/16 headers
2026-05-01 18:16:33 [CAMPUS] [INFO   ]   Pass 1 done — full fetch for 12 UID(s); tagged NON-CAMPUS from headers: 4
2026-05-01 18:16:33 [CAMPUS] [INFO   ]   Pass 2: full body (BODY.PEEK[]) for 12 UID(s) (batch 8, progress every 5)…
2026-05-01 18:16:33 [CAMPUS] [INFO   ]     … 8/12 full fetch (batch 8 UID(s))
2026-05-01 18:16:34 [CAMPUS] [INFO   ]     … 8/12 full fetch (batch received, processing…)
2026-05-01 18:16:34 [CAMPUS] [INFO   ]     … 1/12 full fetch
2026-05-01 18:16:34 [CAMPUS] [INFO   ]   [HUMAN REPLY] from: jain106sandeep@gmail.com
2026-05-01 18:16:40 [CAMPUS] [INFO   ]   [FORWARDED] REPLY-CAMPUS → sandeepjain200019@gmail.com
2026-05-01 18:16:45 [CAMPUS] [INFO   ]   [AUTOREPLY SENT] to jain106sandeep@gmail.com
2026-05-01 18:16:47 [CAMPUS] [INFO   ]   [HUMAN REPLY] from: jain106sandeep@gmail.com
2026-05-01 18:16:53 [CAMPUS] [INFO   ]   [FORWARDED] REPLY-CAMPUS → sandeepjain200019@gmail.com
2026-05-01 18:17:00 [CAMPUS] [INFO   ]   [AUTOREPLY SENT] to jain106sandeep@gmail.com
2026-05-01 18:17:06 [CAMPUS] [INFO   ]     … 5/12 full fetch
2026-05-01 18:17:11 [CAMPUS] [INFO   ]     … 12/12 full fetch (batch 4 UID(s))
2026-05-01 18:17:12 [CAMPUS] [INFO   ]     … 12/12 full fetch (batch received, processing…)
2026-05-01 18:17:14 [CAMPUS] [INFO   ]     … 10/12 full fetch
2026-05-01 18:17:17 [CAMPUS] [INFO   ]     … 12/12 full fetch
2026-05-01 18:17:18 [CAMPUS] [INFO   ]   Pass 2 done — 12 full fetch(es) finished.
2026-05-01 18:17:19 [CAMPUS] [INFO   ] 
  [2/32 — 6.2%] > sj1799274@gmail.com
2026-05-01 18:17:19 [CAMPUS] [INFO   ]   Connecting to sj1799274@gmail.com …
2026-05-01 18:17:23 [CAMPUS] [INFO   ]   INBOX without 'PROCESSED-CAMPUS': 5 UID(s) (newer_than:30d or SINCE fallback)
2026-05-01 18:17:23 [CAMPUS] [INFO   ]   Pass 1: scanning headers of 5 email(s) (batch size 40)...
2026-05-01 18:17:23 [CAMPUS] [INFO   ]     … 5/5 headers
2026-05-01 18:17:23 [CAMPUS] [INFO   ]   Pass 1 done — full fetch for 5 UID(s); tagged NON-CAMPUS from headers: 0
2026-05-01 18:17:23 [CAMPUS] [INFO   ]   Pass 2: full body (BODY.PEEK[]) for 5 UID(s) (batch 8, progress every 5)…
2026-05-01 18:17:23 [CAMPUS] [INFO   ]     … 5/5 full fetch (batch 5 UID(s))
2026-05-01 18:17:24 [CAMPUS] [INFO   ]     … 5/5 full fetch (batch received, processing…)
2026-05-01 18:17:24 [CAMPUS] [INFO   ]     … 1/5 full fetch
2026-05-01 18:17:28 [CAMPUS] [INFO   ]     … 5/5 full fetch
2026-05-01 18:17:28 [CAMPUS] [INFO   ]   Pass 2 done — 5 full fetch(es) finished.
2026-05-01 18:17:29 [CAMPUS] [INFO   ] 
  [3/32 — 9.4%] > jain109sandeep@gmail.com
2026-05-01 18:17:29 [CAMPUS] [INFO   ]   Connecting to jain109sandeep@gmail.com …
2026-05-01 18:17:35 [CAMPUS] [INFO   ]   INBOX without 'PROCESSED-CAMPUS': 7 UID(s) (newer_than:30d or SINCE fallback)
2026-05-01 18:17:35 [CAMPUS] [INFO   ]   Pass 1: scanning headers of 7 email(s) (batch size 40)...
2026-05-01 18:17:35 [CAMPUS] [INFO   ]     … 7/7 headers
2026-05-01 18:17:35 [CAMPUS] [INFO   ]   Pass 1 done — full fetch for 7 UID(s); tagged NON-CAMPUS from headers: 0
2026-05-01 18:17:35 [CAMPUS] [INFO   ]   Pass 2: full body (BODY.PEEK[]) for 7 UID(s) (batch 8, progress every 5)…
2026-05-01 18:17:35 [CAMPUS] [INFO   ]     … 7/7 full fetch (batch 7 UID(s))
2026-05-01 18:17:36 [CAMPUS] [INFO   ]     … 7/7 full fetch (batch received, processing…)
2026-05-01 18:17:36 [CAMPUS] [INFO   ]     … 1/7 full fetch
2026-05-01 18:17:42 [CAMPUS] [INFO   ]     … 5/7 full fetch
2026-05-01 18:17:45 [CAMPUS] [INFO   ]     … 7/7 full fetch
2026-05-01 18:17:47 [CAMPUS] [INFO   ]   Pass 2 done — 7 full fetch(es) finished.
2026-05-01 18:17:48 [CAMPUS] [INFO   ] 
  [4/32 — 12.5%] > jain111sandeep@gmail.com
2026-05-01 18:17:48 [CAMPUS] [INFO   ]   Connecting to jain111sandeep@gmail.com …
2026-05-01 18:17:53 [CAMPUS] [INFO   ]   INBOX without 'PROCESSED-CAMPUS': 7 UID(s) (newer_than:30d or SINCE fallback)
2026-05-01 18:17:54 [CAMPUS] [INFO   ]   Pass 1: scanning headers of 7 email(s) (batch size 40)...
2026-05-01 18:17:54 [CAMPUS] [INFO   ]     … 7/7 headers
2026-05-01 18:17:54 [CAMPUS] [INFO   ]   Pass 1 done — full fetch for 7 UID(s); tagged NON-CAMPUS from headers: 0
2026-05-01 18:17:54 [CAMPUS] [INFO   ]   Pass 2: full body (BODY.PEEK[]) for 7 UID(s) (batch 8, progress every 5)…
2026-05-01 18:17:54 [CAMPUS] [INFO   ]     … 7/7 full fetch (batch 7 UID(s))
2026-05-01 18:17:55 [CAMPUS] [INFO   ]     … 7/7 full fetch (batch received, processing…)
2026-05-01 18:17:55 [CAMPUS] [INFO   ]     … 1/7 full fetch
2026-05-01 18:18:01 [CAMPUS] [INFO   ]     … 5/7 full fetch
2026-05-01 18:18:03 [CAMPUS] [INFO   ]     … 7/7 full fetch
2026-05-01 18:18:04 [CAMPUS] [INFO   ]   Pass 2 done — 7 full fetch(es) finished.
2026-05-01 18:18:05 [CAMPUS] [INFO   ] 
  [5/32 — 15.6%] > sandeep196605@gmail.com
2026-05-01 18:18:05 [CAMPUS] [INFO   ]   Connecting to sandeep196605@gmail.com …
2026-05-01 18:18:11 [CAMPUS] [INFO   ]   INBOX without 'PROCESSED-CAMPUS': 7 UID(s) (newer_than:30d or SINCE fallback)
2026-05-01 18:18:11 [CAMPUS] [INFO   ]   Pass 1: scanning headers of 7 email(s) (batch size 40)...
2026-05-01 18:18:11 [CAMPUS] [INFO   ]     … 7/7 headers
2026-05-01 18:18:12 [CAMPUS] [INFO   ]   Pass 1 done — full fetch for 7 UID(s); tagged NON-CAMPUS from headers: 0
2026-05-01 18:18:12 [CAMPUS] [INFO   ]   Pass 2: full body (BODY.PEEK[]) for 7 UID(s) (batch 8, progress every 5)…
2026-05-01 18:18:12 [CAMPUS] [INFO   ]     … 7/7 full fetch (batch 7 UID(s))
2026-05-01 18:18:13 [CAMPUS] [INFO   ]     … 7/7 full fetch (batch received, processing…)
2026-05-01 18:18:13 [CAMPUS] [INFO   ]     … 1/7 full fetch
2026-05-01 18:18:19 [CAMPUS] [INFO   ]     … 5/7 full fetch
2026-05-01 18:18:22 [CAMPUS] [INFO   ]     … 7/7 full fetch
2026-05-01 18:18:23 [CAMPUS] [INFO   ]   Pass 2 done — 7 full fetch(es) finished.
2026-05-01 18:18:24 [CAMPUS] [INFO   ] 
  [6/32 — 18.8%] > jain114sandeep@gmail.com
2026-05-01 18:18:24 [CAMPUS] [INFO   ]   Connecting to jain114sandeep@gmail.com …
2026-05-01 18:18:30 [CAMPUS] [INFO   ]   INBOX without 'PROCESSED-CAMPUS': 8 UID(s) (newer_than:30d or SINCE fallback)
2026-05-01 18:18:30 [CAMPUS] [INFO   ]   Pass 1: scanning headers of 8 email(s) (batch size 40)...
2026-05-01 18:18:30 [CAMPUS] [INFO   ]     … 8/8 headers
2026-05-01 18:18:30 [CAMPUS] [INFO   ]   Pass 1 done — full fetch for 8 UID(s); tagged NON-CAMPUS from headers: 0
2026-05-01 18:18:30 [CAMPUS] [INFO   ]   Pass 2: full body (BODY.PEEK[]) for 8 UID(s) (batch 8, progress every 5)…
2026-05-01 18:18:30 [CAMPUS] [INFO   ]     … 8/8 full fetch (batch 8 UID(s))
2026-05-01 18:18:31 [CAMPUS] [INFO   ]     … 8/8 full fetch (batch received, processing…)
2026-05-01 18:18:31 [CAMPUS] [INFO   ]     … 1/8 full fetch
2026-05-01 18:18:36 [CAMPUS] [INFO   ]     … 5/8 full fetch
2026-05-01 18:18:40 [CAMPUS] [INFO   ]     … 8/8 full fetch
2026-05-01 18:18:42 [CAMPUS] [INFO   ]   Pass 2 done — 8 full fetch(es) finished.
2026-05-01 18:18:42 [CAMPUS] [INFO   ] 
  [7/32 — 21.9%] > jain105sandeep@gmail.com
2026-05-01 18:18:42 [CAMPUS] [INFO   ]   Connecting to jain105sandeep@gmail.com …
2026-05-01 18:18:47 [CAMPUS] [INFO   ]   INBOX without 'PROCESSED-CAMPUS': 6 UID(s) (newer_than:30d or SINCE fallback)
2026-05-01 18:18:47 [CAMPUS] [INFO   ]   Pass 1: scanning headers of 6 email(s) (batch size 40)...
2026-05-01 18:18:47 [CAMPUS] [INFO   ]     … 6/6 headers
2026-05-01 18:18:47 [CAMPUS] [INFO   ]   Pass 1 done — full fetch for 6 UID(s); tagged NON-CAMPUS from headers: 0
2026-05-01 18:18:47 [CAMPUS] [INFO   ]   Pass 2: full body (BODY.PEEK[]) for 6 UID(s) (batch 8, progress every 5)…
2026-05-01 18:18:47 [CAMPUS] [INFO   ]     … 6/6 full fetch (batch 6 UID(s))
2026-05-01 18:18:48 [CAMPUS] [INFO   ]     … 6/6 full fetch (batch received, processing…)
2026-05-01 18:18:48 [CAMPUS] [INFO   ]     … 1/6 full fetch
2026-05-01 18:18:51 [CAMPUS] [INFO   ]     … 5/6 full fetch
2026-05-01 18:18:52 [CAMPUS] [INFO   ]     … 6/6 full fetch
2026-05-01 18:18:53 [CAMPUS] [INFO   ]   Pass 2 done — 6 full fetch(es) finished.
2026-05-01 18:18:53 [CAMPUS] [INFO   ] 
  [8/32 — 25.0%] > jain107sandeep@gmail.com
2026-05-01 18:18:53 [CAMPUS] [INFO   ]   Connecting to jain107sandeep@gmail.com …
2026-05-01 18:18:59 [CAMPUS] [INFO   ]   INBOX without 'PROCESSED-CAMPUS': 5 UID(s) (newer_than:30d or SINCE fallback)
2026-05-01 18:18:59 [CAMPUS] [INFO   ]   Pass 1: scanning headers of 5 email(s) (batch size 40)...
2026-05-01 18:18:59 [CAMPUS] [INFO   ]     … 5/5 headers
2026-05-01 18:18:59 [CAMPUS] [INFO   ]   Pass 1 done — full fetch for 5 UID(s); tagged NON-CAMPUS from headers: 0
2026-05-01 18:18:59 [CAMPUS] [INFO   ]   Pass 2: full body (BODY.PEEK[]) for 5 UID(s) (batch 8, progress every 5)…
2026-05-01 18:18:59 [CAMPUS] [INFO   ]     … 5/5 full fetch (batch 5 UID(s))
2026-05-01 18:19:00 [CAMPUS] [INFO   ]     … 5/5 full fetch (batch received, processing…)
2026-05-01 18:19:00 [CAMPUS] [INFO   ]     … 1/5 full fetch
2026-05-01 18:19:03 [CAMPUS] [INFO   ]     … 5/5 full fetch
2026-05-01 18:19:04 [CAMPUS] [INFO   ]   Pass 2 done — 5 full fetch(es) finished.
2026-05-01 18:19:05 [CAMPUS] [INFO   ] 
  [9/32 — 28.1%] > sj7634811@gmail.com
2026-05-01 18:19:05 [CAMPUS] [INFO   ]   Connecting to sj7634811@gmail.com …
2026-05-01 18:19:09 [CAMPUS] [INFO   ]   INBOX without 'PROCESSED-CAMPUS': 5 UID(s) (newer_than:30d or SINCE fallback)
2026-05-01 18:19:09 [CAMPUS] [INFO   ]   Pass 1: scanning headers of 5 email(s) (batch size 40)...
2026-05-01 18:19:09 [CAMPUS] [INFO   ]     … 5/5 headers
2026-05-01 18:19:09 [CAMPUS] [INFO   ]   Pass 1 done — full fetch for 5 UID(s); tagged NON-CAMPUS from headers: 0
2026-05-01 18:19:09 [CAMPUS] [INFO   ]   Pass 2: full body (BODY.PEEK[]) for 5 UID(s) (batch 8, progress every 5)…
2026-05-01 18:19:09 [CAMPUS] [INFO   ]     … 5/5 full fetch (batch 5 UID(s))
2026-05-01 18:19:10 [CAMPUS] [INFO   ]     … 5/5 full fetch (batch received, processing…)
2026-05-01 18:19:10 [CAMPUS] [INFO   ]     … 1/5 full fetch
2026-05-01 18:19:14 [CAMPUS] [INFO   ]     … 5/5 full fetch
2026-05-01 18:19:16 [CAMPUS] [INFO   ]   Pass 2 done — 5 full fetch(es) finished.
2026-05-01 18:19:16 [CAMPUS] [INFO   ] 
  [10/32 — 31.2%] > jain115sandeep@gmail.com
2026-05-01 18:19:16 [CAMPUS] [INFO   ]   Connecting to jain115sandeep@gmail.com …
2026-05-01 18:19:22 [CAMPUS] [INFO   ]   INBOX without 'PROCESSED-CAMPUS': 4 UID(s) (newer_than:30d or SINCE fallback)
2026-05-01 18:19:22 [CAMPUS] [INFO   ]   Pass 1: scanning headers of 4 email(s) (batch size 40)...
2026-05-01 18:19:22 [CAMPUS] [INFO   ]     … 4/4 headers
2026-05-01 18:19:23 [CAMPUS] [INFO   ]   Pass 1 done — full fetch for 4 UID(s); tagged NON-CAMPUS from headers: 0
2026-05-01 18:19:23 [CAMPUS] [INFO   ]   Pass 2: full body (BODY.PEEK[]) for 4 UID(s) (batch 8, progress every 5)…
2026-05-01 18:19:23 [CAMPUS] [INFO   ]     … 4/4 full fetch (batch 4 UID(s))
2026-05-01 18:19:23 [CAMPUS] [INFO   ]     … 4/4 full fetch (batch received, processing…)
2026-05-01 18:19:23 [CAMPUS] [INFO   ]     … 1/4 full fetch
2026-05-01 18:19:27 [CAMPUS] [INFO   ]     … 4/4 full fetch
2026-05-01 18:19:29 [CAMPUS] [INFO   ]   Pass 2 done — 4 full fetch(es) finished.
2026-05-01 18:19:29 [CAMPUS] [INFO   ] 
  [11/32 — 34.4%] > jain200sandeep@gmail.com
2026-05-01 18:19:29 [CAMPUS] [INFO   ]   Connecting to jain200sandeep@gmail.com …
2026-05-01 18:19:34 [CAMPUS] [INFO   ]   INBOX without 'PROCESSED-CAMPUS': 4 UID(s) (newer_than:30d or SINCE fallback)
2026-05-01 18:19:34 [CAMPUS] [INFO   ]   Pass 1: scanning headers of 4 email(s) (batch size 40)...
2026-05-01 18:19:34 [CAMPUS] [INFO   ]     … 4/4 headers
2026-05-01 18:19:34 [CAMPUS] [INFO   ]   Pass 1 done — full fetch for 4 UID(s); tagged NON-CAMPUS from headers: 0
2026-05-01 18:19:34 [CAMPUS] [INFO   ]   Pass 2: full body (BODY.PEEK[]) for 4 UID(s) (batch 8, progress every 5)…
2026-05-01 18:19:34 [CAMPUS] [INFO   ]     … 4/4 full fetch (batch 4 UID(s))
2026-05-01 18:19:35 [CAMPUS] [INFO   ]     … 4/4 full fetch (batch received, processing…)
2026-05-01 18:19:35 [CAMPUS] [INFO   ]     … 1/4 full fetch
2026-05-01 18:19:39 [CAMPUS] [INFO   ]     … 4/4 full fetch
2026-05-01 18:19:40 [CAMPUS] [INFO   ]   Pass 2 done — 4 full fetch(es) finished.
2026-05-01 18:19:40 [CAMPUS] [INFO   ] 
  [12/32 — 37.5%] > jain201sandeep@gmail.com
2026-05-01 18:19:40 [CAMPUS] [INFO   ]   Connecting to jain201sandeep@gmail.com …
2026-05-01 18:19:44 [CAMPUS] [INFO   ]   INBOX without 'PROCESSED-CAMPUS': 6 UID(s) (newer_than:30d or SINCE fallback)
2026-05-01 18:19:44 [CAMPUS] [INFO   ]   Pass 1: scanning headers of 6 email(s) (batch size 40)...
2026-05-01 18:19:44 [CAMPUS] [INFO   ]     … 6/6 headers
2026-05-01 18:19:44 [CAMPUS] [INFO   ]   Pass 1 done — full fetch for 6 UID(s); tagged NON-CAMPUS from headers: 0
2026-05-01 18:19:44 [CAMPUS] [INFO   ]   Pass 2: full body (BODY.PEEK[]) for 6 UID(s) (batch 8, progress every 5)…
2026-05-01 18:19:44 [CAMPUS] [INFO   ]     … 6/6 full fetch (batch 6 UID(s))
2026-05-01 18:19:45 [CAMPUS] [INFO   ]     … 6/6 full fetch (batch received, processing…)
2026-05-01 18:19:45 [CAMPUS] [INFO   ]     … 1/6 full fetch
2026-05-01 18:19:50 [CAMPUS] [INFO   ]     … 5/6 full fetch
2026-05-01 18:19:51 [CAMPUS] [INFO   ]     … 6/6 full fetch
2026-05-01 18:19:52 [CAMPUS] [INFO   ]   Pass 2 done — 6 full fetch(es) finished.
2026-05-01 18:19:52 [CAMPUS] [INFO   ] 
  [13/32 — 40.6%] > jain202sandeep@gmail.com
2026-05-01 18:19:52 [CAMPUS] [INFO   ]   Connecting to jain202sandeep@gmail.com …
2026-05-01 18:19:57 [CAMPUS] [INFO   ]   INBOX without 'PROCESSED-CAMPUS': 5 UID(s) (newer_than:30d or SINCE fallback)
2026-05-01 18:19:57 [CAMPUS] [INFO   ]   Pass 1: scanning headers of 5 email(s) (batch size 40)...
2026-05-01 18:19:57 [CAMPUS] [INFO   ]     … 5/5 headers
2026-05-01 18:19:57 [CAMPUS] [INFO   ]   Pass 1 done — full fetch for 5 UID(s); tagged NON-CAMPUS from headers: 0
2026-05-01 18:19:57 [CAMPUS] [INFO   ]   Pass 2: full body (BODY.PEEK[]) for 5 UID(s) (batch 8, progress every 5)…
2026-05-01 18:19:57 [CAMPUS] [INFO   ]     … 5/5 full fetch (batch 5 UID(s))
2026-05-01 18:19:58 [CAMPUS] [INFO   ]     … 5/5 full fetch (batch received, processing…)
2026-05-01 18:19:58 [CAMPUS] [INFO   ]     … 1/5 full fetch
2026-05-01 18:20:03 [CAMPUS] [INFO   ]     … 5/5 full fetch
2026-05-01 18:20:04 [CAMPUS] [INFO   ]   Pass 2 done — 5 full fetch(es) finished.
2026-05-01 18:20:04 [CAMPUS] [INFO   ] 
  [14/32 — 43.8%] > jain203sandeep@gmail.com
2026-05-01 18:20:04 [CAMPUS] [INFO   ]   Connecting to jain203sandeep@gmail.com …
2026-05-01 18:20:10 [CAMPUS] [INFO   ]   INBOX without 'PROCESSED-CAMPUS': 8 UID(s) (newer_than:30d or SINCE fallback)
2026-05-01 18:20:10 [CAMPUS] [INFO   ]   Pass 1: scanning headers of 8 email(s) (batch size 40)...
2026-05-01 18:20:10 [CAMPUS] [INFO   ]     … 8/8 headers
2026-05-01 18:20:10 [CAMPUS] [INFO   ]   Pass 1 done — full fetch for 8 UID(s); tagged NON-CAMPUS from headers: 0
2026-05-01 18:20:10 [CAMPUS] [INFO   ]   Pass 2: full body (BODY.PEEK[]) for 8 UID(s) (batch 8, progress every 5)…
2026-05-01 18:20:10 [CAMPUS] [INFO   ]     … 8/8 full fetch (batch 8 UID(s))
2026-05-01 18:20:11 [CAMPUS] [INFO   ]     … 8/8 full fetch (batch received, processing…)
2026-05-01 18:20:11 [CAMPUS] [INFO   ]     … 1/8 full fetch
2026-05-01 18:20:17 [CAMPUS] [INFO   ]     … 5/8 full fetch
2026-05-01 18:20:21 [CAMPUS] [INFO   ]     … 8/8 full fetch
2026-05-01 18:20:22 [CAMPUS] [INFO   ]   Pass 2 done — 8 full fetch(es) finished.
2026-05-01 18:20:22 [CAMPUS] [INFO   ] 
  [15/32 — 46.9%] > jain204sandeep@gmail.com
2026-05-01 18:20:22 [CAMPUS] [INFO   ]   Connecting to jain204sandeep@gmail.com …
2026-05-01 18:20:27 [CAMPUS] [INFO   ]   INBOX without 'PROCESSED-CAMPUS': 4 UID(s) (newer_than:30d or SINCE fallback)
2026-05-01 18:20:27 [CAMPUS] [INFO   ]   Pass 1: scanning headers of 4 email(s) (batch size 40)...
2026-05-01 18:20:27 [CAMPUS] [INFO   ]     … 4/4 headers
2026-05-01 18:20:28 [CAMPUS] [INFO   ]   Pass 1 done — full fetch for 4 UID(s); tagged NON-CAMPUS from headers: 0
2026-05-01 18:20:28 [CAMPUS] [INFO   ]   Pass 2: full body (BODY.PEEK[]) for 4 UID(s) (batch 8, progress every 5)…
2026-05-01 18:20:28 [CAMPUS] [INFO   ]     … 4/4 full fetch (batch 4 UID(s))
2026-05-01 18:20:29 [CAMPUS] [INFO   ]     … 4/4 full fetch (batch received, processing…)
2026-05-01 18:20:29 [CAMPUS] [INFO   ]     … 1/4 full fetch
2026-05-01 18:20:32 [CAMPUS] [INFO   ]     … 4/4 full fetch
2026-05-01 18:20:33 [CAMPUS] [INFO   ]   Pass 2 done — 4 full fetch(es) finished.
2026-05-01 18:20:33 [CAMPUS] [INFO   ] 
  [16/32 — 50.0%] > jain205sandeep@gmail.com
2026-05-01 18:20:33 [CAMPUS] [INFO   ]   Connecting to jain205sandeep@gmail.com …
2026-05-01 18:20:38 [CAMPUS] [INFO   ]   INBOX without 'PROCESSED-CAMPUS': 6 UID(s) (newer_than:30d or SINCE fallback)
2026-05-01 18:20:38 [CAMPUS] [INFO   ]   Pass 1: scanning headers of 6 email(s) (batch size 40)...
2026-05-01 18:20:38 [CAMPUS] [INFO   ]     … 6/6 headers
2026-05-01 18:20:39 [CAMPUS] [INFO   ]   Pass 1 done — full fetch for 6 UID(s); tagged NON-CAMPUS from headers: 0
2026-05-01 18:20:39 [CAMPUS] [INFO   ]   Pass 2: full body (BODY.PEEK[]) for 6 UID(s) (batch 8, progress every 5)…
2026-05-01 18:20:39 [CAMPUS] [INFO   ]     … 6/6 full fetch (batch 6 UID(s))
2026-05-01 18:20:40 [CAMPUS] [INFO   ]     … 6/6 full fetch (batch received, processing…)
2026-05-01 18:20:40 [CAMPUS] [INFO   ]     … 1/6 full fetch
2026-05-01 18:20:44 [CAMPUS] [INFO   ]     … 5/6 full fetch
2026-05-01 18:20:45 [CAMPUS] [INFO   ]     … 6/6 full fetch
2026-05-01 18:20:45 [CAMPUS] [INFO   ]   [BOUNCE->FAILURE] priyanka.naga@iitdh.ac.in
2026-05-01 18:20:46 [CAMPUS] [INFO   ]   Pass 2 done — 6 full fetch(es) finished.
2026-05-01 18:20:46 [CAMPUS] [INFO   ] 
  [17/32 — 53.1%] > jain206sandeep@gmail.com
2026-05-01 18:20:46 [CAMPUS] [INFO   ]   Connecting to jain206sandeep@gmail.com …
2026-05-01 18:20:52 [CAMPUS] [INFO   ]   INBOX without 'PROCESSED-CAMPUS': 3 UID(s) (newer_than:30d or SINCE fallback)
2026-05-01 18:20:52 [CAMPUS] [INFO   ]   Pass 1: scanning headers of 3 email(s) (batch size 40)...
2026-05-01 18:20:52 [CAMPUS] [INFO   ]     … 3/3 headers
2026-05-01 18:20:52 [CAMPUS] [INFO   ]   Pass 1 done — full fetch for 3 UID(s); tagged NON-CAMPUS from headers: 0
2026-05-01 18:20:52 [CAMPUS] [INFO   ]   Pass 2: full body (BODY.PEEK[]) for 3 UID(s) (batch 8, progress every 5)…
2026-05-01 18:20:52 [CAMPUS] [INFO   ]     … 3/3 full fetch (batch 3 UID(s))
2026-05-01 18:20:53 [CAMPUS] [INFO   ]     … 3/3 full fetch (batch received, processing…)
2026-05-01 18:20:53 [CAMPUS] [INFO   ]     … 1/3 full fetch
2026-05-01 18:20:55 [CAMPUS] [INFO   ]     … 3/3 full fetch
2026-05-01 18:20:57 [CAMPUS] [INFO   ]   Pass 2 done — 3 full fetch(es) finished.
2026-05-01 18:20:57 [CAMPUS] [INFO   ] 
  [18/32 — 56.2%] > jain207sandeep@gmail.com
2026-05-01 18:20:57 [CAMPUS] [INFO   ]   Connecting to jain207sandeep@gmail.com …
2026-05-01 18:21:01 [CAMPUS] [INFO   ]   INBOX without 'PROCESSED-CAMPUS': 6 UID(s) (newer_than:30d or SINCE fallback)
2026-05-01 18:21:01 [CAMPUS] [INFO   ]   Pass 1: scanning headers of 6 email(s) (batch size 40)...
2026-05-01 18:21:01 [CAMPUS] [INFO   ]     … 6/6 headers
2026-05-01 18:21:02 [CAMPUS] [INFO   ]   Pass 1 done — full fetch for 6 UID(s); tagged NON-CAMPUS from headers: 0
2026-05-01 18:21:02 [CAMPUS] [INFO   ]   Pass 2: full body (BODY.PEEK[]) for 6 UID(s) (batch 8, progress every 5)…
2026-05-01 18:21:02 [CAMPUS] [INFO   ]     … 6/6 full fetch (batch 6 UID(s))
2026-05-01 18:21:02 [CAMPUS] [INFO   ]     … 6/6 full fetch (batch received, processing…)
2026-05-01 18:21:02 [CAMPUS] [INFO   ]     … 1/6 full fetch
2026-05-01 18:21:06 [CAMPUS] [INFO   ]     … 5/6 full fetch
2026-05-01 18:21:07 [CAMPUS] [INFO   ]     … 6/6 full fetch
2026-05-01 18:21:08 [CAMPUS] [INFO   ]   Pass 2 done — 6 full fetch(es) finished.
2026-05-01 18:21:08 [CAMPUS] [INFO   ] 
  [19/32 — 59.4%] > jain208sandeep@gmail.com
2026-05-01 18:21:08 [CAMPUS] [INFO   ]   Connecting to jain208sandeep@gmail.com …
2026-05-01 18:21:14 [CAMPUS] [INFO   ]   INBOX without 'PROCESSED-CAMPUS': 3 UID(s) (newer_than:30d or SINCE fallback)
2026-05-01 18:21:14 [CAMPUS] [INFO   ]   Pass 1: scanning headers of 3 email(s) (batch size 40)...
2026-05-01 18:21:14 [CAMPUS] [INFO   ]     … 3/3 headers
2026-05-01 18:21:14 [CAMPUS] [INFO   ]   Pass 1 done — full fetch for 3 UID(s); tagged NON-CAMPUS from headers: 0
2026-05-01 18:21:14 [CAMPUS] [INFO   ]   Pass 2: full body (BODY.PEEK[]) for 3 UID(s) (batch 8, progress every 5)…
2026-05-01 18:21:14 [CAMPUS] [INFO   ]     … 3/3 full fetch (batch 3 UID(s))
2026-05-01 18:21:15 [CAMPUS] [INFO   ]     … 3/3 full fetch (batch received, processing…)
2026-05-01 18:21:15 [CAMPUS] [INFO   ]     … 1/3 full fetch
2026-05-01 18:21:17 [CAMPUS] [INFO   ]     … 3/3 full fetch
2026-05-01 18:21:19 [CAMPUS] [INFO   ]   Pass 2 done — 3 full fetch(es) finished.
2026-05-01 18:21:19 [CAMPUS] [INFO   ] 
  [20/32 — 62.5%] > jain1001sandeep@gmail.com
2026-05-01 18:21:19 [CAMPUS] [INFO   ]   Connecting to jain1001sandeep@gmail.com …
2026-05-01 18:21:23 [CAMPUS] [INFO   ]   INBOX without 'PROCESSED-CAMPUS': 6 UID(s) (newer_than:30d or SINCE fallback)
2026-05-01 18:21:23 [CAMPUS] [INFO   ]   Pass 1: scanning headers of 6 email(s) (batch size 40)...
2026-05-01 18:21:23 [CAMPUS] [INFO   ]     … 6/6 headers
2026-05-01 18:21:25 [CAMPUS] [INFO   ]   Pass 1 done — full fetch for 5 UID(s); tagged NON-CAMPUS from headers: 1
2026-05-01 18:21:25 [CAMPUS] [INFO   ]   Pass 2: full body (BODY.PEEK[]) for 5 UID(s) (batch 8, progress every 5)…
2026-05-01 18:21:25 [CAMPUS] [INFO   ]     … 5/5 full fetch (batch 5 UID(s))
2026-05-01 18:21:26 [CAMPUS] [INFO   ]     … 5/5 full fetch (batch received, processing…)
2026-05-01 18:21:26 [CAMPUS] [INFO   ]     … 1/5 full fetch
2026-05-01 18:21:31 [CAMPUS] [INFO   ]     … 5/5 full fetch
2026-05-01 18:21:33 [CAMPUS] [INFO   ]   Pass 2 done — 5 full fetch(es) finished.
2026-05-01 18:21:33 [CAMPUS] [INFO   ] 
  Bounces found   : 1
2026-05-01 18:21:33 [CAMPUS] [INFO   ]   Human responses : 2
2026-05-01 18:21:33 [CAMPUS] [INFO   ] 
[STEP 2] Sending to up to 10 institute(s)...
2026-05-01 18:21:33 [CAMPUS] [INFO   ]   Institutes ready: 10
2026-05-01 18:21:33 [CAMPUS] [INFO   ] 
  [26] Sending to: cdc@iitdh.ac.in
2026-05-01 18:21:33 [CAMPUS] [INFO   ]        From [1/32 — 3.1%]: jain106sandeep@gmail.com
2026-05-01 18:21:39 [CAMPUS] [INFO   ]        [OK] Sent successfully
2026-05-01 18:21:42 [CAMPUS] [INFO   ] 
  [31] Sending to: officeofdirector@manit.ac.in
2026-05-01 18:21:42 [CAMPUS] [INFO   ]        From [2/32 — 6.2%]: sj1799274@gmail.com
2026-05-01 18:21:48 [CAMPUS] [INFO   ]        [OK] Sent successfully
2026-05-01 18:21:51 [CAMPUS] [INFO   ] 
  [33] Sending to: cdc@nitdgp.ac.in
2026-05-01 18:21:51 [CAMPUS] [INFO   ]        From [3/32 — 9.4%]: jain109sandeep@gmail.com
2026-05-01 18:21:56 [CAMPUS] [INFO   ]        [OK] Sent successfully
2026-05-01 18:21:59 [CAMPUS] [INFO   ] 
  [34] Sending to: sgupta.sp@nitjsr.ac.in
2026-05-01 18:21:59 [CAMPUS] [INFO   ]        From [4/32 — 12.5%]: jain111sandeep@gmail.com
2026-05-01 18:22:05 [CAMPUS] [INFO   ]        [OK] Sent successfully
2026-05-01 18:22:08 [CAMPUS] [INFO   ] 
  [35] Sending to: director@nitw.ac.in
2026-05-01 18:22:08 [CAMPUS] [INFO   ]        From [5/32 — 15.6%]: sandeep196605@gmail.com
2026-05-01 18:22:14 [CAMPUS] [INFO   ]        [OK] Sent successfully
2026-05-01 18:22:17 [CAMPUS] [INFO   ] 
  [36] Sending to: director@nitk.edu.in
2026-05-01 18:22:17 [CAMPUS] [INFO   ]        From [6/32 — 18.8%]: jain114sandeep@gmail.com
2026-05-01 18:22:22 [CAMPUS] [INFO   ]        [OK] Sent successfully
2026-05-01 18:22:25 [CAMPUS] [INFO   ] 
  [38] Sending to: subha@nitc.ac.in
2026-05-01 18:22:25 [CAMPUS] [INFO   ]        From [7/32 — 21.9%]: jain105sandeep@gmail.com
2026-05-01 18:22:31 [CAMPUS] [INFO   ]        [OK] Sent successfully
2026-05-01 18:22:34 [CAMPUS] [INFO   ] 
  [40] Sending to: ic_tnp@svnit.ac.in
2026-05-01 18:22:34 [CAMPUS] [INFO   ]        From [8/32 — 25.0%]: jain107sandeep@gmail.com
2026-05-01 18:22:40 [CAMPUS] [INFO   ]        [OK] Sent successfully
2026-05-01 18:22:43 [CAMPUS] [INFO   ] 
  [41] Sending to: hod.cse@mnit.ac.in
2026-05-01 18:22:43 [CAMPUS] [INFO   ]        From [9/32 — 28.1%]: sj7634811@gmail.com
2026-05-01 18:22:48 [CAMPUS] [INFO   ]        [OK] Sent successfully
2026-05-01 18:22:51 [CAMPUS] [INFO   ] 
  [43] Sending to: tp@nitt.edu
2026-05-01 18:22:51 [CAMPUS] [INFO   ]        From [10/32 — 31.2%]: jain115sandeep@gmail.com
2026-05-01 18:22:57 [CAMPUS] [INFO   ]        [OK] Sent successfully
2026-05-01 18:23:00 [CAMPUS] [INFO   ] 
================================================================
2026-05-01 18:23:00 [CAMPUS] [INFO   ]   Emails sent      : 10
2026-05-01 18:23:00 [CAMPUS] [INFO   ]   Send failures    : 0
2026-05-01 18:23:00 [CAMPUS] [INFO   ]   Bounces detected : 1
2026-05-01 18:23:00 [CAMPUS] [INFO   ]   Human responses  : 2
2026-05-01 18:23:00 [CAMPUS] [INFO   ] ================================================================
