2026-05-04 23:45:53 [CAMPUS] [INFO   ] [LOG] C:\Users\sandeep\Downloads\Claudes\CampusPlacement\crm\logs\campaign_2026-05-04_23-45-53.log
2026-05-04 23:45:53 [CAMPUS] [INFO   ] ================================================================
2026-05-04 23:45:53 [CAMPUS] [INFO   ]   PLACEMENT CRM – CAMPAIGN RUNNER
2026-05-04 23:45:53 [CAMPUS] [INFO   ]   Run : 2026-05-04 23:45:53
2026-05-04 23:45:53 [CAMPUS] [INFO   ]   Mode: Send up to 1 institute(s)
2026-05-04 23:45:53 [CAMPUS] [INFO   ] ================================================================
2026-05-04 23:45:53 [CAMPUS] [INFO   ]   Gmail accounts available: 32
2026-05-04 23:45:53 [CAMPUS] [INFO   ] 
[STEP 1] Checking inboxes for bounces and human replies...
2026-05-04 23:45:53 [CAMPUS] [INFO   ]   Monitoring 143 'Sent' address(es)
2026-05-04 23:45:53 [CAMPUS] [INFO   ]   Checking 31/32 accounts (only those that sent emails; order follows JSON)
2026-05-04 23:45:53 [CAMPUS] [INFO   ] 
  [1/32 — 3.1%] > jain106sandeep@gmail.com
2026-05-04 23:45:53 [CAMPUS] [INFO   ]   Connecting to jain106sandeep@gmail.com …
2026-05-04 23:45:59 [CAMPUS] [INFO   ]   INBOX without 'PROCESSED-CAMPUS': 1 UID(s) (newer_than:30d or SINCE fallback)
2026-05-04 23:45:59 [CAMPUS] [INFO   ]   Pass 1: scanning headers of 1 email(s) (batch size 40)...
2026-05-04 23:45:59 [CAMPUS] [INFO   ]     … 1/1 headers
2026-05-04 23:45:59 [CAMPUS] [INFO   ]   Pass 1 done — full fetch for 1 UID(s); tagged NON-CAMPUS from headers: 0
2026-05-04 23:45:59 [CAMPUS] [INFO   ]   Pass 2: full body (BODY.PEEK[]) for 1 UID(s) (batch 8, progress every 5)…
2026-05-04 23:45:59 [CAMPUS] [INFO   ]     … 1/1 full fetch (batch 1 UID(s))
2026-05-04 23:46:00 [CAMPUS] [INFO   ]     … 1/1 full fetch (batch received, processing…)
2026-05-04 23:46:00 [CAMPUS] [INFO   ]     … 1/1 full fetch
2026-05-04 23:46:00 [CAMPUS] [INFO   ]   [BOUNCE->FAILURE] corporaterelations@amu.ac.in
2026-05-04 23:46:01 [CAMPUS] [INFO   ]   Pass 2 done — 1 full fetch(es) finished.
2026-05-04 23:46:02 [CAMPUS] [INFO   ] 
  [2/32 — 6.2%] > sj1799274@gmail.com
2026-05-04 23:46:02 [CAMPUS] [INFO   ]   Connecting to sj1799274@gmail.com …
2026-05-04 23:46:06 [CAMPUS] [INFO   ]   INBOX without 'PROCESSED-CAMPUS': 1 UID(s) (newer_than:30d or SINCE fallback)
2026-05-04 23:46:06 [CAMPUS] [INFO   ]   Pass 1: scanning headers of 1 email(s) (batch size 40)...
2026-05-04 23:46:06 [CAMPUS] [INFO   ]     … 1/1 headers
2026-05-04 23:46:06 [CAMPUS] [INFO   ]   Pass 1 done — full fetch for 1 UID(s); tagged NON-CAMPUS from headers: 0
2026-05-04 23:46:06 [CAMPUS] [INFO   ]   Pass 2: full body (BODY.PEEK[]) for 1 UID(s) (batch 8, progress every 5)…
2026-05-04 23:46:06 [CAMPUS] [INFO   ]     … 1/1 full fetch (batch 1 UID(s))
2026-05-04 23:46:07 [CAMPUS] [INFO   ]     … 1/1 full fetch (batch received, processing…)
2026-05-04 23:46:07 [CAMPUS] [INFO   ]     … 1/1 full fetch
2026-05-04 23:46:07 [CAMPUS] [INFO   ]   [BOUNCE->FAILURE] corporaterelations@sanskrit.nic.in
2026-05-04 23:46:08 [CAMPUS] [INFO   ]   Pass 2 done — 1 full fetch(es) finished.
2026-05-04 23:46:08 [CAMPUS] [INFO   ] 
  [3/32 — 9.4%] > jain109sandeep@gmail.com
2026-05-04 23:46:08 [CAMPUS] [INFO   ]   Connecting to jain109sandeep@gmail.com …
2026-05-04 23:46:14 [CAMPUS] [INFO   ]   INBOX without 'PROCESSED-CAMPUS': 1 UID(s) (newer_than:30d or SINCE fallback)
2026-05-04 23:46:14 [CAMPUS] [INFO   ]   Pass 1: scanning headers of 1 email(s) (batch size 40)...
2026-05-04 23:46:14 [CAMPUS] [INFO   ]     … 1/1 headers
2026-05-04 23:46:15 [CAMPUS] [INFO   ]   Pass 1 done — full fetch for 1 UID(s); tagged NON-CAMPUS from headers: 0
2026-05-04 23:46:15 [CAMPUS] [INFO   ]   Pass 2: full body (BODY.PEEK[]) for 1 UID(s) (batch 8, progress every 5)…
2026-05-04 23:46:15 [CAMPUS] [INFO   ]     … 1/1 full fetch (batch 1 UID(s))
2026-05-04 23:46:15 [CAMPUS] [INFO   ]     … 1/1 full fetch (batch received, processing…)
2026-05-04 23:46:15 [CAMPUS] [INFO   ]     … 1/1 full fetch
2026-05-04 23:46:15 [CAMPUS] [INFO   ]   [BOUNCE->FAILURE] corporaterelations@nta.ac.in
2026-05-04 23:46:17 [CAMPUS] [INFO   ]   Pass 2 done — 1 full fetch(es) finished.
2026-05-04 23:46:17 [CAMPUS] [INFO   ] 
  [4/32 — 12.5%] > jain111sandeep@gmail.com
2026-05-04 23:46:17 [CAMPUS] [INFO   ]   Connecting to jain111sandeep@gmail.com …
2026-05-04 23:46:22 [CAMPUS] [INFO   ]   INBOX without 'PROCESSED-CAMPUS': 1 UID(s) (newer_than:30d or SINCE fallback)
2026-05-04 23:46:22 [CAMPUS] [INFO   ]   Pass 1: scanning headers of 1 email(s) (batch size 40)...
2026-05-04 23:46:22 [CAMPUS] [INFO   ]     … 1/1 headers
2026-05-04 23:46:23 [CAMPUS] [INFO   ]   Pass 1 done — full fetch for 1 UID(s); tagged NON-CAMPUS from headers: 0
2026-05-04 23:46:23 [CAMPUS] [INFO   ]   Pass 2: full body (BODY.PEEK[]) for 1 UID(s) (batch 8, progress every 5)…
2026-05-04 23:46:23 [CAMPUS] [INFO   ]     … 1/1 full fetch (batch 1 UID(s))
2026-05-04 23:46:23 [CAMPUS] [INFO   ]     … 1/1 full fetch (batch received, processing…)
2026-05-04 23:46:23 [CAMPUS] [INFO   ]     … 1/1 full fetch
2026-05-04 23:46:23 [CAMPUS] [INFO   ]   [BOUNCE->FAILURE] corporaterelations@andhrakesariuniversity.in
2026-05-04 23:46:24 [CAMPUS] [INFO   ]   Pass 2 done — 1 full fetch(es) finished.
2026-05-04 23:46:24 [CAMPUS] [INFO   ] 
  [5/32 — 15.6%] > sandeep196605@gmail.com
2026-05-04 23:46:24 [CAMPUS] [INFO   ]   Connecting to sandeep196605@gmail.com …
2026-05-04 23:46:31 [CAMPUS] [INFO   ]   INBOX without 'PROCESSED-CAMPUS': 1 UID(s) (newer_than:30d or SINCE fallback)
2026-05-04 23:46:31 [CAMPUS] [INFO   ]   Pass 1: scanning headers of 1 email(s) (batch size 40)...
2026-05-04 23:46:31 [CAMPUS] [INFO   ]     … 1/1 headers
2026-05-04 23:46:31 [CAMPUS] [INFO   ]   Pass 1 done — full fetch for 1 UID(s); tagged NON-CAMPUS from headers: 0
2026-05-04 23:46:31 [CAMPUS] [INFO   ]   Pass 2: full body (BODY.PEEK[]) for 1 UID(s) (batch 8, progress every 5)…
2026-05-04 23:46:31 [CAMPUS] [INFO   ]     … 1/1 full fetch (batch 1 UID(s))
2026-05-04 23:46:32 [CAMPUS] [INFO   ]     … 1/1 full fetch (batch received, processing…)
2026-05-04 23:46:32 [CAMPUS] [INFO   ]     … 1/1 full fetch
2026-05-04 23:46:32 [CAMPUS] [INFO   ]   [BOUNCE->FAILURE] corporaterelations@buat.edu.in
2026-05-04 23:46:33 [CAMPUS] [INFO   ]   Pass 2 done — 1 full fetch(es) finished.
2026-05-04 23:46:34 [CAMPUS] [INFO   ] 
  [6/32 — 18.8%] > jain114sandeep@gmail.com
2026-05-04 23:46:34 [CAMPUS] [INFO   ]   Connecting to jain114sandeep@gmail.com …
2026-05-04 23:46:40 [CAMPUS] [INFO   ]   INBOX without 'PROCESSED-CAMPUS': 1 UID(s) (newer_than:30d or SINCE fallback)
2026-05-04 23:46:40 [CAMPUS] [INFO   ]   Pass 1: scanning headers of 1 email(s) (batch size 40)...
2026-05-04 23:46:40 [CAMPUS] [INFO   ]     … 1/1 headers
2026-05-04 23:46:40 [CAMPUS] [INFO   ]   Pass 1 done — full fetch for 1 UID(s); tagged NON-CAMPUS from headers: 0
2026-05-04 23:46:40 [CAMPUS] [INFO   ]   Pass 2: full body (BODY.PEEK[]) for 1 UID(s) (batch 8, progress every 5)…
2026-05-04 23:46:40 [CAMPUS] [INFO   ]     … 1/1 full fetch (batch 1 UID(s))
2026-05-04 23:46:41 [CAMPUS] [INFO   ]     … 1/1 full fetch (batch received, processing…)
2026-05-04 23:46:41 [CAMPUS] [INFO   ]     … 1/1 full fetch
2026-05-04 23:46:41 [CAMPUS] [INFO   ]   [BOUNCE->FAILURE] coe@cuc.ac.in
2026-05-04 23:46:42 [CAMPUS] [INFO   ]   Pass 2 done — 1 full fetch(es) finished.
2026-05-04 23:46:43 [CAMPUS] [INFO   ] 
  [7/32 — 21.9%] > jain105sandeep@gmail.com
2026-05-04 23:46:43 [CAMPUS] [INFO   ]   Connecting to jain105sandeep@gmail.com …
2026-05-04 23:46:47 [CAMPUS] [INFO   ]   INBOX without 'PROCESSED-CAMPUS': 1 UID(s) (newer_than:30d or SINCE fallback)
2026-05-04 23:46:47 [CAMPUS] [INFO   ]   Pass 1: scanning headers of 1 email(s) (batch size 40)...
2026-05-04 23:46:47 [CAMPUS] [INFO   ]     … 1/1 headers
2026-05-04 23:46:47 [CAMPUS] [INFO   ]   Pass 1 done — full fetch for 1 UID(s); tagged NON-CAMPUS from headers: 0
2026-05-04 23:46:47 [CAMPUS] [INFO   ]   Pass 2: full body (BODY.PEEK[]) for 1 UID(s) (batch 8, progress every 5)…
2026-05-04 23:46:47 [CAMPUS] [INFO   ]     … 1/1 full fetch (batch 1 UID(s))
2026-05-04 23:46:47 [CAMPUS] [INFO   ]     … 1/1 full fetch (batch received, processing…)
2026-05-04 23:46:47 [CAMPUS] [INFO   ]     … 1/1 full fetch
2026-05-04 23:46:47 [CAMPUS] [INFO   ]   [BOUNCE->FAILURE] coe@malayalamuniversity.edu.in
2026-05-04 23:46:48 [CAMPUS] [INFO   ]   Pass 2 done — 1 full fetch(es) finished.
2026-05-04 23:46:48 [CAMPUS] [INFO   ] 
  [8/32 — 25.0%] > jain107sandeep@gmail.com
2026-05-04 23:46:48 [CAMPUS] [INFO   ]   Connecting to jain107sandeep@gmail.com …
2026-05-04 23:46:53 [CAMPUS] [INFO   ]   INBOX without 'PROCESSED-CAMPUS': 1 UID(s) (newer_than:30d or SINCE fallback)
2026-05-04 23:46:53 [CAMPUS] [INFO   ]   Pass 1: scanning headers of 1 email(s) (batch size 40)...
2026-05-04 23:46:53 [CAMPUS] [INFO   ]     … 1/1 headers
2026-05-04 23:46:54 [CAMPUS] [INFO   ]   Pass 1 done — full fetch for 1 UID(s); tagged NON-CAMPUS from headers: 0
2026-05-04 23:46:54 [CAMPUS] [INFO   ]   Pass 2: full body (BODY.PEEK[]) for 1 UID(s) (batch 8, progress every 5)…
2026-05-04 23:46:54 [CAMPUS] [INFO   ]     … 1/1 full fetch (batch 1 UID(s))
2026-05-04 23:46:54 [CAMPUS] [INFO   ]     … 1/1 full fetch (batch received, processing…)
2026-05-04 23:46:54 [CAMPUS] [INFO   ]     … 1/1 full fetch
2026-05-04 23:46:54 [CAMPUS] [INFO   ]   [BOUNCE->FAILURE] coe@bfuhs.ac.in
2026-05-04 23:46:55 [CAMPUS] [INFO   ]   Pass 2 done — 1 full fetch(es) finished.
2026-05-04 23:46:55 [CAMPUS] [INFO   ] 
  [9/32 — 28.1%] > sj7634811@gmail.com
2026-05-04 23:46:55 [CAMPUS] [INFO   ]   Connecting to sj7634811@gmail.com …
2026-05-04 23:46:59 [CAMPUS] [INFO   ]   INBOX without 'PROCESSED-CAMPUS': 1 UID(s) (newer_than:30d or SINCE fallback)
2026-05-04 23:46:59 [CAMPUS] [INFO   ]   Pass 1: scanning headers of 1 email(s) (batch size 40)...
2026-05-04 23:46:59 [CAMPUS] [INFO   ]     … 1/1 headers
2026-05-04 23:46:59 [CAMPUS] [INFO   ]   Pass 1 done — full fetch for 1 UID(s); tagged NON-CAMPUS from headers: 0
2026-05-04 23:46:59 [CAMPUS] [INFO   ]   Pass 2: full body (BODY.PEEK[]) for 1 UID(s) (batch 8, progress every 5)…
2026-05-04 23:46:59 [CAMPUS] [INFO   ]     … 1/1 full fetch (batch 1 UID(s))
2026-05-04 23:46:59 [CAMPUS] [INFO   ]     … 1/1 full fetch (batch received, processing…)
2026-05-04 23:46:59 [CAMPUS] [INFO   ]     … 1/1 full fetch
2026-05-04 23:46:59 [CAMPUS] [INFO   ]   [BOUNCE->FAILURE] coe@brau.edu.in
2026-05-04 23:47:00 [CAMPUS] [INFO   ]   Pass 2 done — 1 full fetch(es) finished.
2026-05-04 23:47:01 [CAMPUS] [INFO   ] 
  [10/32 — 31.2%] > jain115sandeep@gmail.com
2026-05-04 23:47:01 [CAMPUS] [INFO   ]   Connecting to jain115sandeep@gmail.com …
2026-05-04 23:47:06 [CAMPUS] [INFO   ]   INBOX without 'PROCESSED-CAMPUS': 1 UID(s) (newer_than:30d or SINCE fallback)
2026-05-04 23:47:06 [CAMPUS] [INFO   ]   Pass 1: scanning headers of 1 email(s) (batch size 40)...
2026-05-04 23:47:06 [CAMPUS] [INFO   ]     … 1/1 headers
2026-05-04 23:47:07 [CAMPUS] [INFO   ]   Pass 1 done — full fetch for 1 UID(s); tagged NON-CAMPUS from headers: 0
2026-05-04 23:47:07 [CAMPUS] [INFO   ]   Pass 2: full body (BODY.PEEK[]) for 1 UID(s) (batch 8, progress every 5)…
2026-05-04 23:47:07 [CAMPUS] [INFO   ]     … 1/1 full fetch (batch 1 UID(s))
2026-05-04 23:47:07 [CAMPUS] [INFO   ]     … 1/1 full fetch (batch received, processing…)
2026-05-04 23:47:07 [CAMPUS] [INFO   ]     … 1/1 full fetch
2026-05-04 23:47:07 [CAMPUS] [INFO   ]   [BOUNCE->FAILURE] registrar@kannadauniversity.org
2026-05-04 23:47:09 [CAMPUS] [INFO   ]   Pass 2 done — 1 full fetch(es) finished.
2026-05-04 23:47:09 [CAMPUS] [INFO   ] 
  [11/32 — 34.4%] > jain200sandeep@gmail.com
2026-05-04 23:47:09 [CAMPUS] [INFO   ]   Connecting to jain200sandeep@gmail.com …
2026-05-04 23:47:14 [CAMPUS] [INFO   ]   INBOX without 'PROCESSED-CAMPUS': 0 UID(s) (newer_than:30d or SINCE fallback)
2026-05-04 23:47:14 [CAMPUS] [INFO   ]   Pass 1: scanning headers of 0 email(s) (batch size 40)...
2026-05-04 23:47:14 [CAMPUS] [INFO   ]   Pass 1 done — full fetch for 0 UID(s); tagged NON-CAMPUS from headers: 0
2026-05-04 23:47:14 [CAMPUS] [INFO   ] 
  [12/32 — 37.5%] > jain201sandeep@gmail.com
2026-05-04 23:47:14 [CAMPUS] [INFO   ]   Connecting to jain201sandeep@gmail.com …
2026-05-04 23:47:18 [CAMPUS] [INFO   ]   INBOX without 'PROCESSED-CAMPUS': 0 UID(s) (newer_than:30d or SINCE fallback)
2026-05-04 23:47:18 [CAMPUS] [INFO   ]   Pass 1: scanning headers of 0 email(s) (batch size 40)...
2026-05-04 23:47:18 [CAMPUS] [INFO   ]   Pass 1 done — full fetch for 0 UID(s); tagged NON-CAMPUS from headers: 0
2026-05-04 23:47:18 [CAMPUS] [INFO   ] 
  [13/32 — 40.6%] > jain202sandeep@gmail.com
2026-05-04 23:47:18 [CAMPUS] [INFO   ]   Connecting to jain202sandeep@gmail.com …
2026-05-04 23:47:22 [CAMPUS] [INFO   ]   INBOX without 'PROCESSED-CAMPUS': 1 UID(s) (newer_than:30d or SINCE fallback)
2026-05-04 23:47:22 [CAMPUS] [INFO   ]   Pass 1: scanning headers of 1 email(s) (batch size 40)...
2026-05-04 23:47:22 [CAMPUS] [INFO   ]     … 1/1 headers
2026-05-04 23:47:22 [CAMPUS] [INFO   ]   Pass 1 done — full fetch for 1 UID(s); tagged NON-CAMPUS from headers: 0
2026-05-04 23:47:22 [CAMPUS] [INFO   ]   Pass 2: full body (BODY.PEEK[]) for 1 UID(s) (batch 8, progress every 5)…
2026-05-04 23:47:22 [CAMPUS] [INFO   ]     … 1/1 full fetch (batch 1 UID(s))
2026-05-04 23:47:22 [CAMPUS] [INFO   ]     … 1/1 full fetch (batch received, processing…)
2026-05-04 23:47:22 [CAMPUS] [INFO   ]     … 1/1 full fetch
2026-05-04 23:47:22 [CAMPUS] [INFO   ]   [BOUNCE->FAILURE] placement@ndvsu.org
2026-05-04 23:47:23 [CAMPUS] [INFO   ]   Pass 2 done — 1 full fetch(es) finished.
2026-05-04 23:47:24 [CAMPUS] [INFO   ] 
  [14/32 — 43.8%] > jain203sandeep@gmail.com
2026-05-04 23:47:24 [CAMPUS] [INFO   ]   Connecting to jain203sandeep@gmail.com …
2026-05-04 23:47:29 [CAMPUS] [INFO   ]   INBOX without 'PROCESSED-CAMPUS': 1 UID(s) (newer_than:30d or SINCE fallback)
2026-05-04 23:47:29 [CAMPUS] [INFO   ]   Pass 1: scanning headers of 1 email(s) (batch size 40)...
2026-05-04 23:47:29 [CAMPUS] [INFO   ]     … 1/1 headers
2026-05-04 23:47:29 [CAMPUS] [INFO   ]   Pass 1 done — full fetch for 1 UID(s); tagged NON-CAMPUS from headers: 0
2026-05-04 23:47:29 [CAMPUS] [INFO   ]   Pass 2: full body (BODY.PEEK[]) for 1 UID(s) (batch 8, progress every 5)…
2026-05-04 23:47:29 [CAMPUS] [INFO   ]     … 1/1 full fetch (batch 1 UID(s))
2026-05-04 23:47:30 [CAMPUS] [INFO   ]     … 1/1 full fetch (batch received, processing…)
2026-05-04 23:47:30 [CAMPUS] [INFO   ]     … 1/1 full fetch
2026-05-04 23:47:30 [CAMPUS] [INFO   ]   [BOUNCE->FAILURE] placement@ngu.ac.in
2026-05-04 23:47:31 [CAMPUS] [INFO   ]   Pass 2 done — 1 full fetch(es) finished.
2026-05-04 23:47:31 [CAMPUS] [INFO   ] 
  [15/32 — 46.9%] > jain204sandeep@gmail.com
2026-05-04 23:47:31 [CAMPUS] [INFO   ]   Connecting to jain204sandeep@gmail.com …
2026-05-04 23:47:36 [CAMPUS] [INFO   ]   INBOX without 'PROCESSED-CAMPUS': 1 UID(s) (newer_than:30d or SINCE fallback)
2026-05-04 23:47:36 [CAMPUS] [INFO   ]   Pass 1: scanning headers of 1 email(s) (batch size 40)...
2026-05-04 23:47:36 [CAMPUS] [INFO   ]     … 1/1 headers
2026-05-04 23:47:37 [CAMPUS] [INFO   ]   Pass 1 done — full fetch for 1 UID(s); tagged NON-CAMPUS from headers: 0
2026-05-04 23:47:37 [CAMPUS] [INFO   ]   Pass 2: full body (BODY.PEEK[]) for 1 UID(s) (batch 8, progress every 5)…
2026-05-04 23:47:37 [CAMPUS] [INFO   ]     … 1/1 full fetch (batch 1 UID(s))
2026-05-04 23:47:37 [CAMPUS] [INFO   ]     … 1/1 full fetch (batch received, processing…)
2026-05-04 23:47:37 [CAMPUS] [INFO   ]     … 1/1 full fetch
2026-05-04 23:47:37 [CAMPUS] [INFO   ]   [BOUNCE->FAILURE] placement@nims.edu.in
2026-05-04 23:47:38 [CAMPUS] [INFO   ]   Pass 2 done — 1 full fetch(es) finished.
2026-05-04 23:47:39 [CAMPUS] [INFO   ] 
  [16/32 — 50.0%] > jain205sandeep@gmail.com
2026-05-04 23:47:39 [CAMPUS] [INFO   ]   Connecting to jain205sandeep@gmail.com …
2026-05-04 23:47:43 [CAMPUS] [INFO   ]   INBOX without 'PROCESSED-CAMPUS': 0 UID(s) (newer_than:30d or SINCE fallback)
2026-05-04 23:47:43 [CAMPUS] [INFO   ]   Pass 1: scanning headers of 0 email(s) (batch size 40)...
2026-05-04 23:47:43 [CAMPUS] [INFO   ]   Pass 1 done — full fetch for 0 UID(s); tagged NON-CAMPUS from headers: 0
2026-05-04 23:47:44 [CAMPUS] [INFO   ] 
  [17/32 — 53.1%] > jain206sandeep@gmail.com
2026-05-04 23:47:44 [CAMPUS] [INFO   ]   Connecting to jain206sandeep@gmail.com …
2026-05-04 23:47:48 [CAMPUS] [INFO   ]   INBOX without 'PROCESSED-CAMPUS': 0 UID(s) (newer_than:30d or SINCE fallback)
2026-05-04 23:47:48 [CAMPUS] [INFO   ]   Pass 1: scanning headers of 0 email(s) (batch size 40)...
2026-05-04 23:47:48 [CAMPUS] [INFO   ]   Pass 1 done — full fetch for 0 UID(s); tagged NON-CAMPUS from headers: 0
2026-05-04 23:47:49 [CAMPUS] [INFO   ] 
  [18/32 — 56.2%] > jain207sandeep@gmail.com
2026-05-04 23:47:49 [CAMPUS] [INFO   ]   Connecting to jain207sandeep@gmail.com …
2026-05-04 23:47:52 [CAMPUS] [INFO   ]   INBOX without 'PROCESSED-CAMPUS': 0 UID(s) (newer_than:30d or SINCE fallback)
2026-05-04 23:47:52 [CAMPUS] [INFO   ]   Pass 1: scanning headers of 0 email(s) (batch size 40)...
2026-05-04 23:47:52 [CAMPUS] [INFO   ]   Pass 1 done — full fetch for 0 UID(s); tagged NON-CAMPUS from headers: 0
2026-05-04 23:47:53 [CAMPUS] [INFO   ] 
  [19/32 — 59.4%] > jain208sandeep@gmail.com
2026-05-04 23:47:53 [CAMPUS] [INFO   ]   Connecting to jain208sandeep@gmail.com …
2026-05-04 23:47:58 [CAMPUS] [INFO   ]   INBOX without 'PROCESSED-CAMPUS': 0 UID(s) (newer_than:30d or SINCE fallback)
2026-05-04 23:47:58 [CAMPUS] [INFO   ]   Pass 1: scanning headers of 0 email(s) (batch size 40)...
2026-05-04 23:47:58 [CAMPUS] [INFO   ]   Pass 1 done — full fetch for 0 UID(s); tagged NON-CAMPUS from headers: 0
2026-05-04 23:47:58 [CAMPUS] [INFO   ] 
  [20/32 — 62.5%] > jain1001sandeep@gmail.com
2026-05-04 23:47:58 [CAMPUS] [INFO   ]   Connecting to jain1001sandeep@gmail.com …
2026-05-04 23:48:02 [CAMPUS] [INFO   ]   INBOX without 'PROCESSED-CAMPUS': 0 UID(s) (newer_than:30d or SINCE fallback)
2026-05-04 23:48:02 [CAMPUS] [INFO   ]   Pass 1: scanning headers of 0 email(s) (batch size 40)...
2026-05-04 23:48:02 [CAMPUS] [INFO   ]   Pass 1 done — full fetch for 0 UID(s); tagged NON-CAMPUS from headers: 0
2026-05-04 23:48:03 [CAMPUS] [INFO   ] 
  [21/32 — 65.6%] > jain1002sandeep@gmail.com
2026-05-04 23:48:03 [CAMPUS] [INFO   ]   Connecting to jain1002sandeep@gmail.com …
2026-05-04 23:48:06 [CAMPUS] [INFO   ]   INBOX without 'PROCESSED-CAMPUS': 0 UID(s) (newer_than:30d or SINCE fallback)
2026-05-04 23:48:06 [CAMPUS] [INFO   ]   Pass 1: scanning headers of 0 email(s) (batch size 40)...
2026-05-04 23:48:06 [CAMPUS] [INFO   ]   Pass 1 done — full fetch for 0 UID(s); tagged NON-CAMPUS from headers: 0
2026-05-04 23:48:07 [CAMPUS] [INFO   ] 
  [22/32 — 68.8%] > jain1003sandeep@gmail.com
2026-05-04 23:48:07 [CAMPUS] [INFO   ]   Connecting to jain1003sandeep@gmail.com …
2026-05-04 23:48:13 [CAMPUS] [INFO   ]   INBOX without 'PROCESSED-CAMPUS': 0 UID(s) (newer_than:30d or SINCE fallback)
2026-05-04 23:48:13 [CAMPUS] [INFO   ]   Pass 1: scanning headers of 0 email(s) (batch size 40)...
2026-05-04 23:48:13 [CAMPUS] [INFO   ]   Pass 1 done — full fetch for 0 UID(s); tagged NON-CAMPUS from headers: 0
2026-05-04 23:48:13 [CAMPUS] [INFO   ] 
  [23/32 — 71.9%] > jain1004sandeep@gmail.com
2026-05-04 23:48:13 [CAMPUS] [INFO   ]   Connecting to jain1004sandeep@gmail.com …
2026-05-04 23:48:22 [CAMPUS] [INFO   ]   INBOX without 'PROCESSED-CAMPUS': 0 UID(s) (newer_than:30d or SINCE fallback)
2026-05-04 23:48:22 [CAMPUS] [INFO   ]   Pass 1: scanning headers of 0 email(s) (batch size 40)...
2026-05-04 23:48:22 [CAMPUS] [INFO   ]   Pass 1 done — full fetch for 0 UID(s); tagged NON-CAMPUS from headers: 0
2026-05-04 23:48:22 [CAMPUS] [INFO   ] 
  [25/32 — 78.1%] > jain104sandeep@gmail.com
2026-05-04 23:48:22 [CAMPUS] [INFO   ]   Connecting to jain104sandeep@gmail.com …
2026-05-04 23:48:27 [CAMPUS] [INFO   ]   INBOX without 'PROCESSED-CAMPUS': 0 UID(s) (newer_than:30d or SINCE fallback)
2026-05-04 23:48:27 [CAMPUS] [INFO   ]   Pass 1: scanning headers of 0 email(s) (batch size 40)...
2026-05-04 23:48:27 [CAMPUS] [INFO   ]   Pass 1 done — full fetch for 0 UID(s); tagged NON-CAMPUS from headers: 0
2026-05-04 23:48:27 [CAMPUS] [INFO   ] 
  [26/32 — 81.2%] > jain214sandeep@gmail.com
2026-05-04 23:48:27 [CAMPUS] [INFO   ]   Connecting to jain214sandeep@gmail.com …
2026-05-04 23:48:36 [CAMPUS] [INFO   ]   INBOX without 'PROCESSED-CAMPUS': 0 UID(s) (newer_than:30d or SINCE fallback)
2026-05-04 23:48:36 [CAMPUS] [INFO   ]   Pass 1: scanning headers of 0 email(s) (batch size 40)...
2026-05-04 23:48:36 [CAMPUS] [INFO   ]   Pass 1 done — full fetch for 0 UID(s); tagged NON-CAMPUS from headers: 0
2026-05-04 23:48:36 [CAMPUS] [INFO   ] 
  [27/32 — 84.4%] > jain215sandeep@gmail.com
2026-05-04 23:48:36 [CAMPUS] [INFO   ]   Connecting to jain215sandeep@gmail.com …
2026-05-04 23:48:42 [CAMPUS] [INFO   ]   INBOX without 'PROCESSED-CAMPUS': 0 UID(s) (newer_than:30d or SINCE fallback)
2026-05-04 23:48:42 [CAMPUS] [INFO   ]   Pass 1: scanning headers of 0 email(s) (batch size 40)...
2026-05-04 23:48:42 [CAMPUS] [INFO   ]   Pass 1 done — full fetch for 0 UID(s); tagged NON-CAMPUS from headers: 0
2026-05-04 23:48:42 [CAMPUS] [INFO   ] 
  [28/32 — 87.5%] > jain216sandeep@gmail.com
2026-05-04 23:48:42 [CAMPUS] [INFO   ]   Connecting to jain216sandeep@gmail.com …
2026-05-04 23:48:48 [CAMPUS] [INFO   ]   INBOX without 'PROCESSED-CAMPUS': 0 UID(s) (newer_than:30d or SINCE fallback)
2026-05-04 23:48:48 [CAMPUS] [INFO   ]   Pass 1: scanning headers of 0 email(s) (batch size 40)...
2026-05-04 23:48:48 [CAMPUS] [INFO   ]   Pass 1 done — full fetch for 0 UID(s); tagged NON-CAMPUS from headers: 0
2026-05-04 23:48:48 [CAMPUS] [INFO   ] 
  [29/32 — 90.6%] > jainsandeep729@gmail.com
2026-05-04 23:48:48 [CAMPUS] [INFO   ]   Connecting to jainsandeep729@gmail.com …
2026-05-04 23:48:53 [CAMPUS] [INFO   ]   INBOX without 'PROCESSED-CAMPUS': 0 UID(s) (newer_than:30d or SINCE fallback)
2026-05-04 23:48:53 [CAMPUS] [INFO   ]   Pass 1: scanning headers of 0 email(s) (batch size 40)...
2026-05-04 23:48:53 [CAMPUS] [INFO   ]   Pass 1 done — full fetch for 0 UID(s); tagged NON-CAMPUS from headers: 0
2026-05-04 23:48:54 [CAMPUS] [INFO   ] 
  [30/32 — 93.8%] > mandify1@gmail.com
2026-05-04 23:48:54 [CAMPUS] [INFO   ]   Connecting to mandify1@gmail.com …
2026-05-04 23:48:58 [CAMPUS] [INFO   ]   INBOX without 'PROCESSED-CAMPUS': 0 UID(s) (newer_than:30d or SINCE fallback)
2026-05-04 23:48:58 [CAMPUS] [INFO   ]   Pass 1: scanning headers of 0 email(s) (batch size 40)...
2026-05-04 23:48:58 [CAMPUS] [INFO   ]   Pass 1 done — full fetch for 0 UID(s); tagged NON-CAMPUS from headers: 0
2026-05-04 23:48:58 [CAMPUS] [INFO   ] 
  [31/32 — 96.9%] > mandify2@gmail.com
2026-05-04 23:48:58 [CAMPUS] [INFO   ]   Connecting to mandify2@gmail.com …
2026-05-04 23:49:03 [CAMPUS] [INFO   ]   INBOX without 'PROCESSED-CAMPUS': 0 UID(s) (newer_than:30d or SINCE fallback)
2026-05-04 23:49:03 [CAMPUS] [INFO   ]   Pass 1: scanning headers of 0 email(s) (batch size 40)...
2026-05-04 23:49:03 [CAMPUS] [INFO   ]   Pass 1 done — full fetch for 0 UID(s); tagged NON-CAMPUS from headers: 0
2026-05-04 23:49:03 [CAMPUS] [INFO   ] 
  [32/32 — 100.0%] > sj5739255@gmail.com
2026-05-04 23:49:03 [CAMPUS] [INFO   ]   Connecting to sj5739255@gmail.com …
2026-05-04 23:49:09 [CAMPUS] [INFO   ]   INBOX without 'PROCESSED-CAMPUS': 0 UID(s) (newer_than:30d or SINCE fallback)
2026-05-04 23:49:09 [CAMPUS] [INFO   ]   Pass 1: scanning headers of 0 email(s) (batch size 40)...
2026-05-04 23:49:09 [CAMPUS] [INFO   ]   Pass 1 done — full fetch for 0 UID(s); tagged NON-CAMPUS from headers: 0
2026-05-04 23:49:09 [CAMPUS] [INFO   ] 
  Bounces found   : 13
2026-05-04 23:49:09 [CAMPUS] [INFO   ]   Human responses : 0
2026-05-04 23:49:09 [CAMPUS] [INFO   ] 
[STEP 2] Sending to up to 1 institute(s)...
2026-05-04 23:49:09 [CAMPUS] [INFO   ]   Institutes ready: 1
2026-05-04 23:49:09 [CAMPUS] [INFO   ] 
  [04] Sending to: dean@amu.ac.in
2026-05-04 23:49:09 [CAMPUS] [INFO   ]        From [1/32 — 3.1%]: jain106sandeep@gmail.com
2026-05-04 23:49:15 [CAMPUS] [INFO   ]        [OK] Sent successfully
2026-05-04 23:49:18 [CAMPUS] [INFO   ] 
================================================================
2026-05-04 23:49:18 [CAMPUS] [INFO   ]   Emails sent      : 1
2026-05-04 23:49:18 [CAMPUS] [INFO   ]   Send failures    : 0
2026-05-04 23:49:18 [CAMPUS] [INFO   ]   Bounces detected : 13
2026-05-04 23:49:18 [CAMPUS] [INFO   ]   Human responses  : 0
2026-05-04 23:49:18 [CAMPUS] [INFO   ] ================================================================
