2026-05-01 18:25:23 [CAMPUS] [INFO   ] [LOG] C:\Users\sandeep\Downloads\Claudes\CampusPlacement\crm\logs\campaign_2026-05-01_18-25-23.log
2026-05-01 18:25:23 [CAMPUS] [INFO   ] ================================================================
2026-05-01 18:25:23 [CAMPUS] [INFO   ]   PLACEMENT CRM – CAMPAIGN RUNNER
2026-05-01 18:25:23 [CAMPUS] [INFO   ]   Run : 2026-05-01 18:25:23
2026-05-01 18:25:23 [CAMPUS] [INFO   ]   Mode: Send up to 10 institute(s)
2026-05-01 18:25:23 [CAMPUS] [INFO   ] ================================================================
2026-05-01 18:25:23 [CAMPUS] [INFO   ]   Gmail accounts available: 32
2026-05-01 18:25:23 [CAMPUS] [INFO   ] 
[STEP 1] Checking inboxes for bounces and human replies...
2026-05-01 18:25:23 [CAMPUS] [INFO   ]   Monitoring 29 'Sent' address(es)
2026-05-01 18:25:23 [CAMPUS] [INFO   ]   Checking 20/32 accounts (only those that sent emails; order follows JSON)
2026-05-01 18:25:23 [CAMPUS] [INFO   ] 
  [1/32 — 3.1%] > jain106sandeep@gmail.com
2026-05-01 18:25:23 [CAMPUS] [INFO   ]   Connecting to jain106sandeep@gmail.com …
2026-05-01 18:25:29 [CAMPUS] [INFO   ]   INBOX without 'PROCESSED-CAMPUS': 2 UID(s) (newer_than:30d or SINCE fallback)
2026-05-01 18:25:29 [CAMPUS] [INFO   ]   Pass 1: scanning headers of 2 email(s) (batch size 40)...
2026-05-01 18:25:29 [CAMPUS] [INFO   ]     … 2/2 headers
2026-05-01 18:25:29 [CAMPUS] [INFO   ]   Pass 1 done — full fetch for 2 UID(s); tagged NON-CAMPUS from headers: 0
2026-05-01 18:25:29 [CAMPUS] [INFO   ]   Pass 2: full body (BODY.PEEK[]) for 2 UID(s) (batch 8, progress every 5)…
2026-05-01 18:25:29 [CAMPUS] [INFO   ]     … 2/2 full fetch (batch 2 UID(s))
2026-05-01 18:25:30 [CAMPUS] [INFO   ]     … 2/2 full fetch (batch received, processing…)
2026-05-01 18:25:30 [CAMPUS] [INFO   ]     … 1/2 full fetch
2026-05-01 18:25:30 [CAMPUS] [INFO   ]   [HUMAN REPLY] from: jain106sandeep@gmail.com
2026-05-01 18:25:36 [CAMPUS] [INFO   ]   [FORWARDED] REPLY-CAMPUS → sandeepjain200019@gmail.com
2026-05-01 18:25:41 [CAMPUS] [INFO   ]   [AUTOREPLY SENT] to jain106sandeep@gmail.com
2026-05-01 18:25:43 [CAMPUS] [INFO   ]     … 2/2 full fetch
2026-05-01 18:25:43 [CAMPUS] [INFO   ]   [HUMAN REPLY] from: jain106sandeep@gmail.com
2026-05-01 18:25:49 [CAMPUS] [INFO   ]   [FORWARDED] REPLY-CAMPUS → sandeepjain200019@gmail.com
2026-05-01 18:25:55 [CAMPUS] [INFO   ]   [AUTOREPLY SENT] to jain106sandeep@gmail.com
2026-05-01 18:25:57 [CAMPUS] [INFO   ]   Pass 2 done — 2 full fetch(es) finished.
2026-05-01 18:25:57 [CAMPUS] [INFO   ] 
  [2/32 — 6.2%] > sj1799274@gmail.com
2026-05-01 18:25:57 [CAMPUS] [INFO   ]   Connecting to sj1799274@gmail.com …
2026-05-01 18:26:02 [CAMPUS] [INFO   ]   INBOX without 'PROCESSED-CAMPUS': 0 UID(s) (newer_than:30d or SINCE fallback)
2026-05-01 18:26:02 [CAMPUS] [INFO   ]   Pass 1: scanning headers of 0 email(s) (batch size 40)...
2026-05-01 18:26:02 [CAMPUS] [INFO   ]   Pass 1 done — full fetch for 0 UID(s); tagged NON-CAMPUS from headers: 0
2026-05-01 18:26:02 [CAMPUS] [INFO   ] 
  [3/32 — 9.4%] > jain109sandeep@gmail.com
2026-05-01 18:26:02 [CAMPUS] [INFO   ]   Connecting to jain109sandeep@gmail.com …
2026-05-01 18:26:09 [CAMPUS] [INFO   ]   INBOX without 'PROCESSED-CAMPUS': 0 UID(s) (newer_than:30d or SINCE fallback)
2026-05-01 18:26:09 [CAMPUS] [INFO   ]   Pass 1: scanning headers of 0 email(s) (batch size 40)...
2026-05-01 18:26:09 [CAMPUS] [INFO   ]   Pass 1 done — full fetch for 0 UID(s); tagged NON-CAMPUS from headers: 0
2026-05-01 18:26:09 [CAMPUS] [INFO   ] 
  [4/32 — 12.5%] > jain111sandeep@gmail.com
2026-05-01 18:26:09 [CAMPUS] [INFO   ]   Connecting to jain111sandeep@gmail.com …
2026-05-01 18:26:15 [CAMPUS] [INFO   ]   INBOX without 'PROCESSED-CAMPUS': 0 UID(s) (newer_than:30d or SINCE fallback)
2026-05-01 18:26:15 [CAMPUS] [INFO   ]   Pass 1: scanning headers of 0 email(s) (batch size 40)...
2026-05-01 18:26:15 [CAMPUS] [INFO   ]   Pass 1 done — full fetch for 0 UID(s); tagged NON-CAMPUS from headers: 0
2026-05-01 18:26:16 [CAMPUS] [INFO   ] 
  [5/32 — 15.6%] > sandeep196605@gmail.com
2026-05-01 18:26:16 [CAMPUS] [INFO   ]   Connecting to sandeep196605@gmail.com …
2026-05-01 18:26:23 [CAMPUS] [INFO   ]   INBOX without 'PROCESSED-CAMPUS': 0 UID(s) (newer_than:30d or SINCE fallback)
2026-05-01 18:26:23 [CAMPUS] [INFO   ]   Pass 1: scanning headers of 0 email(s) (batch size 40)...
2026-05-01 18:26:23 [CAMPUS] [INFO   ]   Pass 1 done — full fetch for 0 UID(s); tagged NON-CAMPUS from headers: 0
2026-05-01 18:26:23 [CAMPUS] [INFO   ] 
  [6/32 — 18.8%] > jain114sandeep@gmail.com
2026-05-01 18:26:23 [CAMPUS] [INFO   ]   Connecting to jain114sandeep@gmail.com …
2026-05-01 18:26:30 [CAMPUS] [INFO   ]   INBOX without 'PROCESSED-CAMPUS': 0 UID(s) (newer_than:30d or SINCE fallback)
2026-05-01 18:26:30 [CAMPUS] [INFO   ]   Pass 1: scanning headers of 0 email(s) (batch size 40)...
2026-05-01 18:26:30 [CAMPUS] [INFO   ]   Pass 1 done — full fetch for 0 UID(s); tagged NON-CAMPUS from headers: 0
2026-05-01 18:26:30 [CAMPUS] [INFO   ] 
  [7/32 — 21.9%] > jain105sandeep@gmail.com
2026-05-01 18:26:30 [CAMPUS] [INFO   ]   Connecting to jain105sandeep@gmail.com …
2026-05-01 18:26:34 [CAMPUS] [INFO   ]   INBOX without 'PROCESSED-CAMPUS': 0 UID(s) (newer_than:30d or SINCE fallback)
2026-05-01 18:26:34 [CAMPUS] [INFO   ]   Pass 1: scanning headers of 0 email(s) (batch size 40)...
2026-05-01 18:26:34 [CAMPUS] [INFO   ]   Pass 1 done — full fetch for 0 UID(s); tagged NON-CAMPUS from headers: 0
2026-05-01 18:26:34 [CAMPUS] [INFO   ] 
  [8/32 — 25.0%] > jain107sandeep@gmail.com
2026-05-01 18:26:34 [CAMPUS] [INFO   ]   Connecting to jain107sandeep@gmail.com …
2026-05-01 18:26:39 [CAMPUS] [INFO   ]   INBOX without 'PROCESSED-CAMPUS': 0 UID(s) (newer_than:30d or SINCE fallback)
2026-05-01 18:26:39 [CAMPUS] [INFO   ]   Pass 1: scanning headers of 0 email(s) (batch size 40)...
2026-05-01 18:26:39 [CAMPUS] [INFO   ]   Pass 1 done — full fetch for 0 UID(s); tagged NON-CAMPUS from headers: 0
2026-05-01 18:26:39 [CAMPUS] [INFO   ] 
  [9/32 — 28.1%] > sj7634811@gmail.com
2026-05-01 18:26:39 [CAMPUS] [INFO   ]   Connecting to sj7634811@gmail.com …
2026-05-01 18:26:43 [CAMPUS] [INFO   ]   INBOX without 'PROCESSED-CAMPUS': 0 UID(s) (newer_than:30d or SINCE fallback)
2026-05-01 18:26:43 [CAMPUS] [INFO   ]   Pass 1: scanning headers of 0 email(s) (batch size 40)...
2026-05-01 18:26:43 [CAMPUS] [INFO   ]   Pass 1 done — full fetch for 0 UID(s); tagged NON-CAMPUS from headers: 0
2026-05-01 18:26:43 [CAMPUS] [INFO   ] 
  [10/32 — 31.2%] > jain115sandeep@gmail.com
2026-05-01 18:26:43 [CAMPUS] [INFO   ]   Connecting to jain115sandeep@gmail.com …
2026-05-01 18:26:49 [CAMPUS] [INFO   ]   INBOX without 'PROCESSED-CAMPUS': 0 UID(s) (newer_than:30d or SINCE fallback)
2026-05-01 18:26:49 [CAMPUS] [INFO   ]   Pass 1: scanning headers of 0 email(s) (batch size 40)...
2026-05-01 18:26:49 [CAMPUS] [INFO   ]   Pass 1 done — full fetch for 0 UID(s); tagged NON-CAMPUS from headers: 0
2026-05-01 18:26:49 [CAMPUS] [INFO   ] 
  [11/32 — 34.4%] > jain200sandeep@gmail.com
2026-05-01 18:26:49 [CAMPUS] [INFO   ]   Connecting to jain200sandeep@gmail.com …
2026-05-01 18:26:53 [CAMPUS] [INFO   ]   INBOX without 'PROCESSED-CAMPUS': 0 UID(s) (newer_than:30d or SINCE fallback)
2026-05-01 18:26:53 [CAMPUS] [INFO   ]   Pass 1: scanning headers of 0 email(s) (batch size 40)...
2026-05-01 18:26:53 [CAMPUS] [INFO   ]   Pass 1 done — full fetch for 0 UID(s); tagged NON-CAMPUS from headers: 0
2026-05-01 18:26:53 [CAMPUS] [INFO   ] 
  [12/32 — 37.5%] > jain201sandeep@gmail.com
2026-05-01 18:26:53 [CAMPUS] [INFO   ]   Connecting to jain201sandeep@gmail.com …
2026-05-01 18:26:58 [CAMPUS] [INFO   ]   INBOX without 'PROCESSED-CAMPUS': 0 UID(s) (newer_than:30d or SINCE fallback)
2026-05-01 18:26:58 [CAMPUS] [INFO   ]   Pass 1: scanning headers of 0 email(s) (batch size 40)...
2026-05-01 18:26:58 [CAMPUS] [INFO   ]   Pass 1 done — full fetch for 0 UID(s); tagged NON-CAMPUS from headers: 0
2026-05-01 18:26:58 [CAMPUS] [INFO   ] 
  [13/32 — 40.6%] > jain202sandeep@gmail.com
2026-05-01 18:26:58 [CAMPUS] [INFO   ]   Connecting to jain202sandeep@gmail.com …
2026-05-01 18:27:01 [CAMPUS] [INFO   ]   INBOX without 'PROCESSED-CAMPUS': 0 UID(s) (newer_than:30d or SINCE fallback)
2026-05-01 18:27:01 [CAMPUS] [INFO   ]   Pass 1: scanning headers of 0 email(s) (batch size 40)...
2026-05-01 18:27:01 [CAMPUS] [INFO   ]   Pass 1 done — full fetch for 0 UID(s); tagged NON-CAMPUS from headers: 0
2026-05-01 18:27:02 [CAMPUS] [INFO   ] 
  [14/32 — 43.8%] > jain203sandeep@gmail.com
2026-05-01 18:27:02 [CAMPUS] [INFO   ]   Connecting to jain203sandeep@gmail.com …
2026-05-01 18:27:07 [CAMPUS] [INFO   ]   INBOX without 'PROCESSED-CAMPUS': 0 UID(s) (newer_than:30d or SINCE fallback)
2026-05-01 18:27:07 [CAMPUS] [INFO   ]   Pass 1: scanning headers of 0 email(s) (batch size 40)...
2026-05-01 18:27:07 [CAMPUS] [INFO   ]   Pass 1 done — full fetch for 0 UID(s); tagged NON-CAMPUS from headers: 0
2026-05-01 18:27:08 [CAMPUS] [INFO   ] 
  [15/32 — 46.9%] > jain204sandeep@gmail.com
2026-05-01 18:27:08 [CAMPUS] [INFO   ]   Connecting to jain204sandeep@gmail.com …
2026-05-01 18:27:12 [CAMPUS] [INFO   ]   INBOX without 'PROCESSED-CAMPUS': 0 UID(s) (newer_than:30d or SINCE fallback)
2026-05-01 18:27:12 [CAMPUS] [INFO   ]   Pass 1: scanning headers of 0 email(s) (batch size 40)...
2026-05-01 18:27:12 [CAMPUS] [INFO   ]   Pass 1 done — full fetch for 0 UID(s); tagged NON-CAMPUS from headers: 0
2026-05-01 18:27:12 [CAMPUS] [INFO   ] 
  [16/32 — 50.0%] > jain205sandeep@gmail.com
2026-05-01 18:27:12 [CAMPUS] [INFO   ]   Connecting to jain205sandeep@gmail.com …
2026-05-01 18:27:17 [CAMPUS] [INFO   ]   INBOX without 'PROCESSED-CAMPUS': 0 UID(s) (newer_than:30d or SINCE fallback)
2026-05-01 18:27:17 [CAMPUS] [INFO   ]   Pass 1: scanning headers of 0 email(s) (batch size 40)...
2026-05-01 18:27:17 [CAMPUS] [INFO   ]   Pass 1 done — full fetch for 0 UID(s); tagged NON-CAMPUS from headers: 0
2026-05-01 18:27:18 [CAMPUS] [INFO   ] 
  [17/32 — 53.1%] > jain206sandeep@gmail.com
2026-05-01 18:27:18 [CAMPUS] [INFO   ]   Connecting to jain206sandeep@gmail.com …
2026-05-01 18:27:22 [CAMPUS] [INFO   ]   INBOX without 'PROCESSED-CAMPUS': 0 UID(s) (newer_than:30d or SINCE fallback)
2026-05-01 18:27:22 [CAMPUS] [INFO   ]   Pass 1: scanning headers of 0 email(s) (batch size 40)...
2026-05-01 18:27:22 [CAMPUS] [INFO   ]   Pass 1 done — full fetch for 0 UID(s); tagged NON-CAMPUS from headers: 0
2026-05-01 18:27:22 [CAMPUS] [INFO   ] 
  [18/32 — 56.2%] > jain207sandeep@gmail.com
2026-05-01 18:27:22 [CAMPUS] [INFO   ]   Connecting to jain207sandeep@gmail.com …
2026-05-01 18:27:27 [CAMPUS] [INFO   ]   INBOX without 'PROCESSED-CAMPUS': 0 UID(s) (newer_than:30d or SINCE fallback)
2026-05-01 18:27:27 [CAMPUS] [INFO   ]   Pass 1: scanning headers of 0 email(s) (batch size 40)...
2026-05-01 18:27:27 [CAMPUS] [INFO   ]   Pass 1 done — full fetch for 0 UID(s); tagged NON-CAMPUS from headers: 0
2026-05-01 18:27:27 [CAMPUS] [INFO   ] 
  [19/32 — 59.4%] > jain208sandeep@gmail.com
2026-05-01 18:27:27 [CAMPUS] [INFO   ]   Connecting to jain208sandeep@gmail.com …
2026-05-01 18:27:33 [CAMPUS] [INFO   ]   INBOX without 'PROCESSED-CAMPUS': 0 UID(s) (newer_than:30d or SINCE fallback)
2026-05-01 18:27:33 [CAMPUS] [INFO   ]   Pass 1: scanning headers of 0 email(s) (batch size 40)...
2026-05-01 18:27:33 [CAMPUS] [INFO   ]   Pass 1 done — full fetch for 0 UID(s); tagged NON-CAMPUS from headers: 0
2026-05-01 18:27:34 [CAMPUS] [INFO   ] 
  [20/32 — 62.5%] > jain1001sandeep@gmail.com
2026-05-01 18:27:34 [CAMPUS] [INFO   ]   Connecting to jain1001sandeep@gmail.com …
2026-05-01 18:27:37 [CAMPUS] [INFO   ]   INBOX without 'PROCESSED-CAMPUS': 0 UID(s) (newer_than:30d or SINCE fallback)
2026-05-01 18:27:37 [CAMPUS] [INFO   ]   Pass 1: scanning headers of 0 email(s) (batch size 40)...
2026-05-01 18:27:37 [CAMPUS] [INFO   ]   Pass 1 done — full fetch for 0 UID(s); tagged NON-CAMPUS from headers: 0
2026-05-01 18:27:38 [CAMPUS] [INFO   ] 
  Bounces found   : 0
2026-05-01 18:27:38 [CAMPUS] [INFO   ]   Human responses : 2
2026-05-01 18:27:38 [CAMPUS] [INFO   ] 
[STEP 2] Sending to up to 10 institute(s)...
2026-05-01 18:27:38 [CAMPUS] [INFO   ]   Institutes ready: 10
2026-05-01 18:27:38 [CAMPUS] [INFO   ] 
  [44] Sending to: tnp@nitkkr.ac.in
2026-05-01 18:27:38 [CAMPUS] [INFO   ]        From [1/32 — 3.1%]: jain106sandeep@gmail.com
2026-05-01 18:27:44 [CAMPUS] [INFO   ]        [OK] Sent successfully
2026-05-01 18:27:47 [CAMPUS] [INFO   ] 
  [46] Sending to: head.cse@nith.ac.in
2026-05-01 18:27:47 [CAMPUS] [INFO   ]        From [2/32 — 6.2%]: sj1799274@gmail.com
2026-05-01 18:27:52 [CAMPUS] [INFO   ]        [OK] Sent successfully
2026-05-01 18:27:55 [CAMPUS] [INFO   ] 
  [48] Sending to: pic.tnp@nits.ac.in
2026-05-01 18:27:55 [CAMPUS] [INFO   ]        From [3/32 — 9.4%]: jain109sandeep@gmail.com
2026-05-01 18:28:01 [CAMPUS] [INFO   ]        [OK] Sent successfully
2026-05-01 18:28:04 [CAMPUS] [INFO   ] 
  [50] Sending to: director@nitap.ac.in
2026-05-01 18:28:04 [CAMPUS] [INFO   ]        From [4/32 — 12.5%]: jain111sandeep@gmail.com
2026-05-01 18:28:10 [CAMPUS] [INFO   ]        [OK] Sent successfully
2026-05-01 18:28:13 [CAMPUS] [INFO   ] 
  [51] Sending to: tnp@nitdelhi.ac.in
2026-05-01 18:28:13 [CAMPUS] [INFO   ]        From [5/32 — 15.6%]: sandeep196605@gmail.com
2026-05-01 18:28:19 [CAMPUS] [INFO   ]        [OK] Sent successfully
2026-05-01 18:28:22 [CAMPUS] [INFO   ] 
  [52] Sending to: tpo@nitgoa.ac.in
2026-05-01 18:28:22 [CAMPUS] [INFO   ]        From [6/32 — 18.8%]: jain114sandeep@gmail.com
2026-05-01 18:28:27 [CAMPUS] [INFO   ]        [OK] Sent successfully
2026-05-01 18:28:30 [CAMPUS] [INFO   ] 
  [53] Sending to: tnp@nitmanipur.ac.in
2026-05-01 18:28:30 [CAMPUS] [INFO   ]        From [7/32 — 21.9%]: jain105sandeep@gmail.com
2026-05-01 18:28:36 [CAMPUS] [INFO   ]        [OK] Sent successfully
2026-05-01 18:28:39 [CAMPUS] [INFO   ] 
  [54] Sending to: c2p@nituk.ac.in
2026-05-01 18:28:39 [CAMPUS] [INFO   ]        From [8/32 — 25.0%]: jain107sandeep@gmail.com
2026-05-01 18:28:45 [CAMPUS] [INFO   ]        [OK] Sent successfully
2026-05-01 18:28:48 [CAMPUS] [INFO   ] 
  [55] Sending to: narendran@nitpy.ac.in
2026-05-01 18:28:48 [CAMPUS] [INFO   ]        From [9/32 — 28.1%]: sj7634811@gmail.com
2026-05-01 18:28:53 [CAMPUS] [INFO   ]        [OK] Sent successfully
2026-05-01 18:28:56 [CAMPUS] [INFO   ] 
  [57] Sending to: tap@nitandhra.ac.in
2026-05-01 18:28:56 [CAMPUS] [INFO   ]        From [10/32 — 31.2%]: jain115sandeep@gmail.com
2026-05-01 18:29:03 [CAMPUS] [INFO   ]        [OK] Sent successfully
2026-05-01 18:29:06 [CAMPUS] [INFO   ] 
================================================================
2026-05-01 18:29:06 [CAMPUS] [INFO   ]   Emails sent      : 10
2026-05-01 18:29:06 [CAMPUS] [INFO   ]   Send failures    : 0
2026-05-01 18:29:06 [CAMPUS] [INFO   ]   Bounces detected : 0
2026-05-01 18:29:06 [CAMPUS] [INFO   ]   Human responses  : 2
2026-05-01 18:29:06 [CAMPUS] [INFO   ] ================================================================
