2026-05-05 07:34:11 [CAMPUS] [INFO   ] [LOG] C:\Users\sandeep\Downloads\Claudes\CampusPlacement\crm\logs\campaign_2026-05-05_07-34-11.log
2026-05-05 07:34:11 [CAMPUS] [INFO   ] ================================================================
2026-05-05 07:34:11 [CAMPUS] [INFO   ]   PLACEMENT CRM – CAMPAIGN RUNNER
2026-05-05 07:34:11 [CAMPUS] [INFO   ]   Run : 2026-05-05 07:34:11
2026-05-05 07:34:11 [CAMPUS] [INFO   ]   Mode: Send up to -1 institute(s)
2026-05-05 07:34:11 [CAMPUS] [INFO   ] ================================================================
2026-05-05 07:34:11 [CAMPUS] [INFO   ]   Gmail accounts available: 32
2026-05-05 07:34:11 [CAMPUS] [INFO   ] 
[STEP 1] Checking inboxes for bounces and human replies...
2026-05-05 07:34:11 [CAMPUS] [INFO   ]   Monitoring 209 'Sent' address(es)
2026-05-05 07:34:11 [CAMPUS] [INFO   ]   Checking 31/32 accounts (only those that sent emails; order follows JSON)
2026-05-05 07:34:11 [CAMPUS] [INFO   ] 
  [1/32 — 3.1%] > jain106sandeep@gmail.com
2026-05-05 07:34:11 [CAMPUS] [INFO   ]   Connecting to jain106sandeep@gmail.com …
2026-05-05 07:34:17 [CAMPUS] [INFO   ]   INBOX without 'PROCESSED-CAMPUS': 3 UID(s) (newer_than:30d or SINCE fallback)
2026-05-05 07:34:17 [CAMPUS] [INFO   ]   Pass 1: scanning headers of 3 email(s) (batch size 40)...
2026-05-05 07:34:17 [CAMPUS] [INFO   ]     … 3/3 headers
2026-05-05 07:34:17 [CAMPUS] [INFO   ]   Pass 1 done — full fetch for 3 UID(s); tagged NON-CAMPUS from headers: 0
2026-05-05 07:34:17 [CAMPUS] [INFO   ]   Pass 2: full body (BODY.PEEK[]) for 3 UID(s) (batch 8, progress every 5)…
2026-05-05 07:34:17 [CAMPUS] [INFO   ]     … 3/3 full fetch (batch 3 UID(s))
2026-05-05 07:34:18 [CAMPUS] [INFO   ]     … 3/3 full fetch (batch received, processing…)
2026-05-05 07:34:18 [CAMPUS] [INFO   ]     … 1/3 full fetch
2026-05-05 07:34:18 [CAMPUS] [INFO   ]   [BOUNCE->FAILURE] outreach@amu.ac.in
2026-05-05 07:34:20 [CAMPUS] [INFO   ]   [BOUNCE->FAILURE] admissions@spmvv.ac.in
2026-05-05 07:34:22 [CAMPUS] [INFO   ]     … 3/3 full fetch
2026-05-05 07:34:22 [CAMPUS] [INFO   ]   [BOUNCE->FAILURE] admissions@abvmuup.edu.in
2026-05-05 07:34:23 [CAMPUS] [INFO   ]   Pass 2 done — 3 full fetch(es) finished.
2026-05-05 07:34:23 [CAMPUS] [INFO   ] 
  [2/32 — 6.2%] > sj1799274@gmail.com
2026-05-05 07:34:23 [CAMPUS] [INFO   ]   Connecting to sj1799274@gmail.com …
2026-05-05 07:34:28 [CAMPUS] [INFO   ]   INBOX without 'PROCESSED-CAMPUS': 2 UID(s) (newer_than:30d or SINCE fallback)
2026-05-05 07:34:28 [CAMPUS] [INFO   ]   Pass 1: scanning headers of 2 email(s) (batch size 40)...
2026-05-05 07:34:28 [CAMPUS] [INFO   ]     … 2/2 headers
2026-05-05 07:34:28 [CAMPUS] [INFO   ]   Pass 1 done — full fetch for 2 UID(s); tagged NON-CAMPUS from headers: 0
2026-05-05 07:34:28 [CAMPUS] [INFO   ]   Pass 2: full body (BODY.PEEK[]) for 2 UID(s) (batch 8, progress every 5)…
2026-05-05 07:34:28 [CAMPUS] [INFO   ]     … 2/2 full fetch (batch 2 UID(s))
2026-05-05 07:34:29 [CAMPUS] [INFO   ]     … 2/2 full fetch (batch received, processing…)
2026-05-05 07:34:29 [CAMPUS] [INFO   ]     … 1/2 full fetch
2026-05-05 07:34:29 [CAMPUS] [INFO   ]   [BOUNCE->FAILURE] director@sanskrit.nic.in
2026-05-05 07:34:30 [CAMPUS] [INFO   ]     … 2/2 full fetch
2026-05-05 07:34:30 [CAMPUS] [INFO   ]   [BOUNCE->FAILURE] admissions@spuvvn.edu
2026-05-05 07:34:31 [CAMPUS] [INFO   ]   Pass 2 done — 2 full fetch(es) finished.
2026-05-05 07:34:31 [CAMPUS] [INFO   ] 
  [3/32 — 9.4%] > jain109sandeep@gmail.com
2026-05-05 07:34:31 [CAMPUS] [INFO   ]   Connecting to jain109sandeep@gmail.com …
2026-05-05 07:34:37 [CAMPUS] [INFO   ]   INBOX without 'PROCESSED-CAMPUS': 1 UID(s) (newer_than:30d or SINCE fallback)
2026-05-05 07:34:37 [CAMPUS] [INFO   ]   Pass 1: scanning headers of 1 email(s) (batch size 40)...
2026-05-05 07:34:37 [CAMPUS] [INFO   ]     … 1/1 headers
2026-05-05 07:34:38 [CAMPUS] [INFO   ]   Pass 1 done — full fetch for 1 UID(s); tagged NON-CAMPUS from headers: 0
2026-05-05 07:34:38 [CAMPUS] [INFO   ]   Pass 2: full body (BODY.PEEK[]) for 1 UID(s) (batch 8, progress every 5)…
2026-05-05 07:34:38 [CAMPUS] [INFO   ]     … 1/1 full fetch (batch 1 UID(s))
2026-05-05 07:34:38 [CAMPUS] [INFO   ]     … 1/1 full fetch (batch received, processing…)
2026-05-05 07:34:38 [CAMPUS] [INFO   ]     … 1/1 full fetch
2026-05-05 07:34:38 [CAMPUS] [INFO   ]   [BOUNCE->FAILURE] director@nta.ac.in
2026-05-05 07:34:40 [CAMPUS] [INFO   ]   Pass 2 done — 1 full fetch(es) finished.
2026-05-05 07:34:40 [CAMPUS] [INFO   ] 
  [4/32 — 12.5%] > jain111sandeep@gmail.com
2026-05-05 07:34:40 [CAMPUS] [INFO   ]   Connecting to jain111sandeep@gmail.com …
2026-05-05 07:34:45 [CAMPUS] [INFO   ]   INBOX without 'PROCESSED-CAMPUS': 2 UID(s) (newer_than:30d or SINCE fallback)
2026-05-05 07:34:45 [CAMPUS] [INFO   ]   Pass 1: scanning headers of 2 email(s) (batch size 40)...
2026-05-05 07:34:45 [CAMPUS] [INFO   ]     … 2/2 headers
2026-05-05 07:34:46 [CAMPUS] [INFO   ]   Pass 1 done — full fetch for 2 UID(s); tagged NON-CAMPUS from headers: 0
2026-05-05 07:34:46 [CAMPUS] [INFO   ]   Pass 2: full body (BODY.PEEK[]) for 2 UID(s) (batch 8, progress every 5)…
2026-05-05 07:34:46 [CAMPUS] [INFO   ]     … 2/2 full fetch (batch 2 UID(s))
2026-05-05 07:34:46 [CAMPUS] [INFO   ]     … 2/2 full fetch (batch received, processing…)
2026-05-05 07:34:46 [CAMPUS] [INFO   ]     … 1/2 full fetch
2026-05-05 07:34:46 [CAMPUS] [INFO   ]   [BOUNCE->FAILURE] director@andhrakesariuniversity.in
2026-05-05 07:34:48 [CAMPUS] [INFO   ]     … 2/2 full fetch
2026-05-05 07:34:48 [CAMPUS] [INFO   ]   [BOUNCE->FAILURE] admissions@ssus.ac.in
2026-05-05 07:34:49 [CAMPUS] [INFO   ]   Pass 2 done — 2 full fetch(es) finished.
2026-05-05 07:34:49 [CAMPUS] [INFO   ] 
  [5/32 — 15.6%] > sandeep196605@gmail.com
2026-05-05 07:34:49 [CAMPUS] [INFO   ]   Connecting to sandeep196605@gmail.com …
2026-05-05 07:34:55 [CAMPUS] [INFO   ]   INBOX without 'PROCESSED-CAMPUS': 2 UID(s) (newer_than:30d or SINCE fallback)
2026-05-05 07:34:55 [CAMPUS] [INFO   ]   Pass 1: scanning headers of 2 email(s) (batch size 40)...
2026-05-05 07:34:55 [CAMPUS] [INFO   ]     … 2/2 headers
2026-05-05 07:34:56 [CAMPUS] [INFO   ]   Pass 1 done — full fetch for 2 UID(s); tagged NON-CAMPUS from headers: 0
2026-05-05 07:34:56 [CAMPUS] [INFO   ]   Pass 2: full body (BODY.PEEK[]) for 2 UID(s) (batch 8, progress every 5)…
2026-05-05 07:34:56 [CAMPUS] [INFO   ]     … 2/2 full fetch (batch 2 UID(s))
2026-05-05 07:34:56 [CAMPUS] [INFO   ]     … 2/2 full fetch (batch received, processing…)
2026-05-05 07:34:56 [CAMPUS] [INFO   ]     … 1/2 full fetch
2026-05-05 07:34:56 [CAMPUS] [INFO   ]   [BOUNCE->FAILURE] director@buat.edu.in
2026-05-05 07:34:58 [CAMPUS] [INFO   ]     … 2/2 full fetch
2026-05-05 07:34:58 [CAMPUS] [INFO   ]   [BOUNCE->FAILURE] admissions@svvedicuniversity.ac.in
2026-05-05 07:34:59 [CAMPUS] [INFO   ]   Pass 2 done — 2 full fetch(es) finished.
2026-05-05 07:34:59 [CAMPUS] [INFO   ] 
  [6/32 — 18.8%] > jain114sandeep@gmail.com
2026-05-05 07:34:59 [CAMPUS] [INFO   ]   Connecting to jain114sandeep@gmail.com …
2026-05-05 07:35:06 [CAMPUS] [INFO   ]   INBOX without 'PROCESSED-CAMPUS': 2 UID(s) (newer_than:30d or SINCE fallback)
2026-05-05 07:35:06 [CAMPUS] [INFO   ]   Pass 1: scanning headers of 2 email(s) (batch size 40)...
2026-05-05 07:35:06 [CAMPUS] [INFO   ]     … 2/2 headers
2026-05-05 07:35:07 [CAMPUS] [INFO   ]   Pass 1 done — full fetch for 2 UID(s); tagged NON-CAMPUS from headers: 0
2026-05-05 07:35:07 [CAMPUS] [INFO   ]   Pass 2: full body (BODY.PEEK[]) for 2 UID(s) (batch 8, progress every 5)…
2026-05-05 07:35:07 [CAMPUS] [INFO   ]     … 2/2 full fetch (batch 2 UID(s))
2026-05-05 07:35:08 [CAMPUS] [INFO   ]     … 2/2 full fetch (batch received, processing…)
2026-05-05 07:35:08 [CAMPUS] [INFO   ]     … 1/2 full fetch
2026-05-05 07:35:08 [CAMPUS] [INFO   ]   [BOUNCE->FAILURE] director@cuc.ac.in
2026-05-05 07:35:09 [CAMPUS] [INFO   ]     … 2/2 full fetch
2026-05-05 07:35:09 [CAMPUS] [INFO   ]   [BOUNCE->FAILURE] admissions@tanuvas.ac.in
2026-05-05 07:35:11 [CAMPUS] [INFO   ]   Pass 2 done — 2 full fetch(es) finished.
2026-05-05 07:35:11 [CAMPUS] [INFO   ] 
  [7/32 — 21.9%] > jain105sandeep@gmail.com
2026-05-05 07:35:11 [CAMPUS] [INFO   ]   Connecting to jain105sandeep@gmail.com …
2026-05-05 07:35:15 [CAMPUS] [INFO   ]   INBOX without 'PROCESSED-CAMPUS': 1 UID(s) (newer_than:30d or SINCE fallback)
2026-05-05 07:35:15 [CAMPUS] [INFO   ]   Pass 1: scanning headers of 1 email(s) (batch size 40)...
2026-05-05 07:35:15 [CAMPUS] [INFO   ]     … 1/1 headers
2026-05-05 07:35:15 [CAMPUS] [INFO   ]   Pass 1 done — full fetch for 1 UID(s); tagged NON-CAMPUS from headers: 0
2026-05-05 07:35:15 [CAMPUS] [INFO   ]   Pass 2: full body (BODY.PEEK[]) for 1 UID(s) (batch 8, progress every 5)…
2026-05-05 07:35:15 [CAMPUS] [INFO   ]     … 1/1 full fetch (batch 1 UID(s))
2026-05-05 07:35:16 [CAMPUS] [INFO   ]     … 1/1 full fetch (batch received, processing…)
2026-05-05 07:35:16 [CAMPUS] [INFO   ]     … 1/1 full fetch
2026-05-05 07:35:16 [CAMPUS] [INFO   ]   [BOUNCE->FAILURE] director@malayalamuniversity.edu.in
2026-05-05 07:35:16 [CAMPUS] [INFO   ]   Pass 2 done — 1 full fetch(es) finished.
2026-05-05 07:35:17 [CAMPUS] [INFO   ] 
  [8/32 — 25.0%] > jain107sandeep@gmail.com
2026-05-05 07:35:17 [CAMPUS] [INFO   ]   Connecting to jain107sandeep@gmail.com …
2026-05-05 07:35:21 [CAMPUS] [INFO   ]   INBOX without 'PROCESSED-CAMPUS': 2 UID(s) (newer_than:30d or SINCE fallback)
2026-05-05 07:35:21 [CAMPUS] [INFO   ]   Pass 1: scanning headers of 2 email(s) (batch size 40)...
2026-05-05 07:35:21 [CAMPUS] [INFO   ]     … 2/2 headers
2026-05-05 07:35:22 [CAMPUS] [INFO   ]   Pass 1 done — full fetch for 2 UID(s); tagged NON-CAMPUS from headers: 0
2026-05-05 07:35:22 [CAMPUS] [INFO   ]   Pass 2: full body (BODY.PEEK[]) for 2 UID(s) (batch 8, progress every 5)…
2026-05-05 07:35:22 [CAMPUS] [INFO   ]     … 2/2 full fetch (batch 2 UID(s))
2026-05-05 07:35:22 [CAMPUS] [INFO   ]     … 2/2 full fetch (batch received, processing…)
2026-05-05 07:35:22 [CAMPUS] [INFO   ]     … 1/2 full fetch
2026-05-05 07:35:22 [CAMPUS] [INFO   ]   [BOUNCE->FAILURE] director@bfuhs.ac.in
2026-05-05 07:35:23 [CAMPUS] [INFO   ]     … 2/2 full fetch
2026-05-05 07:35:23 [CAMPUS] [INFO   ]   [BOUNCE->FAILURE] admissions@tnau.ac.in
2026-05-05 07:35:24 [CAMPUS] [INFO   ]   Pass 2 done — 2 full fetch(es) finished.
2026-05-05 07:35:24 [CAMPUS] [INFO   ] 
  [9/32 — 28.1%] > sj7634811@gmail.com
2026-05-05 07:35:24 [CAMPUS] [INFO   ]   Connecting to sj7634811@gmail.com …
2026-05-05 07:35:28 [CAMPUS] [INFO   ]   INBOX without 'PROCESSED-CAMPUS': 1 UID(s) (newer_than:30d or SINCE fallback)
2026-05-05 07:35:28 [CAMPUS] [INFO   ]   Pass 1: scanning headers of 1 email(s) (batch size 40)...
2026-05-05 07:35:28 [CAMPUS] [INFO   ]     … 1/1 headers
2026-05-05 07:35:28 [CAMPUS] [INFO   ]   Pass 1 done — full fetch for 1 UID(s); tagged NON-CAMPUS from headers: 0
2026-05-05 07:35:28 [CAMPUS] [INFO   ]   Pass 2: full body (BODY.PEEK[]) for 1 UID(s) (batch 8, progress every 5)…
2026-05-05 07:35:28 [CAMPUS] [INFO   ]     … 1/1 full fetch (batch 1 UID(s))
2026-05-05 07:35:28 [CAMPUS] [INFO   ]     … 1/1 full fetch (batch received, processing…)
2026-05-05 07:35:28 [CAMPUS] [INFO   ]     … 1/1 full fetch
2026-05-05 07:35:28 [CAMPUS] [INFO   ]   [BOUNCE->FAILURE] director@brau.edu.in
2026-05-05 07:35:29 [CAMPUS] [INFO   ]   Pass 2 done — 1 full fetch(es) finished.
2026-05-05 07:35:30 [CAMPUS] [INFO   ] 
  [10/32 — 31.2%] > jain115sandeep@gmail.com
2026-05-05 07:35:30 [CAMPUS] [INFO   ]   Connecting to jain115sandeep@gmail.com …
2026-05-05 07:35:36 [CAMPUS] [INFO   ]   INBOX without 'PROCESSED-CAMPUS': 1 UID(s) (newer_than:30d or SINCE fallback)
2026-05-05 07:35:36 [CAMPUS] [INFO   ]   Pass 1: scanning headers of 1 email(s) (batch size 40)...
2026-05-05 07:35:36 [CAMPUS] [INFO   ]     … 1/1 headers
2026-05-05 07:35:36 [CAMPUS] [INFO   ]   Pass 1 done — full fetch for 1 UID(s); tagged NON-CAMPUS from headers: 0
2026-05-05 07:35:36 [CAMPUS] [INFO   ]   Pass 2: full body (BODY.PEEK[]) for 1 UID(s) (batch 8, progress every 5)…
2026-05-05 07:35:36 [CAMPUS] [INFO   ]     … 1/1 full fetch (batch 1 UID(s))
2026-05-05 07:35:37 [CAMPUS] [INFO   ]     … 1/1 full fetch (batch received, processing…)
2026-05-05 07:35:37 [CAMPUS] [INFO   ]     … 1/1 full fetch
2026-05-05 07:35:37 [CAMPUS] [INFO   ]   [BOUNCE->FAILURE] admissions@ndvsu.org
2026-05-05 07:35:38 [CAMPUS] [INFO   ]   Pass 2 done — 1 full fetch(es) finished.
2026-05-05 07:35:39 [CAMPUS] [INFO   ] 
  [11/32 — 34.4%] > jain200sandeep@gmail.com
2026-05-05 07:35:39 [CAMPUS] [INFO   ]   Connecting to jain200sandeep@gmail.com …
2026-05-05 07:35:43 [CAMPUS] [INFO   ]   INBOX without 'PROCESSED-CAMPUS': 1 UID(s) (newer_than:30d or SINCE fallback)
2026-05-05 07:35:43 [CAMPUS] [INFO   ]   Pass 1: scanning headers of 1 email(s) (batch size 40)...
2026-05-05 07:35:43 [CAMPUS] [INFO   ]     … 1/1 headers
2026-05-05 07:35:43 [CAMPUS] [INFO   ]   Pass 1 done — full fetch for 1 UID(s); tagged NON-CAMPUS from headers: 0
2026-05-05 07:35:43 [CAMPUS] [INFO   ]   Pass 2: full body (BODY.PEEK[]) for 1 UID(s) (batch 8, progress every 5)…
2026-05-05 07:35:43 [CAMPUS] [INFO   ]     … 1/1 full fetch (batch 1 UID(s))
2026-05-05 07:35:43 [CAMPUS] [INFO   ]     … 1/1 full fetch (batch received, processing…)
2026-05-05 07:35:43 [CAMPUS] [INFO   ]     … 1/1 full fetch
2026-05-05 07:35:44 [CAMPUS] [INFO   ]   [BOUNCE->FAILURE] admissions@uau.ac.in
2026-05-05 07:35:44 [CAMPUS] [INFO   ]   Pass 2 done — 1 full fetch(es) finished.
2026-05-05 07:35:45 [CAMPUS] [INFO   ] 
  [12/32 — 37.5%] > jain201sandeep@gmail.com
2026-05-05 07:35:45 [CAMPUS] [INFO   ]   Connecting to jain201sandeep@gmail.com …
2026-05-05 07:35:49 [CAMPUS] [INFO   ]   INBOX without 'PROCESSED-CAMPUS': 2 UID(s) (newer_than:30d or SINCE fallback)
2026-05-05 07:35:49 [CAMPUS] [INFO   ]   Pass 1: scanning headers of 2 email(s) (batch size 40)...
2026-05-05 07:35:49 [CAMPUS] [INFO   ]     … 2/2 headers
2026-05-05 07:35:49 [CAMPUS] [INFO   ]   Pass 1 done — full fetch for 2 UID(s); tagged NON-CAMPUS from headers: 0
2026-05-05 07:35:49 [CAMPUS] [INFO   ]   Pass 2: full body (BODY.PEEK[]) for 2 UID(s) (batch 8, progress every 5)…
2026-05-05 07:35:49 [CAMPUS] [INFO   ]     … 2/2 full fetch (batch 2 UID(s))
2026-05-05 07:35:49 [CAMPUS] [INFO   ]     … 2/2 full fetch (batch received, processing…)
2026-05-05 07:35:49 [CAMPUS] [INFO   ]     … 1/2 full fetch
2026-05-05 07:35:50 [CAMPUS] [INFO   ]   [BOUNCE->FAILURE] admissions@nims.edu.in
2026-05-05 07:35:50 [CAMPUS] [INFO   ]     … 2/2 full fetch
2026-05-05 07:35:50 [CAMPUS] [INFO   ]   [BOUNCE->FAILURE] admissions@ugb.ac.in
2026-05-05 07:35:52 [CAMPUS] [INFO   ]   Pass 2 done — 2 full fetch(es) finished.
2026-05-05 07:35:52 [CAMPUS] [INFO   ] 
  [13/32 — 40.6%] > jain202sandeep@gmail.com
2026-05-05 07:35:52 [CAMPUS] [INFO   ]   Connecting to jain202sandeep@gmail.com …
2026-05-05 07:35:57 [CAMPUS] [INFO   ]   INBOX without 'PROCESSED-CAMPUS': 1 UID(s) (newer_than:30d or SINCE fallback)
2026-05-05 07:35:57 [CAMPUS] [INFO   ]   Pass 1: scanning headers of 1 email(s) (batch size 40)...
2026-05-05 07:35:57 [CAMPUS] [INFO   ]     … 1/1 headers
2026-05-05 07:35:57 [CAMPUS] [INFO   ]   Pass 1 done — full fetch for 1 UID(s); tagged NON-CAMPUS from headers: 0
2026-05-05 07:35:57 [CAMPUS] [INFO   ]   Pass 2: full body (BODY.PEEK[]) for 1 UID(s) (batch 8, progress every 5)…
2026-05-05 07:35:57 [CAMPUS] [INFO   ]     … 1/1 full fetch (batch 1 UID(s))
2026-05-05 07:35:57 [CAMPUS] [INFO   ]     … 1/1 full fetch (batch received, processing…)
2026-05-05 07:35:57 [CAMPUS] [INFO   ]     … 1/1 full fetch
2026-05-05 07:35:57 [CAMPUS] [INFO   ]   [BOUNCE->FAILURE] admissions@npu.ac.in
2026-05-05 07:35:59 [CAMPUS] [INFO   ]   Pass 2 done — 1 full fetch(es) finished.
2026-05-05 07:35:59 [CAMPUS] [INFO   ] 
  [14/32 — 43.8%] > jain203sandeep@gmail.com
2026-05-05 07:35:59 [CAMPUS] [INFO   ]   Connecting to jain203sandeep@gmail.com …
2026-05-05 07:36:06 [CAMPUS] [INFO   ]   INBOX without 'PROCESSED-CAMPUS': 1 UID(s) (newer_than:30d or SINCE fallback)
2026-05-05 07:36:06 [CAMPUS] [INFO   ]   Pass 1: scanning headers of 1 email(s) (batch size 40)...
2026-05-05 07:36:06 [CAMPUS] [INFO   ]     … 1/1 headers
2026-05-05 07:36:06 [CAMPUS] [INFO   ]   Pass 1 done — full fetch for 1 UID(s); tagged NON-CAMPUS from headers: 0
2026-05-05 07:36:06 [CAMPUS] [INFO   ]   Pass 2: full body (BODY.PEEK[]) for 1 UID(s) (batch 8, progress every 5)…
2026-05-05 07:36:06 [CAMPUS] [INFO   ]     … 1/1 full fetch (batch 1 UID(s))
2026-05-05 07:36:07 [CAMPUS] [INFO   ]     … 1/1 full fetch (batch received, processing…)
2026-05-05 07:36:07 [CAMPUS] [INFO   ]     … 1/1 full fetch
2026-05-05 07:36:07 [CAMPUS] [INFO   ]   [BOUNCE->FAILURE] admissions@pjtsau.edu.in
2026-05-05 07:36:08 [CAMPUS] [INFO   ]   Pass 2 done — 1 full fetch(es) finished.
2026-05-05 07:36:09 [CAMPUS] [INFO   ] 
  [15/32 — 46.9%] > jain204sandeep@gmail.com
2026-05-05 07:36:09 [CAMPUS] [INFO   ]   Connecting to jain204sandeep@gmail.com …
2026-05-05 07:36:16 [CAMPUS] [INFO   ]   INBOX without 'PROCESSED-CAMPUS': 2 UID(s) (newer_than:30d or SINCE fallback)
2026-05-05 07:36:16 [CAMPUS] [INFO   ]   Pass 1: scanning headers of 2 email(s) (batch size 40)...
2026-05-05 07:36:16 [CAMPUS] [INFO   ]     … 2/2 headers
2026-05-05 07:36:16 [CAMPUS] [INFO   ]   Pass 1 done — full fetch for 2 UID(s); tagged NON-CAMPUS from headers: 0
2026-05-05 07:36:16 [CAMPUS] [INFO   ]   Pass 2: full body (BODY.PEEK[]) for 2 UID(s) (batch 8, progress every 5)…
2026-05-05 07:36:16 [CAMPUS] [INFO   ]     … 2/2 full fetch (batch 2 UID(s))
2026-05-05 07:36:17 [CAMPUS] [INFO   ]     … 2/2 full fetch (batch received, processing…)
2026-05-05 07:36:17 [CAMPUS] [INFO   ]     … 1/2 full fetch
2026-05-05 07:36:17 [CAMPUS] [INFO   ]   [BOUNCE->FAILURE] admissions@ranchiuniversity.ac.in
2026-05-05 07:36:18 [CAMPUS] [INFO   ]     … 2/2 full fetch
2026-05-05 07:36:18 [CAMPUS] [INFO   ]   [BOUNCE->FAILURE] admissions@unigoa.ac.in
2026-05-05 07:36:19 [CAMPUS] [INFO   ]   Pass 2 done — 2 full fetch(es) finished.
2026-05-05 07:36:19 [CAMPUS] [INFO   ] 
  [16/32 — 50.0%] > jain205sandeep@gmail.com
2026-05-05 07:36:19 [CAMPUS] [INFO   ]   Connecting to jain205sandeep@gmail.com …
2026-05-05 07:36:24 [CAMPUS] [INFO   ]   INBOX without 'PROCESSED-CAMPUS': 0 UID(s) (newer_than:30d or SINCE fallback)
2026-05-05 07:36:24 [CAMPUS] [INFO   ]   Pass 1: scanning headers of 0 email(s) (batch size 40)...
2026-05-05 07:36:24 [CAMPUS] [INFO   ]   Pass 1 done — full fetch for 0 UID(s); tagged NON-CAMPUS from headers: 0
2026-05-05 07:36:24 [CAMPUS] [INFO   ] 
  [17/32 — 53.1%] > jain206sandeep@gmail.com
2026-05-05 07:36:24 [CAMPUS] [INFO   ]   Connecting to jain206sandeep@gmail.com …
2026-05-05 07:36:30 [CAMPUS] [INFO   ]   INBOX without 'PROCESSED-CAMPUS': 2 UID(s) (newer_than:30d or SINCE fallback)
2026-05-05 07:36:30 [CAMPUS] [INFO   ]   Pass 1: scanning headers of 2 email(s) (batch size 40)...
2026-05-05 07:36:30 [CAMPUS] [INFO   ]     … 2/2 headers
2026-05-05 07:36:30 [CAMPUS] [INFO   ]   Pass 1 done — full fetch for 2 UID(s); tagged NON-CAMPUS from headers: 0
2026-05-05 07:36:30 [CAMPUS] [INFO   ]   Pass 2: full body (BODY.PEEK[]) for 2 UID(s) (batch 8, progress every 5)…
2026-05-05 07:36:30 [CAMPUS] [INFO   ]     … 2/2 full fetch (batch 2 UID(s))
2026-05-05 07:36:30 [CAMPUS] [INFO   ]     … 2/2 full fetch (batch received, processing…)
2026-05-05 07:36:30 [CAMPUS] [INFO   ]     … 1/2 full fetch
2026-05-05 07:36:30 [CAMPUS] [INFO   ]   [BOUNCE->FAILURE] admissions@rbu.ac.in
2026-05-05 07:36:31 [CAMPUS] [INFO   ]     … 2/2 full fetch
2026-05-05 07:36:31 [CAMPUS] [INFO   ]   [BOUNCE->FAILURE] admissions@unishivaji.ac.in
2026-05-05 07:36:32 [CAMPUS] [INFO   ]   Pass 2 done — 2 full fetch(es) finished.
2026-05-05 07:36:33 [CAMPUS] [INFO   ] 
  [18/32 — 56.2%] > jain207sandeep@gmail.com
2026-05-05 07:36:33 [CAMPUS] [INFO   ]   Connecting to jain207sandeep@gmail.com …
2026-05-05 07:36:37 [CAMPUS] [INFO   ]   INBOX without 'PROCESSED-CAMPUS': 0 UID(s) (newer_than:30d or SINCE fallback)
2026-05-05 07:36:37 [CAMPUS] [INFO   ]   Pass 1: scanning headers of 0 email(s) (batch size 40)...
2026-05-05 07:36:37 [CAMPUS] [INFO   ]   Pass 1 done — full fetch for 0 UID(s); tagged NON-CAMPUS from headers: 0
2026-05-05 07:36:37 [CAMPUS] [INFO   ] 
  [19/32 — 59.4%] > jain208sandeep@gmail.com
2026-05-05 07:36:37 [CAMPUS] [INFO   ]   Connecting to jain208sandeep@gmail.com …
2026-05-05 07:36:43 [CAMPUS] [INFO   ]   INBOX without 'PROCESSED-CAMPUS': 1 UID(s) (newer_than:30d or SINCE fallback)
2026-05-05 07:36:43 [CAMPUS] [INFO   ]   Pass 1: scanning headers of 1 email(s) (batch size 40)...
2026-05-05 07:36:43 [CAMPUS] [INFO   ]     … 1/1 headers
2026-05-05 07:36:43 [CAMPUS] [INFO   ]   Pass 1 done — full fetch for 1 UID(s); tagged NON-CAMPUS from headers: 0
2026-05-05 07:36:43 [CAMPUS] [INFO   ]   Pass 2: full body (BODY.PEEK[]) for 1 UID(s) (batch 8, progress every 5)…
2026-05-05 07:36:43 [CAMPUS] [INFO   ]     … 1/1 full fetch (batch 1 UID(s))
2026-05-05 07:36:44 [CAMPUS] [INFO   ]     … 1/1 full fetch (batch received, processing…)
2026-05-05 07:36:44 [CAMPUS] [INFO   ]     … 1/1 full fetch
2026-05-05 07:36:44 [CAMPUS] [INFO   ]   [BOUNCE->FAILURE] admissions@uoc.ac.in
2026-05-05 07:36:45 [CAMPUS] [INFO   ]   Pass 2 done — 1 full fetch(es) finished.
2026-05-05 07:36:45 [CAMPUS] [INFO   ] 
  [20/32 — 62.5%] > jain1001sandeep@gmail.com
2026-05-05 07:36:45 [CAMPUS] [INFO   ]   Connecting to jain1001sandeep@gmail.com …
2026-05-05 07:36:49 [CAMPUS] [INFO   ]   INBOX without 'PROCESSED-CAMPUS': 2 UID(s) (newer_than:30d or SINCE fallback)
2026-05-05 07:36:49 [CAMPUS] [INFO   ]   Pass 1: scanning headers of 2 email(s) (batch size 40)...
2026-05-05 07:36:49 [CAMPUS] [INFO   ]     … 2/2 headers
2026-05-05 07:36:50 [CAMPUS] [INFO   ]   Pass 1 done — full fetch for 2 UID(s); tagged NON-CAMPUS from headers: 0
2026-05-05 07:36:50 [CAMPUS] [INFO   ]   Pass 2: full body (BODY.PEEK[]) for 2 UID(s) (batch 8, progress every 5)…
2026-05-05 07:36:50 [CAMPUS] [INFO   ]     … 2/2 full fetch (batch 2 UID(s))
2026-05-05 07:36:50 [CAMPUS] [INFO   ]     … 2/2 full fetch (batch received, processing…)
2026-05-05 07:36:50 [CAMPUS] [INFO   ]     … 1/2 full fetch
2026-05-05 07:36:50 [CAMPUS] [INFO   ]   [BOUNCE->FAILURE] admissions@rguhs.ac.in
2026-05-05 07:36:52 [CAMPUS] [INFO   ]     … 2/2 full fetch
2026-05-05 07:36:52 [CAMPUS] [INFO   ]   [BOUNCE->FAILURE] admissions@uou.ac.in
2026-05-05 07:36:53 [CAMPUS] [INFO   ]   Pass 2 done — 2 full fetch(es) finished.
2026-05-05 07:36:54 [CAMPUS] [INFO   ] 
  [21/32 — 65.6%] > jain1002sandeep@gmail.com
2026-05-05 07:36:54 [CAMPUS] [INFO   ]   Connecting to jain1002sandeep@gmail.com …
2026-05-05 07:37:01 [CAMPUS] [INFO   ]   INBOX without 'PROCESSED-CAMPUS': 1 UID(s) (newer_than:30d or SINCE fallback)
2026-05-05 07:37:01 [CAMPUS] [INFO   ]   Pass 1: scanning headers of 1 email(s) (batch size 40)...
2026-05-05 07:37:01 [CAMPUS] [INFO   ]     … 1/1 headers
2026-05-05 07:37:02 [CAMPUS] [INFO   ]   Pass 1 done — full fetch for 1 UID(s); tagged NON-CAMPUS from headers: 0
2026-05-05 07:37:02 [CAMPUS] [INFO   ]   Pass 2: full body (BODY.PEEK[]) for 1 UID(s) (batch 8, progress every 5)…
2026-05-05 07:37:02 [CAMPUS] [INFO   ]     … 1/1 full fetch (batch 1 UID(s))
2026-05-05 07:37:02 [CAMPUS] [INFO   ]     … 1/1 full fetch (batch received, processing…)
2026-05-05 07:37:02 [CAMPUS] [INFO   ]     … 1/1 full fetch
2026-05-05 07:37:02 [CAMPUS] [INFO   ]   [BOUNCE->FAILURE] admissions@uprtou.ac.in
2026-05-05 07:37:04 [CAMPUS] [INFO   ]   Pass 2 done — 1 full fetch(es) finished.
2026-05-05 07:37:04 [CAMPUS] [INFO   ] 
  [22/32 — 68.8%] > jain1003sandeep@gmail.com
2026-05-05 07:37:04 [CAMPUS] [INFO   ]   Connecting to jain1003sandeep@gmail.com …
2026-05-05 07:37:09 [CAMPUS] [INFO   ]   INBOX without 'PROCESSED-CAMPUS': 1 UID(s) (newer_than:30d or SINCE fallback)
2026-05-05 07:37:09 [CAMPUS] [INFO   ]   Pass 1: scanning headers of 1 email(s) (batch size 40)...
2026-05-05 07:37:09 [CAMPUS] [INFO   ]     … 1/1 headers
2026-05-05 07:37:10 [CAMPUS] [INFO   ]   Pass 1 done — full fetch for 1 UID(s); tagged NON-CAMPUS from headers: 0
2026-05-05 07:37:10 [CAMPUS] [INFO   ]   Pass 2: full body (BODY.PEEK[]) for 1 UID(s) (batch 8, progress every 5)…
2026-05-05 07:37:10 [CAMPUS] [INFO   ]     … 1/1 full fetch (batch 1 UID(s))
2026-05-05 07:37:10 [CAMPUS] [INFO   ]     … 1/1 full fetch (batch received, processing…)
2026-05-05 07:37:10 [CAMPUS] [INFO   ]     … 1/1 full fetch
2026-05-05 07:37:10 [CAMPUS] [INFO   ]   [BOUNCE->FAILURE] admissions@upvetuniv.edu.in
2026-05-05 07:37:11 [CAMPUS] [INFO   ]   Pass 2 done — 1 full fetch(es) finished.
2026-05-05 07:37:11 [CAMPUS] [INFO   ] 
  [23/32 — 71.9%] > jain1004sandeep@gmail.com
2026-05-05 07:37:11 [CAMPUS] [INFO   ]   Connecting to jain1004sandeep@gmail.com …
2026-05-05 07:37:16 [CAMPUS] [INFO   ]   INBOX without 'PROCESSED-CAMPUS': 2 UID(s) (newer_than:30d or SINCE fallback)
2026-05-05 07:37:16 [CAMPUS] [INFO   ]   Pass 1: scanning headers of 2 email(s) (batch size 40)...
2026-05-05 07:37:16 [CAMPUS] [INFO   ]     … 2/2 headers
2026-05-05 07:37:17 [CAMPUS] [INFO   ]   Pass 1 done — full fetch for 1 UID(s); tagged NON-CAMPUS from headers: 1
2026-05-05 07:37:17 [CAMPUS] [INFO   ]   Pass 2: full body (BODY.PEEK[]) for 1 UID(s) (batch 8, progress every 5)…
2026-05-05 07:37:17 [CAMPUS] [INFO   ]     … 1/1 full fetch (batch 1 UID(s))
2026-05-05 07:37:18 [CAMPUS] [INFO   ]     … 1/1 full fetch (batch received, processing…)
2026-05-05 07:37:18 [CAMPUS] [INFO   ]     … 1/1 full fetch
2026-05-05 07:37:18 [CAMPUS] [INFO   ]   [BOUNCE->FAILURE] admissions@rtu.ac.in
2026-05-05 07:37:19 [CAMPUS] [INFO   ]   Pass 2 done — 1 full fetch(es) finished.
2026-05-05 07:37:19 [CAMPUS] [INFO   ] 
  [25/32 — 78.1%] > jain104sandeep@gmail.com
2026-05-05 07:37:19 [CAMPUS] [INFO   ]   Connecting to jain104sandeep@gmail.com …
2026-05-05 07:37:24 [CAMPUS] [INFO   ]   INBOX without 'PROCESSED-CAMPUS': 1 UID(s) (newer_than:30d or SINCE fallback)
2026-05-05 07:37:24 [CAMPUS] [INFO   ]   Pass 1: scanning headers of 1 email(s) (batch size 40)...
2026-05-05 07:37:24 [CAMPUS] [INFO   ]     … 1/1 headers
2026-05-05 07:37:24 [CAMPUS] [INFO   ]   Pass 1 done — full fetch for 1 UID(s); tagged NON-CAMPUS from headers: 0
2026-05-05 07:37:24 [CAMPUS] [INFO   ]   Pass 2: full body (BODY.PEEK[]) for 1 UID(s) (batch 8, progress every 5)…
2026-05-05 07:37:24 [CAMPUS] [INFO   ]     … 1/1 full fetch (batch 1 UID(s))
2026-05-05 07:37:25 [CAMPUS] [INFO   ]     … 1/1 full fetch (batch received, processing…)
2026-05-05 07:37:25 [CAMPUS] [INFO   ]     … 1/1 full fetch
2026-05-05 07:37:25 [CAMPUS] [INFO   ]   [BOUNCE->FAILURE] admissions@satavahana.ac.in
2026-05-05 07:37:26 [CAMPUS] [INFO   ]   Pass 2 done — 1 full fetch(es) finished.
2026-05-05 07:37:26 [CAMPUS] [INFO   ] 
  [26/32 — 81.2%] > jain214sandeep@gmail.com
2026-05-05 07:37:26 [CAMPUS] [INFO   ]   Connecting to jain214sandeep@gmail.com …
2026-05-05 07:37:34 [CAMPUS] [INFO   ]   INBOX without 'PROCESSED-CAMPUS': 2 UID(s) (newer_than:30d or SINCE fallback)
2026-05-05 07:37:34 [CAMPUS] [INFO   ]   Pass 1: scanning headers of 2 email(s) (batch size 40)...
2026-05-05 07:37:34 [CAMPUS] [INFO   ]     … 2/2 headers
2026-05-05 07:37:34 [CAMPUS] [INFO   ]   Pass 1 done — full fetch for 2 UID(s); tagged NON-CAMPUS from headers: 0
2026-05-05 07:37:34 [CAMPUS] [INFO   ]   Pass 2: full body (BODY.PEEK[]) for 2 UID(s) (batch 8, progress every 5)…
2026-05-05 07:37:34 [CAMPUS] [INFO   ]     … 2/2 full fetch (batch 2 UID(s))
2026-05-05 07:37:36 [CAMPUS] [INFO   ]     … 2/2 full fetch (batch received, processing…)
2026-05-05 07:37:36 [CAMPUS] [INFO   ]     … 1/2 full fetch
2026-05-05 07:37:36 [CAMPUS] [INFO   ]   [BOUNCE->FAILURE] admissions@saurashtrauniversity.edu
2026-05-05 07:37:39 [CAMPUS] [INFO   ]     … 2/2 full fetch
2026-05-05 07:37:39 [CAMPUS] [INFO   ]   [BOUNCE->FAILURE] admissions@vimsar.ac.in
2026-05-05 07:37:41 [CAMPUS] [INFO   ]   Pass 2 done — 2 full fetch(es) finished.
2026-05-05 07:37:42 [CAMPUS] [INFO   ] 
  [27/32 — 84.4%] > jain215sandeep@gmail.com
2026-05-05 07:37:42 [CAMPUS] [INFO   ]   Connecting to jain215sandeep@gmail.com …
2026-05-05 07:37:48 [CAMPUS] [INFO   ]   INBOX without 'PROCESSED-CAMPUS': 2 UID(s) (newer_than:30d or SINCE fallback)
2026-05-05 07:37:48 [CAMPUS] [INFO   ]   Pass 1: scanning headers of 2 email(s) (batch size 40)...
2026-05-05 07:37:48 [CAMPUS] [INFO   ]     … 2/2 headers
2026-05-05 07:37:48 [CAMPUS] [INFO   ]   Pass 1 done — full fetch for 2 UID(s); tagged NON-CAMPUS from headers: 0
2026-05-05 07:37:48 [CAMPUS] [INFO   ]   Pass 2: full body (BODY.PEEK[]) for 2 UID(s) (batch 8, progress every 5)…
2026-05-05 07:37:48 [CAMPUS] [INFO   ]     … 2/2 full fetch (batch 2 UID(s))
2026-05-05 07:37:49 [CAMPUS] [INFO   ]     … 2/2 full fetch (batch received, processing…)
2026-05-05 07:37:49 [CAMPUS] [INFO   ]     … 1/2 full fetch
2026-05-05 07:37:49 [CAMPUS] [INFO   ]   [BOUNCE->FAILURE] admissions@sbssugsp.ac.in
2026-05-05 07:37:50 [CAMPUS] [INFO   ]     … 2/2 full fetch
2026-05-05 07:37:50 [CAMPUS] [INFO   ]   [BOUNCE->FAILURE] admissions@vmou.ac.in
2026-05-05 07:37:52 [CAMPUS] [INFO   ]   Pass 2 done — 2 full fetch(es) finished.
2026-05-05 07:37:52 [CAMPUS] [INFO   ] 
  [28/32 — 87.5%] > jain216sandeep@gmail.com
2026-05-05 07:37:52 [CAMPUS] [INFO   ]   Connecting to jain216sandeep@gmail.com …
2026-05-05 07:37:57 [CAMPUS] [INFO   ]   INBOX without 'PROCESSED-CAMPUS': 2 UID(s) (newer_than:30d or SINCE fallback)
2026-05-05 07:37:57 [CAMPUS] [INFO   ]   Pass 1: scanning headers of 2 email(s) (batch size 40)...
2026-05-05 07:37:57 [CAMPUS] [INFO   ]     … 2/2 headers
2026-05-05 07:37:58 [CAMPUS] [INFO   ]   Pass 1 done — full fetch for 2 UID(s); tagged NON-CAMPUS from headers: 0
2026-05-05 07:37:58 [CAMPUS] [INFO   ]   Pass 2: full body (BODY.PEEK[]) for 2 UID(s) (batch 8, progress every 5)…
2026-05-05 07:37:58 [CAMPUS] [INFO   ]     … 2/2 full fetch (batch 2 UID(s))
2026-05-05 07:37:58 [CAMPUS] [INFO   ]     … 2/2 full fetch (batch received, processing…)
2026-05-05 07:37:58 [CAMPUS] [INFO   ]     … 1/2 full fetch
2026-05-05 07:37:58 [CAMPUS] [INFO   ]   [BOUNCE->FAILURE] admissions@sdau.edu.in
2026-05-05 07:37:59 [CAMPUS] [INFO   ]     … 2/2 full fetch
2026-05-05 07:37:59 [CAMPUS] [INFO   ]   [BOUNCE->FAILURE] admissions@vnsgu.ac.in
2026-05-05 07:38:00 [CAMPUS] [INFO   ]   Pass 2 done — 2 full fetch(es) finished.
2026-05-05 07:38:01 [CAMPUS] [INFO   ] 
  [29/32 — 90.6%] > jainsandeep729@gmail.com
2026-05-05 07:38:01 [CAMPUS] [INFO   ]   Connecting to jainsandeep729@gmail.com …
2026-05-05 07:38:18 [CAMPUS] [INFO   ]   INBOX without 'PROCESSED-CAMPUS': 2 UID(s) (newer_than:30d or SINCE fallback)
2026-05-05 07:38:18 [CAMPUS] [INFO   ]   Pass 1: scanning headers of 2 email(s) (batch size 40)...
2026-05-05 07:38:18 [CAMPUS] [INFO   ]     … 2/2 headers
2026-05-05 07:38:19 [CAMPUS] [INFO   ]   Pass 1 done — full fetch for 2 UID(s); tagged NON-CAMPUS from headers: 0
2026-05-05 07:38:19 [CAMPUS] [INFO   ]   Pass 2: full body (BODY.PEEK[]) for 2 UID(s) (batch 8, progress every 5)…
2026-05-05 07:38:19 [CAMPUS] [INFO   ]     … 2/2 full fetch (batch 2 UID(s))
2026-05-05 07:38:22 [CAMPUS] [INFO   ]     … 2/2 full fetch (batch received, processing…)
2026-05-05 07:38:22 [CAMPUS] [INFO   ]     … 1/2 full fetch
2026-05-05 07:38:22 [CAMPUS] [INFO   ]   [BOUNCE->FAILURE] admissions@sgbau.ac.in
2026-05-05 07:38:27 [CAMPUS] [INFO   ]     … 2/2 full fetch
2026-05-05 07:38:27 [CAMPUS] [INFO   ]   [BOUNCE->FAILURE] admissions@vskub.ac.in
2026-05-05 07:38:29 [CAMPUS] [INFO   ]   Pass 2 done — 2 full fetch(es) finished.
2026-05-05 07:38:30 [CAMPUS] [INFO   ] 
  [30/32 — 93.8%] > mandify1@gmail.com
2026-05-05 07:38:30 [CAMPUS] [INFO   ]   Connecting to mandify1@gmail.com …
2026-05-05 07:38:36 [CAMPUS] [INFO   ]   INBOX without 'PROCESSED-CAMPUS': 1 UID(s) (newer_than:30d or SINCE fallback)
2026-05-05 07:38:36 [CAMPUS] [INFO   ]   Pass 1: scanning headers of 1 email(s) (batch size 40)...
2026-05-05 07:38:36 [CAMPUS] [INFO   ]     … 1/1 headers
2026-05-05 07:38:36 [CAMPUS] [INFO   ]   Pass 1 done — full fetch for 1 UID(s); tagged NON-CAMPUS from headers: 0
2026-05-05 07:38:36 [CAMPUS] [INFO   ]   Pass 2: full body (BODY.PEEK[]) for 1 UID(s) (batch 8, progress every 5)…
2026-05-05 07:38:36 [CAMPUS] [INFO   ]     … 1/1 full fetch (batch 1 UID(s))
2026-05-05 07:38:37 [CAMPUS] [INFO   ]     … 1/1 full fetch (batch received, processing…)
2026-05-05 07:38:37 [CAMPUS] [INFO   ]     … 1/1 full fetch
2026-05-05 07:38:37 [CAMPUS] [INFO   ]   [BOUNCE->FAILURE] admissions@vssut.ac.in
2026-05-05 07:38:38 [CAMPUS] [INFO   ]   Pass 2 done — 1 full fetch(es) finished.
2026-05-05 07:38:38 [CAMPUS] [INFO   ] 
  [31/32 — 96.9%] > mandify2@gmail.com
2026-05-05 07:38:38 [CAMPUS] [INFO   ]   Connecting to mandify2@gmail.com …
2026-05-05 07:38:43 [CAMPUS] [INFO   ]   INBOX without 'PROCESSED-CAMPUS': 0 UID(s) (newer_than:30d or SINCE fallback)
2026-05-05 07:38:43 [CAMPUS] [INFO   ]   Pass 1: scanning headers of 0 email(s) (batch size 40)...
2026-05-05 07:38:43 [CAMPUS] [INFO   ]   Pass 1 done — full fetch for 0 UID(s); tagged NON-CAMPUS from headers: 0
2026-05-05 07:38:43 [CAMPUS] [INFO   ] 
  [32/32 — 100.0%] > sj5739255@gmail.com
2026-05-05 07:38:43 [CAMPUS] [INFO   ]   Connecting to sj5739255@gmail.com …
2026-05-05 07:38:48 [CAMPUS] [INFO   ]   INBOX without 'PROCESSED-CAMPUS': 0 UID(s) (newer_than:30d or SINCE fallback)
2026-05-05 07:38:48 [CAMPUS] [INFO   ]   Pass 1: scanning headers of 0 email(s) (batch size 40)...
2026-05-05 07:38:48 [CAMPUS] [INFO   ]   Pass 1 done — full fetch for 0 UID(s); tagged NON-CAMPUS from headers: 0
2026-05-05 07:38:49 [CAMPUS] [INFO   ] 
  Bounces found   : 42
2026-05-05 07:38:49 [CAMPUS] [INFO   ]   Human responses : 0
2026-05-05 07:38:49 [CAMPUS] [INFO   ] 
[STEP 2] Sending to up to -1 institute(s)...
2026-05-05 07:38:49 [CAMPUS] [INFO   ]   Institutes ready: 266
2026-05-05 07:38:49 [CAMPUS] [INFO   ] 
  [04] Sending to: provc@amu.ac.in
2026-05-05 07:38:49 [CAMPUS] [INFO   ]        From [1/32 — 3.1%]: jain106sandeep@gmail.com
2026-05-05 07:38:55 [CAMPUS] [INFO   ]        [OK] Sent successfully
2026-05-05 07:38:58 [CAMPUS] [INFO   ] 
  [17] Sending to: outreach@sanskrit.nic.in
2026-05-05 07:38:58 [CAMPUS] [INFO   ]        From [2/32 — 6.2%]: sj1799274@gmail.com
2026-05-05 07:39:03 [CAMPUS] [INFO   ]        [OK] Sent successfully
2026-05-05 07:39:06 [CAMPUS] [INFO   ] 
  [29] Sending to: outreach@nta.ac.in
2026-05-05 07:39:06 [CAMPUS] [INFO   ]        From [3/32 — 9.4%]: jain109sandeep@gmail.com
2026-05-05 07:39:12 [CAMPUS] [INFO   ]        [OK] Sent successfully
2026-05-05 07:39:15 [CAMPUS] [INFO   ] 
  [32] Sending to: outreach@andhrakesariuniversity.in
2026-05-05 07:39:15 [CAMPUS] [INFO   ]        From [4/32 — 12.5%]: jain111sandeep@gmail.com
2026-05-05 07:39:20 [CAMPUS] [INFO   ]        [OK] Sent successfully
2026-05-05 07:39:23 [CAMPUS] [INFO   ] 
  [36] Sending to: outreach@buat.edu.in
2026-05-05 07:39:23 [CAMPUS] [INFO   ]        From [5/32 — 15.6%]: sandeep196605@gmail.com
2026-05-05 07:39:29 [CAMPUS] [INFO   ]        [OK] Sent successfully
2026-05-05 07:39:32 [CAMPUS] [INFO   ] 
  [41] Sending to: outreach@cuc.ac.in
2026-05-05 07:39:32 [CAMPUS] [INFO   ]        From [6/32 — 18.8%]: jain114sandeep@gmail.com
2026-05-05 07:39:38 [CAMPUS] [INFO   ]        [OK] Sent successfully
2026-05-05 07:39:41 [CAMPUS] [INFO   ] 
  [49] Sending to: outreach@malayalamuniversity.edu.in
2026-05-05 07:39:41 [CAMPUS] [INFO   ]        From [7/32 — 21.9%]: jain105sandeep@gmail.com
2026-05-05 07:39:46 [CAMPUS] [INFO   ]        [OK] Sent successfully
2026-05-05 07:39:49 [CAMPUS] [INFO   ] 
  [76] Sending to: outreach@bfuhs.ac.in
2026-05-05 07:39:49 [CAMPUS] [INFO   ]        From [8/32 — 25.0%]: jain107sandeep@gmail.com
2026-05-05 07:39:55 [CAMPUS] [INFO   ]        [OK] Sent successfully
2026-05-05 07:39:58 [CAMPUS] [INFO   ] 
  [79] Sending to: outreach@brau.edu.in
2026-05-05 07:39:58 [CAMPUS] [INFO   ]        From [9/32 — 28.1%]: sj7634811@gmail.com
2026-05-05 07:40:03 [CAMPUS] [INFO   ]        [OK] Sent successfully
2026-05-05 07:40:06 [CAMPUS] [INFO   ] 
  [142] Sending to: dean@ndvsu.org
2026-05-05 07:40:06 [CAMPUS] [INFO   ]        From [10/32 — 31.2%]: jain115sandeep@gmail.com
2026-05-05 07:40:12 [CAMPUS] [INFO   ]        [OK] Sent successfully
2026-05-05 07:40:15 [CAMPUS] [INFO   ] 
  [144] Sending to: dean@nims.edu.in
2026-05-05 07:40:15 [CAMPUS] [INFO   ]        From [11/32 — 34.4%]: jain200sandeep@gmail.com
2026-05-05 07:40:20 [CAMPUS] [INFO   ]        [OK] Sent successfully
2026-05-05 07:40:23 [CAMPUS] [INFO   ] 
  [150] Sending to: dean@npu.ac.in
2026-05-05 07:40:23 [CAMPUS] [INFO   ]        From [12/32 — 37.5%]: jain201sandeep@gmail.com
2026-05-05 07:40:29 [CAMPUS] [INFO   ]        [OK] Sent successfully
2026-05-05 07:40:32 [CAMPUS] [INFO   ] 
  [155] Sending to: dean@pjtsau.edu.in
2026-05-05 07:40:32 [CAMPUS] [INFO   ]        From [13/32 — 40.6%]: jain202sandeep@gmail.com
2026-05-05 07:40:37 [CAMPUS] [INFO   ]        [OK] Sent successfully
2026-05-05 07:40:40 [CAMPUS] [INFO   ] 
  [162] Sending to: dean@ranchiuniversity.ac.in
2026-05-05 07:40:40 [CAMPUS] [INFO   ]        From [14/32 — 43.8%]: jain203sandeep@gmail.com
2026-05-05 07:40:47 [CAMPUS] [INFO   ]        [OK] Sent successfully
2026-05-05 07:40:50 [CAMPUS] [INFO   ] 
  [164] Sending to: dean@rbu.ac.in
2026-05-05 07:40:50 [CAMPUS] [INFO   ]        From [15/32 — 46.9%]: jain204sandeep@gmail.com
2026-05-05 07:40:55 [CAMPUS] [INFO   ]        [OK] Sent successfully
2026-05-05 07:40:58 [CAMPUS] [INFO   ] 
  [167] Sending to: dean@rguhs.ac.in
2026-05-05 07:40:58 [CAMPUS] [INFO   ]        From [16/32 — 50.0%]: jain205sandeep@gmail.com
2026-05-05 07:41:04 [CAMPUS] [INFO   ]        [OK] Sent successfully
2026-05-05 07:41:07 [CAMPUS] [INFO   ] 
  [170] Sending to: dean@rtu.ac.in
2026-05-05 07:41:07 [CAMPUS] [INFO   ]        From [17/32 — 53.1%]: jain206sandeep@gmail.com
2026-05-05 07:41:13 [CAMPUS] [INFO   ]        [OK] Sent successfully
2026-05-05 07:41:16 [CAMPUS] [INFO   ] 
  [171] Sending to: admissions@ruhsraj.org
2026-05-05 07:41:16 [CAMPUS] [INFO   ]        From [18/32 — 56.2%]: jain207sandeep@gmail.com
2026-05-05 07:41:21 [CAMPUS] [INFO   ]        [OK] Sent successfully
2026-05-05 07:41:24 [CAMPUS] [INFO   ] 
  [172] Sending to: dean@satavahana.ac.in
2026-05-05 07:41:24 [CAMPUS] [INFO   ]        From [19/32 — 59.4%]: jain208sandeep@gmail.com
2026-05-05 07:41:30 [CAMPUS] [INFO   ]        [OK] Sent successfully
2026-05-05 07:41:33 [CAMPUS] [INFO   ] 
  [173] Sending to: dean@saurashtrauniversity.edu
2026-05-05 07:41:33 [CAMPUS] [INFO   ]        From [20/32 — 62.5%]: jain1001sandeep@gmail.com
