2026-04-28 03:28:18 [CAMPUS] [INFO   ] [LOG] C:\Users\sandeep\Downloads\Claudes\CampusPlacement\crm\logs\campaign_2026-04-28_03-28-18.log
2026-04-28 03:28:18 [CAMPUS] [INFO   ] ================================================================
2026-04-28 03:28:18 [CAMPUS] [INFO   ]   PLACEMENT CRM – CAMPAIGN RUNNER
2026-04-28 03:28:18 [CAMPUS] [INFO   ]   Run : 2026-04-28 03:28:18
2026-04-28 03:28:18 [CAMPUS] [INFO   ]   Mode: Send up to 20 institute(s)
2026-04-28 03:28:18 [CAMPUS] [INFO   ] ================================================================
2026-04-28 03:28:18 [CAMPUS] [INFO   ]   Gmail accounts available: 32
2026-04-28 03:28:18 [CAMPUS] [INFO   ] 
[STEP 1] Checking inboxes for bounces and human replies...
2026-04-28 03:28:18 [CAMPUS] [INFO   ]   Monitoring 77 'Sent' address(es)
2026-04-28 03:28:18 [CAMPUS] [INFO   ]   Checking 31/32 accounts (only those that sent emails; order follows JSON)
2026-04-28 03:28:18 [CAMPUS] [INFO   ] 
  [1/32 — 3.1%] > jain106sandeep@gmail.com
2026-04-28 03:28:18 [CAMPUS] [INFO   ]   Connecting to jain106sandeep@gmail.com …
2026-04-28 03:28:25 [CAMPUS] [INFO   ]   INBOX without 'PROCESSED-CAMPUS': 1 UID(s) (newer_than:30d or SINCE fallback)
2026-04-28 03:28:25 [CAMPUS] [INFO   ]   Pass 1: scanning headers of 1 email(s) (batch size 40)...
2026-04-28 03:28:25 [CAMPUS] [INFO   ]     … 1/1 headers
2026-04-28 03:28:25 [CAMPUS] [INFO   ]   Pass 1 done — full fetch for 1 UID(s); tagged NON-CAMPUS from headers: 0
2026-04-28 03:28:25 [CAMPUS] [INFO   ]   Pass 2: full body (BODY.PEEK[]) for 1 UID(s) (batch 8, progress every 5)…
2026-04-28 03:28:25 [CAMPUS] [INFO   ]     … 1/1 full fetch (batch 1 UID(s))
2026-04-28 03:28:26 [CAMPUS] [INFO   ]     … 1/1 full fetch (batch received, processing…)
2026-04-28 03:28:26 [CAMPUS] [INFO   ]     … 1/1 full fetch
2026-04-28 03:28:28 [CAMPUS] [INFO   ]   Pass 2 done — 1 full fetch(es) finished.
2026-04-28 03:28:28 [CAMPUS] [INFO   ] 
  [2/32 — 6.2%] > sj1799274@gmail.com
2026-04-28 03:28:28 [CAMPUS] [INFO   ]   Connecting to sj1799274@gmail.com …
2026-04-28 03:28:34 [CAMPUS] [INFO   ]   INBOX without 'PROCESSED-CAMPUS': 2 UID(s) (newer_than:30d or SINCE fallback)
2026-04-28 03:28:34 [CAMPUS] [INFO   ]   Pass 1: scanning headers of 2 email(s) (batch size 40)...
2026-04-28 03:28:34 [CAMPUS] [INFO   ]     … 2/2 headers
2026-04-28 03:28:34 [CAMPUS] [INFO   ]   Pass 1 done — full fetch for 2 UID(s); tagged NON-CAMPUS from headers: 0
2026-04-28 03:28:34 [CAMPUS] [INFO   ]   Pass 2: full body (BODY.PEEK[]) for 2 UID(s) (batch 8, progress every 5)…
2026-04-28 03:28:34 [CAMPUS] [INFO   ]     … 2/2 full fetch (batch 2 UID(s))
2026-04-28 03:28:35 [CAMPUS] [INFO   ]     … 2/2 full fetch (batch received, processing…)
2026-04-28 03:28:35 [CAMPUS] [INFO   ]     … 1/2 full fetch
2026-04-28 03:28:36 [CAMPUS] [INFO   ]     … 2/2 full fetch
2026-04-28 03:28:36 [CAMPUS] [INFO   ]   [BOUNCE->FAILURE] vc@sanskrit.nic.in
2026-04-28 03:28:37 [CAMPUS] [INFO   ]   Pass 2 done — 2 full fetch(es) finished.
2026-04-28 03:28:37 [CAMPUS] [INFO   ] 
  [3/32 — 9.4%] > jain109sandeep@gmail.com
2026-04-28 03:28:37 [CAMPUS] [INFO   ]   Connecting to jain109sandeep@gmail.com …
2026-04-28 03:28:44 [CAMPUS] [INFO   ]   INBOX without 'PROCESSED-CAMPUS': 1 UID(s) (newer_than:30d or SINCE fallback)
2026-04-28 03:28:44 [CAMPUS] [INFO   ]   Pass 1: scanning headers of 1 email(s) (batch size 40)...
2026-04-28 03:28:44 [CAMPUS] [INFO   ]     … 1/1 headers
2026-04-28 03:28:44 [CAMPUS] [INFO   ]   Pass 1 done — full fetch for 1 UID(s); tagged NON-CAMPUS from headers: 0
2026-04-28 03:28:44 [CAMPUS] [INFO   ]   Pass 2: full body (BODY.PEEK[]) for 1 UID(s) (batch 8, progress every 5)…
2026-04-28 03:28:44 [CAMPUS] [INFO   ]     … 1/1 full fetch (batch 1 UID(s))
2026-04-28 03:28:44 [CAMPUS] [INFO   ]     … 1/1 full fetch (batch received, processing…)
2026-04-28 03:28:44 [CAMPUS] [INFO   ]     … 1/1 full fetch
2026-04-28 03:28:44 [CAMPUS] [INFO   ]   [BOUNCE->FAILURE] vc@nta.ac.in
2026-04-28 03:28:46 [CAMPUS] [INFO   ]   Pass 2 done — 1 full fetch(es) finished.
2026-04-28 03:28:46 [CAMPUS] [INFO   ] 
  [4/32 — 12.5%] > jain111sandeep@gmail.com
2026-04-28 03:28:46 [CAMPUS] [INFO   ]   Connecting to jain111sandeep@gmail.com …
2026-04-28 03:28:51 [CAMPUS] [INFO   ]   INBOX without 'PROCESSED-CAMPUS': 3 UID(s) (newer_than:30d or SINCE fallback)
2026-04-28 03:28:51 [CAMPUS] [INFO   ]   Pass 1: scanning headers of 3 email(s) (batch size 40)...
2026-04-28 03:28:51 [CAMPUS] [INFO   ]     … 3/3 headers
2026-04-28 03:28:52 [CAMPUS] [INFO   ]   Pass 1 done — full fetch for 3 UID(s); tagged NON-CAMPUS from headers: 0
2026-04-28 03:28:52 [CAMPUS] [INFO   ]   Pass 2: full body (BODY.PEEK[]) for 3 UID(s) (batch 8, progress every 5)…
2026-04-28 03:28:52 [CAMPUS] [INFO   ]     … 3/3 full fetch (batch 3 UID(s))
2026-04-28 03:28:52 [CAMPUS] [INFO   ]     … 3/3 full fetch (batch received, processing…)
2026-04-28 03:28:52 [CAMPUS] [INFO   ]     … 1/3 full fetch
2026-04-28 03:28:52 [CAMPUS] [INFO   ]   [HUMAN REPLY] from: jain106sandeep@gmail.com
2026-04-28 03:28:58 [CAMPUS] [INFO   ]   [FORWARDED] REPLY-CAMPUS → sandeepjain200019@gmail.com
2026-04-28 03:29:04 [CAMPUS] [INFO   ]   [AUTOREPLY SENT] to jain106sandeep@gmail.com
2026-04-28 03:29:05 [CAMPUS] [INFO   ]   [HUMAN REPLY] from: jain106sandeep@gmail.com
2026-04-28 03:29:10 [CAMPUS] [INFO   ]   [FORWARDED] REPLY-CAMPUS → sandeepjain200019@gmail.com
2026-04-28 03:29:16 [CAMPUS] [INFO   ]   [AUTOREPLY SENT] to jain106sandeep@gmail.com
2026-04-28 03:29:17 [CAMPUS] [INFO   ]     … 3/3 full fetch
2026-04-28 03:29:17 [CAMPUS] [INFO   ]   [BOUNCE->FAILURE] vc@andhrakesariuniversity.in
2026-04-28 03:29:18 [CAMPUS] [INFO   ]   Pass 2 done — 3 full fetch(es) finished.
2026-04-28 03:29:18 [CAMPUS] [INFO   ] 
  [5/32 — 15.6%] > sandeep196605@gmail.com
2026-04-28 03:29:18 [CAMPUS] [INFO   ]   Connecting to sandeep196605@gmail.com …
2026-04-28 03:29:25 [CAMPUS] [INFO   ]   INBOX without 'PROCESSED-CAMPUS': 1 UID(s) (newer_than:30d or SINCE fallback)
2026-04-28 03:29:25 [CAMPUS] [INFO   ]   Pass 1: scanning headers of 1 email(s) (batch size 40)...
2026-04-28 03:29:25 [CAMPUS] [INFO   ]     … 1/1 headers
2026-04-28 03:29:26 [CAMPUS] [INFO   ]   Pass 1 done — full fetch for 1 UID(s); tagged NON-CAMPUS from headers: 0
2026-04-28 03:29:26 [CAMPUS] [INFO   ]   Pass 2: full body (BODY.PEEK[]) for 1 UID(s) (batch 8, progress every 5)…
2026-04-28 03:29:26 [CAMPUS] [INFO   ]     … 1/1 full fetch (batch 1 UID(s))
2026-04-28 03:29:26 [CAMPUS] [INFO   ]     … 1/1 full fetch (batch received, processing…)
2026-04-28 03:29:26 [CAMPUS] [INFO   ]     … 1/1 full fetch
2026-04-28 03:29:26 [CAMPUS] [INFO   ]   [BOUNCE->FAILURE] vc@buat.edu.in
2026-04-28 03:29:27 [CAMPUS] [INFO   ]   Pass 2 done — 1 full fetch(es) finished.
2026-04-28 03:29:28 [CAMPUS] [INFO   ] 
  [6/32 — 18.8%] > jain114sandeep@gmail.com
2026-04-28 03:29:28 [CAMPUS] [INFO   ]   Connecting to jain114sandeep@gmail.com …
2026-04-28 03:29:34 [CAMPUS] [INFO   ]   INBOX without 'PROCESSED-CAMPUS': 0 UID(s) (newer_than:30d or SINCE fallback)
2026-04-28 03:29:34 [CAMPUS] [INFO   ]   Pass 1: scanning headers of 0 email(s) (batch size 40)...
2026-04-28 03:29:34 [CAMPUS] [INFO   ]   Pass 1 done — full fetch for 0 UID(s); tagged NON-CAMPUS from headers: 0
2026-04-28 03:29:34 [CAMPUS] [INFO   ] 
  [7/32 — 21.9%] > jain105sandeep@gmail.com
2026-04-28 03:29:34 [CAMPUS] [INFO   ]   Connecting to jain105sandeep@gmail.com …
2026-04-28 03:29:39 [CAMPUS] [INFO   ]   INBOX without 'PROCESSED-CAMPUS': 1 UID(s) (newer_than:30d or SINCE fallback)
2026-04-28 03:29:39 [CAMPUS] [INFO   ]   Pass 1: scanning headers of 1 email(s) (batch size 40)...
2026-04-28 03:29:39 [CAMPUS] [INFO   ]     … 1/1 headers
2026-04-28 03:29:39 [CAMPUS] [INFO   ]   Pass 1 done — full fetch for 1 UID(s); tagged NON-CAMPUS from headers: 0
2026-04-28 03:29:39 [CAMPUS] [INFO   ]   Pass 2: full body (BODY.PEEK[]) for 1 UID(s) (batch 8, progress every 5)…
2026-04-28 03:29:39 [CAMPUS] [INFO   ]     … 1/1 full fetch (batch 1 UID(s))
2026-04-28 03:29:40 [CAMPUS] [INFO   ]     … 1/1 full fetch (batch received, processing…)
2026-04-28 03:29:40 [CAMPUS] [INFO   ]     … 1/1 full fetch
2026-04-28 03:29:40 [CAMPUS] [INFO   ]   [BOUNCE->FAILURE] vc@cuc.ac.in
2026-04-28 03:29:41 [CAMPUS] [INFO   ]   Pass 2 done — 1 full fetch(es) finished.
2026-04-28 03:29:41 [CAMPUS] [INFO   ] 
  [8/32 — 25.0%] > jain107sandeep@gmail.com
2026-04-28 03:29:41 [CAMPUS] [INFO   ]   Connecting to jain107sandeep@gmail.com …
2026-04-28 03:29:46 [CAMPUS] [INFO   ]   INBOX without 'PROCESSED-CAMPUS': 1 UID(s) (newer_than:30d or SINCE fallback)
2026-04-28 03:29:46 [CAMPUS] [INFO   ]   Pass 1: scanning headers of 1 email(s) (batch size 40)...
2026-04-28 03:29:46 [CAMPUS] [INFO   ]     … 1/1 headers
2026-04-28 03:29:46 [CAMPUS] [INFO   ]   Pass 1 done — full fetch for 1 UID(s); tagged NON-CAMPUS from headers: 0
2026-04-28 03:29:46 [CAMPUS] [INFO   ]   Pass 2: full body (BODY.PEEK[]) for 1 UID(s) (batch 8, progress every 5)…
2026-04-28 03:29:46 [CAMPUS] [INFO   ]     … 1/1 full fetch (batch 1 UID(s))
2026-04-28 03:29:47 [CAMPUS] [INFO   ]     … 1/1 full fetch (batch received, processing…)
2026-04-28 03:29:47 [CAMPUS] [INFO   ]     … 1/1 full fetch
2026-04-28 03:29:47 [CAMPUS] [INFO   ]   [BOUNCE->FAILURE] registrar@malayalamuniversity.edu.in
2026-04-28 03:29:48 [CAMPUS] [INFO   ]   Pass 2 done — 1 full fetch(es) finished.
2026-04-28 03:29:48 [CAMPUS] [INFO   ] 
  [9/32 — 28.1%] > sj7634811@gmail.com
2026-04-28 03:29:48 [CAMPUS] [INFO   ]   Connecting to sj7634811@gmail.com …
2026-04-28 03:29:52 [CAMPUS] [INFO   ]   INBOX without 'PROCESSED-CAMPUS': 0 UID(s) (newer_than:30d or SINCE fallback)
2026-04-28 03:29:52 [CAMPUS] [INFO   ]   Pass 1: scanning headers of 0 email(s) (batch size 40)...
2026-04-28 03:29:52 [CAMPUS] [INFO   ]   Pass 1 done — full fetch for 0 UID(s); tagged NON-CAMPUS from headers: 0
2026-04-28 03:29:52 [CAMPUS] [INFO   ] 
  [10/32 — 31.2%] > jain115sandeep@gmail.com
2026-04-28 03:29:52 [CAMPUS] [INFO   ]   Connecting to jain115sandeep@gmail.com …
2026-04-28 03:29:58 [CAMPUS] [INFO   ]   INBOX without 'PROCESSED-CAMPUS': 0 UID(s) (newer_than:30d or SINCE fallback)
2026-04-28 03:29:58 [CAMPUS] [INFO   ]   Pass 1: scanning headers of 0 email(s) (batch size 40)...
2026-04-28 03:29:58 [CAMPUS] [INFO   ]   Pass 1 done — full fetch for 0 UID(s); tagged NON-CAMPUS from headers: 0
2026-04-28 03:29:58 [CAMPUS] [INFO   ] 
  [11/32 — 34.4%] > jain200sandeep@gmail.com
2026-04-28 03:29:58 [CAMPUS] [INFO   ]   Connecting to jain200sandeep@gmail.com …
2026-04-28 03:30:03 [CAMPUS] [INFO   ]   INBOX without 'PROCESSED-CAMPUS': 0 UID(s) (newer_than:30d or SINCE fallback)
2026-04-28 03:30:03 [CAMPUS] [INFO   ]   Pass 1: scanning headers of 0 email(s) (batch size 40)...
2026-04-28 03:30:03 [CAMPUS] [INFO   ]   Pass 1 done — full fetch for 0 UID(s); tagged NON-CAMPUS from headers: 0
2026-04-28 03:30:03 [CAMPUS] [INFO   ] 
  [12/32 — 37.5%] > jain201sandeep@gmail.com
2026-04-28 03:30:03 [CAMPUS] [INFO   ]   Connecting to jain201sandeep@gmail.com …
2026-04-28 03:30:07 [CAMPUS] [INFO   ]   INBOX without 'PROCESSED-CAMPUS': 0 UID(s) (newer_than:30d or SINCE fallback)
2026-04-28 03:30:07 [CAMPUS] [INFO   ]   Pass 1: scanning headers of 0 email(s) (batch size 40)...
2026-04-28 03:30:07 [CAMPUS] [INFO   ]   Pass 1 done — full fetch for 0 UID(s); tagged NON-CAMPUS from headers: 0
2026-04-28 03:30:07 [CAMPUS] [INFO   ] 
  [13/32 — 40.6%] > jain202sandeep@gmail.com
2026-04-28 03:30:07 [CAMPUS] [INFO   ]   Connecting to jain202sandeep@gmail.com …
2026-04-28 03:30:14 [CAMPUS] [INFO   ]   INBOX without 'PROCESSED-CAMPUS': 0 UID(s) (newer_than:30d or SINCE fallback)
2026-04-28 03:30:14 [CAMPUS] [INFO   ]   Pass 1: scanning headers of 0 email(s) (batch size 40)...
2026-04-28 03:30:14 [CAMPUS] [INFO   ]   Pass 1 done — full fetch for 0 UID(s); tagged NON-CAMPUS from headers: 0
2026-04-28 03:30:15 [CAMPUS] [INFO   ] 
  [14/32 — 43.8%] > jain203sandeep@gmail.com
2026-04-28 03:30:15 [CAMPUS] [INFO   ]   Connecting to jain203sandeep@gmail.com …
2026-04-28 03:30:20 [CAMPUS] [INFO   ]   INBOX without 'PROCESSED-CAMPUS': 0 UID(s) (newer_than:30d or SINCE fallback)
2026-04-28 03:30:20 [CAMPUS] [INFO   ]   Pass 1: scanning headers of 0 email(s) (batch size 40)...
2026-04-28 03:30:20 [CAMPUS] [INFO   ]   Pass 1 done — full fetch for 0 UID(s); tagged NON-CAMPUS from headers: 0
2026-04-28 03:30:21 [CAMPUS] [INFO   ] 
  [15/32 — 46.9%] > jain204sandeep@gmail.com
2026-04-28 03:30:21 [CAMPUS] [INFO   ]   Connecting to jain204sandeep@gmail.com …
2026-04-28 03:30:26 [CAMPUS] [INFO   ]   INBOX without 'PROCESSED-CAMPUS': 1 UID(s) (newer_than:30d or SINCE fallback)
2026-04-28 03:30:26 [CAMPUS] [INFO   ]   Pass 1: scanning headers of 1 email(s) (batch size 40)...
2026-04-28 03:30:26 [CAMPUS] [INFO   ]     … 1/1 headers
2026-04-28 03:30:26 [CAMPUS] [INFO   ]   Pass 1 done — full fetch for 1 UID(s); tagged NON-CAMPUS from headers: 0
2026-04-28 03:30:26 [CAMPUS] [INFO   ]   Pass 2: full body (BODY.PEEK[]) for 1 UID(s) (batch 8, progress every 5)…
2026-04-28 03:30:26 [CAMPUS] [INFO   ]     … 1/1 full fetch (batch 1 UID(s))
2026-04-28 03:30:27 [CAMPUS] [INFO   ]     … 1/1 full fetch (batch received, processing…)
2026-04-28 03:30:27 [CAMPUS] [INFO   ]     … 1/1 full fetch
2026-04-28 03:30:27 [CAMPUS] [INFO   ]   [BOUNCE->FAILURE] registrar@skmu.ac.in
2026-04-28 03:30:29 [CAMPUS] [INFO   ]   Pass 2 done — 1 full fetch(es) finished.
2026-04-28 03:30:29 [CAMPUS] [INFO   ] 
  [16/32 — 50.0%] > jain205sandeep@gmail.com
2026-04-28 03:30:29 [CAMPUS] [INFO   ]   Connecting to jain205sandeep@gmail.com …
2026-04-28 03:30:34 [CAMPUS] [INFO   ]   INBOX without 'PROCESSED-CAMPUS': 1 UID(s) (newer_than:30d or SINCE fallback)
2026-04-28 03:30:34 [CAMPUS] [INFO   ]   Pass 1: scanning headers of 1 email(s) (batch size 40)...
2026-04-28 03:30:34 [CAMPUS] [INFO   ]     … 1/1 headers
2026-04-28 03:30:34 [CAMPUS] [INFO   ]   Pass 1 done — full fetch for 1 UID(s); tagged NON-CAMPUS from headers: 0
2026-04-28 03:30:34 [CAMPUS] [INFO   ]   Pass 2: full body (BODY.PEEK[]) for 1 UID(s) (batch 8, progress every 5)…
2026-04-28 03:30:34 [CAMPUS] [INFO   ]     … 1/1 full fetch (batch 1 UID(s))
2026-04-28 03:30:34 [CAMPUS] [INFO   ]     … 1/1 full fetch (batch received, processing…)
2026-04-28 03:30:34 [CAMPUS] [INFO   ]     … 1/1 full fetch
2026-04-28 03:30:34 [CAMPUS] [INFO   ]   [BOUNCE->FAILURE] registrar@skuniversity.ac.in
2026-04-28 03:30:35 [CAMPUS] [INFO   ]   Pass 2 done — 1 full fetch(es) finished.
2026-04-28 03:30:36 [CAMPUS] [INFO   ] 
  [17/32 — 53.1%] > jain206sandeep@gmail.com
2026-04-28 03:30:36 [CAMPUS] [INFO   ]   Connecting to jain206sandeep@gmail.com …
2026-04-28 03:30:41 [CAMPUS] [INFO   ]   INBOX without 'PROCESSED-CAMPUS': 0 UID(s) (newer_than:30d or SINCE fallback)
2026-04-28 03:30:41 [CAMPUS] [INFO   ]   Pass 1: scanning headers of 0 email(s) (batch size 40)...
2026-04-28 03:30:41 [CAMPUS] [INFO   ]   Pass 1 done — full fetch for 0 UID(s); tagged NON-CAMPUS from headers: 0
2026-04-28 03:30:42 [CAMPUS] [INFO   ] 
  [18/32 — 56.2%] > jain207sandeep@gmail.com
2026-04-28 03:30:42 [CAMPUS] [INFO   ]   Connecting to jain207sandeep@gmail.com …
2026-04-28 03:30:47 [CAMPUS] [INFO   ]   INBOX without 'PROCESSED-CAMPUS': 0 UID(s) (newer_than:30d or SINCE fallback)
2026-04-28 03:30:47 [CAMPUS] [INFO   ]   Pass 1: scanning headers of 0 email(s) (batch size 40)...
2026-04-28 03:30:47 [CAMPUS] [INFO   ]   Pass 1 done — full fetch for 0 UID(s); tagged NON-CAMPUS from headers: 0
2026-04-28 03:30:47 [CAMPUS] [INFO   ] 
  [19/32 — 59.4%] > jain208sandeep@gmail.com
2026-04-28 03:30:47 [CAMPUS] [INFO   ]   Connecting to jain208sandeep@gmail.com …
2026-04-28 03:30:54 [CAMPUS] [INFO   ]   INBOX without 'PROCESSED-CAMPUS': 1 UID(s) (newer_than:30d or SINCE fallback)
2026-04-28 03:30:54 [CAMPUS] [INFO   ]   Pass 1: scanning headers of 1 email(s) (batch size 40)...
2026-04-28 03:30:54 [CAMPUS] [INFO   ]     … 1/1 headers
2026-04-28 03:30:54 [CAMPUS] [INFO   ]   Pass 1 done — full fetch for 1 UID(s); tagged NON-CAMPUS from headers: 0
2026-04-28 03:30:54 [CAMPUS] [INFO   ]   Pass 2: full body (BODY.PEEK[]) for 1 UID(s) (batch 8, progress every 5)…
2026-04-28 03:30:54 [CAMPUS] [INFO   ]     … 1/1 full fetch (batch 1 UID(s))
2026-04-28 03:30:55 [CAMPUS] [INFO   ]     … 1/1 full fetch (batch received, processing…)
2026-04-28 03:30:55 [CAMPUS] [INFO   ]     … 1/1 full fetch
2026-04-28 03:30:55 [CAMPUS] [INFO   ]   [BOUNCE->FAILURE] registrar@vikramuniv.ac.in
2026-04-28 03:30:56 [CAMPUS] [INFO   ]   Pass 2 done — 1 full fetch(es) finished.
2026-04-28 03:30:57 [CAMPUS] [INFO   ] 
  [20/32 — 62.5%] > jain1001sandeep@gmail.com
2026-04-28 03:30:57 [CAMPUS] [INFO   ]   Connecting to jain1001sandeep@gmail.com …
2026-04-28 03:31:02 [CAMPUS] [INFO   ]   INBOX without 'PROCESSED-CAMPUS': 1 UID(s) (newer_than:30d or SINCE fallback)
2026-04-28 03:31:02 [CAMPUS] [INFO   ]   Pass 1: scanning headers of 1 email(s) (batch size 40)...
2026-04-28 03:31:02 [CAMPUS] [INFO   ]     … 1/1 headers
2026-04-28 03:31:02 [CAMPUS] [INFO   ]   Pass 1 done — full fetch for 1 UID(s); tagged NON-CAMPUS from headers: 0
2026-04-28 03:31:02 [CAMPUS] [INFO   ]   Pass 2: full body (BODY.PEEK[]) for 1 UID(s) (batch 8, progress every 5)…
2026-04-28 03:31:02 [CAMPUS] [INFO   ]     … 1/1 full fetch (batch 1 UID(s))
2026-04-28 03:31:03 [CAMPUS] [INFO   ]     … 1/1 full fetch (batch received, processing…)
2026-04-28 03:31:03 [CAMPUS] [INFO   ]     … 1/1 full fetch
2026-04-28 03:31:03 [CAMPUS] [INFO   ]   [BOUNCE->FAILURE] placement@aau.ac.in
2026-04-28 03:31:04 [CAMPUS] [INFO   ]   Pass 2 done — 1 full fetch(es) finished.
2026-04-28 03:31:05 [CAMPUS] [INFO   ] 
  [21/32 — 65.6%] > jain1002sandeep@gmail.com
2026-04-28 03:31:05 [CAMPUS] [INFO   ]   Connecting to jain1002sandeep@gmail.com …
2026-04-28 03:31:09 [CAMPUS] [INFO   ]   INBOX without 'PROCESSED-CAMPUS': 0 UID(s) (newer_than:30d or SINCE fallback)
2026-04-28 03:31:09 [CAMPUS] [INFO   ]   Pass 1: scanning headers of 0 email(s) (batch size 40)...
2026-04-28 03:31:09 [CAMPUS] [INFO   ]   Pass 1 done — full fetch for 0 UID(s); tagged NON-CAMPUS from headers: 0
2026-04-28 03:31:09 [CAMPUS] [INFO   ] 
  [22/32 — 68.8%] > jain1003sandeep@gmail.com
2026-04-28 03:31:09 [CAMPUS] [INFO   ]   Connecting to jain1003sandeep@gmail.com …
2026-04-28 03:31:14 [CAMPUS] [INFO   ]   INBOX without 'PROCESSED-CAMPUS': 0 UID(s) (newer_than:30d or SINCE fallback)
2026-04-28 03:31:14 [CAMPUS] [INFO   ]   Pass 1: scanning headers of 0 email(s) (batch size 40)...
2026-04-28 03:31:14 [CAMPUS] [INFO   ]   Pass 1 done — full fetch for 0 UID(s); tagged NON-CAMPUS from headers: 0
2026-04-28 03:31:15 [CAMPUS] [INFO   ] 
  [23/32 — 71.9%] > jain1004sandeep@gmail.com
2026-04-28 03:31:15 [CAMPUS] [INFO   ]   Connecting to jain1004sandeep@gmail.com …
2026-04-28 03:31:19 [CAMPUS] [INFO   ]   INBOX without 'PROCESSED-CAMPUS': 0 UID(s) (newer_than:30d or SINCE fallback)
2026-04-28 03:31:19 [CAMPUS] [INFO   ]   Pass 1: scanning headers of 0 email(s) (batch size 40)...
2026-04-28 03:31:19 [CAMPUS] [INFO   ]   Pass 1 done — full fetch for 0 UID(s); tagged NON-CAMPUS from headers: 0
2026-04-28 03:31:20 [CAMPUS] [INFO   ] 
  [25/32 — 78.1%] > jain104sandeep@gmail.com
2026-04-28 03:31:20 [CAMPUS] [INFO   ]   Connecting to jain104sandeep@gmail.com …
2026-04-28 03:31:25 [CAMPUS] [INFO   ]   INBOX without 'PROCESSED-CAMPUS': 0 UID(s) (newer_than:30d or SINCE fallback)
2026-04-28 03:31:25 [CAMPUS] [INFO   ]   Pass 1: scanning headers of 0 email(s) (batch size 40)...
2026-04-28 03:31:25 [CAMPUS] [INFO   ]   Pass 1 done — full fetch for 0 UID(s); tagged NON-CAMPUS from headers: 0
2026-04-28 03:31:25 [CAMPUS] [INFO   ] 
  [26/32 — 81.2%] > jain214sandeep@gmail.com
2026-04-28 03:31:25 [CAMPUS] [INFO   ]   Connecting to jain214sandeep@gmail.com …
2026-04-28 03:31:31 [CAMPUS] [INFO   ]   INBOX without 'PROCESSED-CAMPUS': 0 UID(s) (newer_than:30d or SINCE fallback)
2026-04-28 03:31:31 [CAMPUS] [INFO   ]   Pass 1: scanning headers of 0 email(s) (batch size 40)...
2026-04-28 03:31:31 [CAMPUS] [INFO   ]   Pass 1 done — full fetch for 0 UID(s); tagged NON-CAMPUS from headers: 0
2026-04-28 03:31:32 [CAMPUS] [INFO   ] 
  [27/32 — 84.4%] > jain215sandeep@gmail.com
2026-04-28 03:31:32 [CAMPUS] [INFO   ]   Connecting to jain215sandeep@gmail.com …
2026-04-28 03:31:38 [CAMPUS] [INFO   ]   INBOX without 'PROCESSED-CAMPUS': 0 UID(s) (newer_than:30d or SINCE fallback)
2026-04-28 03:31:38 [CAMPUS] [INFO   ]   Pass 1: scanning headers of 0 email(s) (batch size 40)...
2026-04-28 03:31:38 [CAMPUS] [INFO   ]   Pass 1 done — full fetch for 0 UID(s); tagged NON-CAMPUS from headers: 0
2026-04-28 03:31:38 [CAMPUS] [INFO   ] 
  [28/32 — 87.5%] > jain216sandeep@gmail.com
2026-04-28 03:31:38 [CAMPUS] [INFO   ]   Connecting to jain216sandeep@gmail.com …
2026-04-28 03:31:43 [CAMPUS] [INFO   ]   INBOX without 'PROCESSED-CAMPUS': 0 UID(s) (newer_than:30d or SINCE fallback)
2026-04-28 03:31:43 [CAMPUS] [INFO   ]   Pass 1: scanning headers of 0 email(s) (batch size 40)...
2026-04-28 03:31:43 [CAMPUS] [INFO   ]   Pass 1 done — full fetch for 0 UID(s); tagged NON-CAMPUS from headers: 0
2026-04-28 03:31:43 [CAMPUS] [INFO   ] 
  [29/32 — 90.6%] > jainsandeep729@gmail.com
2026-04-28 03:31:43 [CAMPUS] [INFO   ]   Connecting to jainsandeep729@gmail.com …
2026-04-28 03:31:52 [CAMPUS] [INFO   ]   INBOX without 'PROCESSED-CAMPUS': 0 UID(s) (newer_than:30d or SINCE fallback)
2026-04-28 03:31:52 [CAMPUS] [INFO   ]   Pass 1: scanning headers of 0 email(s) (batch size 40)...
2026-04-28 03:31:52 [CAMPUS] [INFO   ]   Pass 1 done — full fetch for 0 UID(s); tagged NON-CAMPUS from headers: 0
2026-04-28 03:31:53 [CAMPUS] [INFO   ] 
  [30/32 — 93.8%] > mandify1@gmail.com
2026-04-28 03:31:53 [CAMPUS] [INFO   ]   Connecting to mandify1@gmail.com …
2026-04-28 03:31:58 [CAMPUS] [INFO   ]   INBOX without 'PROCESSED-CAMPUS': 0 UID(s) (newer_than:30d or SINCE fallback)
2026-04-28 03:31:58 [CAMPUS] [INFO   ]   Pass 1: scanning headers of 0 email(s) (batch size 40)...
2026-04-28 03:31:58 [CAMPUS] [INFO   ]   Pass 1 done — full fetch for 0 UID(s); tagged NON-CAMPUS from headers: 0
2026-04-28 03:31:59 [CAMPUS] [INFO   ] 
  [31/32 — 96.9%] > mandify2@gmail.com
2026-04-28 03:31:59 [CAMPUS] [INFO   ]   Connecting to mandify2@gmail.com …
2026-04-28 03:32:03 [CAMPUS] [INFO   ]   INBOX without 'PROCESSED-CAMPUS': 0 UID(s) (newer_than:30d or SINCE fallback)
2026-04-28 03:32:03 [CAMPUS] [INFO   ]   Pass 1: scanning headers of 0 email(s) (batch size 40)...
2026-04-28 03:32:03 [CAMPUS] [INFO   ]   Pass 1 done — full fetch for 0 UID(s); tagged NON-CAMPUS from headers: 0
2026-04-28 03:32:04 [CAMPUS] [INFO   ] 
  [32/32 — 100.0%] > sj5739255@gmail.com
2026-04-28 03:32:04 [CAMPUS] [INFO   ]   Connecting to sj5739255@gmail.com …
2026-04-28 03:32:09 [CAMPUS] [INFO   ]   INBOX without 'PROCESSED-CAMPUS': 0 UID(s) (newer_than:30d or SINCE fallback)
2026-04-28 03:32:09 [CAMPUS] [INFO   ]   Pass 1: scanning headers of 0 email(s) (batch size 40)...
2026-04-28 03:32:09 [CAMPUS] [INFO   ]   Pass 1 done — full fetch for 0 UID(s); tagged NON-CAMPUS from headers: 0
2026-04-28 03:32:10 [CAMPUS] [INFO   ] 
  Bounces found   : 10
2026-04-28 03:32:10 [CAMPUS] [INFO   ]   Human responses : 2
2026-04-28 03:32:10 [CAMPUS] [INFO   ] 
[STEP 2] Sending to up to 20 institute(s)...
2026-04-28 03:32:10 [CAMPUS] [INFO   ]   Institutes ready: 20
2026-04-28 03:32:10 [CAMPUS] [INFO   ] 
  [49] Sending to: vc@malayalamuniversity.edu.in
2026-04-28 03:32:10 [CAMPUS] [INFO   ]        From [1/32 — 3.1%]: jain106sandeep@gmail.com
2026-04-28 03:32:16 [CAMPUS] [INFO   ]        [OK] Sent successfully
2026-04-28 03:32:19 [CAMPUS] [INFO   ] 
  [60] Sending to: vc@skmu.ac.in
2026-04-28 03:32:19 [CAMPUS] [INFO   ]        From [2/32 — 6.2%]: sj1799274@gmail.com
2026-04-28 03:32:24 [CAMPUS] [INFO   ]        [OK] Sent successfully
2026-04-28 03:32:27 [CAMPUS] [INFO   ] 
  [61] Sending to: vc@skuniversity.ac.in
2026-04-28 03:32:27 [CAMPUS] [INFO   ]        From [3/32 — 9.4%]: jain109sandeep@gmail.com
2026-04-28 03:32:33 [CAMPUS] [INFO   ]        [OK] Sent successfully
2026-04-28 03:32:36 [CAMPUS] [INFO   ] 
  [65] Sending to: vc@vikramuniv.ac.in
2026-04-28 03:32:36 [CAMPUS] [INFO   ]        From [4/32 — 12.5%]: jain111sandeep@gmail.com
2026-04-28 03:32:42 [CAMPUS] [INFO   ]        [OK] Sent successfully
2026-04-28 03:32:45 [CAMPUS] [INFO   ] 
  [66] Sending to: registrar@aau.ac.in
2026-04-28 03:32:45 [CAMPUS] [INFO   ]        From [5/32 — 15.6%]: sandeep196605@gmail.com
2026-04-28 03:32:51 [CAMPUS] [INFO   ]        [OK] Sent successfully
2026-04-28 03:32:54 [CAMPUS] [INFO   ] 
  [67] Sending to: registrar@abvhv.edu.in
2026-04-28 03:32:54 [CAMPUS] [INFO   ]        From [6/32 — 18.8%]: jain114sandeep@gmail.com
2026-04-28 03:32:59 [CAMPUS] [INFO   ]        [OK] Sent successfully
2026-04-28 03:33:02 [CAMPUS] [INFO   ] 
  [68] Sending to: registrar@aliah.ac.in
2026-04-28 03:33:02 [CAMPUS] [INFO   ]        From [7/32 — 21.9%]: jain105sandeep@gmail.com
2026-04-28 03:33:08 [CAMPUS] [INFO   ]        [OK] Sent successfully
2026-04-28 03:33:11 [CAMPUS] [INFO   ] 
  [69] Sending to: registrar@annamalaiuniversity.ac.in
2026-04-28 03:33:11 [CAMPUS] [INFO   ]        From [8/32 — 25.0%]: jain107sandeep@gmail.com
2026-04-28 03:33:16 [CAMPUS] [INFO   ]        [OK] Sent successfully
2026-04-28 03:33:19 [CAMPUS] [INFO   ] 
  [70] Sending to: registrar@annauniv.edu
2026-04-28 03:33:19 [CAMPUS] [INFO   ]        From [9/32 — 28.1%]: sj7634811@gmail.com
2026-04-28 03:33:25 [CAMPUS] [INFO   ]        [OK] Sent successfully
2026-04-28 03:33:28 [CAMPUS] [INFO   ] 
  [72] Sending to: registrar@aud.ac.in
2026-04-28 03:33:28 [CAMPUS] [INFO   ]        From [10/32 — 31.2%]: jain115sandeep@gmail.com
2026-04-28 03:33:34 [CAMPUS] [INFO   ]        [OK] Sent successfully
2026-04-28 03:33:37 [CAMPUS] [INFO   ] 
  [75] Sending to: registrar@bckv.edu.in
2026-04-28 03:33:37 [CAMPUS] [INFO   ]        From [11/32 — 34.4%]: jain200sandeep@gmail.com
2026-04-28 03:33:42 [CAMPUS] [INFO   ]        [OK] Sent successfully
2026-04-28 03:33:45 [CAMPUS] [INFO   ] 
  [76] Sending to: registrar@bfuhs.ac.in
2026-04-28 03:33:45 [CAMPUS] [INFO   ]        From [12/32 — 37.5%]: jain201sandeep@gmail.com
2026-04-28 03:33:51 [CAMPUS] [INFO   ]        [OK] Sent successfully
2026-04-28 03:33:54 [CAMPUS] [INFO   ] 
  [79] Sending to: registrar@brau.edu.in
2026-04-28 03:33:54 [CAMPUS] [INFO   ]        From [13/32 — 40.6%]: jain202sandeep@gmail.com
2026-04-28 03:33:59 [CAMPUS] [INFO   ]        [OK] Sent successfully
2026-04-28 03:34:02 [CAMPUS] [INFO   ] 
  [80] Sending to: registrar@b-u.ac.in
2026-04-28 03:34:02 [CAMPUS] [INFO   ]        From [14/32 — 43.8%]: jain203sandeep@gmail.com
2026-04-28 03:34:08 [CAMPUS] [INFO   ]        [OK] Sent successfully
2026-04-28 03:34:11 [CAMPUS] [INFO   ] 
  [83] Sending to: registrar@cnlu.ac.in
2026-04-28 03:34:11 [CAMPUS] [INFO   ]        From [15/32 — 46.9%]: jain204sandeep@gmail.com
2026-04-28 03:34:17 [CAMPUS] [INFO   ]        [OK] Sent successfully
2026-04-28 03:34:20 [CAMPUS] [INFO   ] 
  [84] Sending to: registrar@crsujind.org
2026-04-28 03:34:20 [CAMPUS] [INFO   ]        From [16/32 — 50.0%]: jain205sandeep@gmail.com
2026-04-28 03:34:25 [CAMPUS] [INFO   ]        [OK] Sent successfully
2026-04-28 03:34:28 [CAMPUS] [INFO   ] 
  [85] Sending to: registrar@csauk.ac.in
2026-04-28 03:34:28 [CAMPUS] [INFO   ]        From [17/32 — 53.1%]: jain206sandeep@gmail.com
2026-04-28 03:34:34 [CAMPUS] [INFO   ]        [OK] Sent successfully
2026-04-28 03:34:37 [CAMPUS] [INFO   ] 
  [86] Sending to: registrar@csvtu.ac.in
2026-04-28 03:34:37 [CAMPUS] [INFO   ]        From [18/32 — 56.2%]: jain207sandeep@gmail.com
2026-04-28 03:34:42 [CAMPUS] [INFO   ]        [OK] Sent successfully
2026-04-28 03:34:45 [CAMPUS] [INFO   ] 
  [87] Sending to: registrar@dauniv.ac.in
2026-04-28 03:34:45 [CAMPUS] [INFO   ]        From [19/32 — 59.4%]: jain208sandeep@gmail.com
2026-04-28 03:34:51 [CAMPUS] [INFO   ]        [OK] Sent successfully
2026-04-28 03:34:54 [CAMPUS] [INFO   ] 
  [89] Sending to: registrar@dbatu.ac.in
2026-04-28 03:34:54 [CAMPUS] [INFO   ]        From [20/32 — 62.5%]: jain1001sandeep@gmail.com
2026-04-28 03:34:59 [CAMPUS] [INFO   ]        [OK] Sent successfully
2026-04-28 03:35:02 [CAMPUS] [INFO   ] 
================================================================
2026-04-28 03:35:02 [CAMPUS] [INFO   ]   Emails sent      : 20
2026-04-28 03:35:02 [CAMPUS] [INFO   ]   Send failures    : 0
2026-04-28 03:35:02 [CAMPUS] [INFO   ]   Bounces detected : 10
2026-04-28 03:35:02 [CAMPUS] [INFO   ]   Human responses  : 2
2026-04-28 03:35:02 [CAMPUS] [INFO   ] ================================================================
