2026-05-04 23:31:23 [CAMPUS] [INFO   ] [LOG] C:\Users\sandeep\Downloads\Claudes\CampusPlacement\crm\logs\campaign_2026-05-04_23-31-23.log
2026-05-04 23:31:23 [CAMPUS] [INFO   ] ================================================================
2026-05-04 23:31:23 [CAMPUS] [INFO   ]   PLACEMENT CRM – CAMPAIGN RUNNER
2026-05-04 23:31:23 [CAMPUS] [INFO   ]   Run : 2026-05-04 23:31:23
2026-05-04 23:31:23 [CAMPUS] [INFO   ]   Mode: Send up to 5 institute(s)
2026-05-04 23:31:23 [CAMPUS] [INFO   ] ================================================================
2026-05-04 23:31:23 [CAMPUS] [INFO   ]   Gmail accounts available: 32
2026-05-04 23:31:23 [CAMPUS] [INFO   ] 
[STEP 1] Checking inboxes for bounces and human replies...
2026-05-04 23:31:23 [CAMPUS] [INFO   ]   Monitoring 139 'Sent' address(es)
2026-05-04 23:31:23 [CAMPUS] [INFO   ]   Checking 31/32 accounts (only those that sent emails; order follows JSON)
2026-05-04 23:31:23 [CAMPUS] [INFO   ] 
  [1/32 — 3.1%] > jain106sandeep@gmail.com
2026-05-04 23:31:23 [CAMPUS] [INFO   ]   Connecting to jain106sandeep@gmail.com …
2026-05-04 23:31:28 [CAMPUS] [INFO   ]   INBOX without 'PROCESSED-CAMPUS': 1 UID(s) (newer_than:30d or SINCE fallback)
2026-05-04 23:31:28 [CAMPUS] [INFO   ]   Pass 1: scanning headers of 1 email(s) (batch size 40)...
2026-05-04 23:31:28 [CAMPUS] [INFO   ]     … 1/1 headers
2026-05-04 23:31:29 [CAMPUS] [INFO   ]   Pass 1 done — full fetch for 1 UID(s); tagged NON-CAMPUS from headers: 0
2026-05-04 23:31:29 [CAMPUS] [INFO   ]   Pass 2: full body (BODY.PEEK[]) for 1 UID(s) (batch 8, progress every 5)…
2026-05-04 23:31:29 [CAMPUS] [INFO   ]     … 1/1 full fetch (batch 1 UID(s))
2026-05-04 23:31:29 [CAMPUS] [INFO   ]     … 1/1 full fetch (batch received, processing…)
2026-05-04 23:31:29 [CAMPUS] [INFO   ]     … 1/1 full fetch
2026-05-04 23:31:29 [CAMPUS] [INFO   ]   [BOUNCE->FAILURE] admissions@amu.ac.in
2026-05-04 23:31:31 [CAMPUS] [INFO   ]   Pass 2 done — 1 full fetch(es) finished.
2026-05-04 23:31:31 [CAMPUS] [INFO   ] 
  [2/32 — 6.2%] > sj1799274@gmail.com
2026-05-04 23:31:31 [CAMPUS] [INFO   ]   Connecting to sj1799274@gmail.com …
2026-05-04 23:31:36 [CAMPUS] [INFO   ]   INBOX without 'PROCESSED-CAMPUS': 1 UID(s) (newer_than:30d or SINCE fallback)
2026-05-04 23:31:36 [CAMPUS] [INFO   ]   Pass 1: scanning headers of 1 email(s) (batch size 40)...
2026-05-04 23:31:36 [CAMPUS] [INFO   ]     … 1/1 headers
2026-05-04 23:31:36 [CAMPUS] [INFO   ]   Pass 1 done — full fetch for 1 UID(s); tagged NON-CAMPUS from headers: 0
2026-05-04 23:31:36 [CAMPUS] [INFO   ]   Pass 2: full body (BODY.PEEK[]) for 1 UID(s) (batch 8, progress every 5)…
2026-05-04 23:31:36 [CAMPUS] [INFO   ]     … 1/1 full fetch (batch 1 UID(s))
2026-05-04 23:31:37 [CAMPUS] [INFO   ]     … 1/1 full fetch (batch received, processing…)
2026-05-04 23:31:37 [CAMPUS] [INFO   ]     … 1/1 full fetch
2026-05-04 23:31:37 [CAMPUS] [INFO   ]   [BOUNCE->FAILURE] admissions@sanskrit.nic.in
2026-05-04 23:31:38 [CAMPUS] [INFO   ]   Pass 2 done — 1 full fetch(es) finished.
2026-05-04 23:31:38 [CAMPUS] [INFO   ] 
  [3/32 — 9.4%] > jain109sandeep@gmail.com
2026-05-04 23:31:38 [CAMPUS] [INFO   ]   Connecting to jain109sandeep@gmail.com …
2026-05-04 23:31:45 [CAMPUS] [INFO   ]   INBOX without 'PROCESSED-CAMPUS': 1 UID(s) (newer_than:30d or SINCE fallback)
2026-05-04 23:31:45 [CAMPUS] [INFO   ]   Pass 1: scanning headers of 1 email(s) (batch size 40)...
2026-05-04 23:31:45 [CAMPUS] [INFO   ]     … 1/1 headers
2026-05-04 23:31:46 [CAMPUS] [INFO   ]   Pass 1 done — full fetch for 1 UID(s); tagged NON-CAMPUS from headers: 0
2026-05-04 23:31:46 [CAMPUS] [INFO   ]   Pass 2: full body (BODY.PEEK[]) for 1 UID(s) (batch 8, progress every 5)…
2026-05-04 23:31:46 [CAMPUS] [INFO   ]     … 1/1 full fetch (batch 1 UID(s))
2026-05-04 23:31:46 [CAMPUS] [INFO   ]     … 1/1 full fetch (batch received, processing…)
2026-05-04 23:31:46 [CAMPUS] [INFO   ]     … 1/1 full fetch
2026-05-04 23:31:46 [CAMPUS] [INFO   ]   [BOUNCE->FAILURE] admissions@nta.ac.in
2026-05-04 23:31:48 [CAMPUS] [INFO   ]   Pass 2 done — 1 full fetch(es) finished.
2026-05-04 23:31:48 [CAMPUS] [INFO   ] 
  [4/32 — 12.5%] > jain111sandeep@gmail.com
2026-05-04 23:31:48 [CAMPUS] [INFO   ]   Connecting to jain111sandeep@gmail.com …
2026-05-04 23:31:53 [CAMPUS] [INFO   ]   INBOX without 'PROCESSED-CAMPUS': 1 UID(s) (newer_than:30d or SINCE fallback)
2026-05-04 23:31:53 [CAMPUS] [INFO   ]   Pass 1: scanning headers of 1 email(s) (batch size 40)...
2026-05-04 23:31:53 [CAMPUS] [INFO   ]     … 1/1 headers
2026-05-04 23:31:54 [CAMPUS] [INFO   ]   Pass 1 done — full fetch for 1 UID(s); tagged NON-CAMPUS from headers: 0
2026-05-04 23:31:54 [CAMPUS] [INFO   ]   Pass 2: full body (BODY.PEEK[]) for 1 UID(s) (batch 8, progress every 5)…
2026-05-04 23:31:54 [CAMPUS] [INFO   ]     … 1/1 full fetch (batch 1 UID(s))
2026-05-04 23:31:54 [CAMPUS] [INFO   ]     … 1/1 full fetch (batch received, processing…)
2026-05-04 23:31:54 [CAMPUS] [INFO   ]     … 1/1 full fetch
2026-05-04 23:31:54 [CAMPUS] [INFO   ]   [BOUNCE->FAILURE] admissions@andhrakesariuniversity.in
2026-05-04 23:31:55 [CAMPUS] [INFO   ]   Pass 2 done — 1 full fetch(es) finished.
2026-05-04 23:31:56 [CAMPUS] [INFO   ] 
  [5/32 — 15.6%] > sandeep196605@gmail.com
2026-05-04 23:31:56 [CAMPUS] [INFO   ]   Connecting to sandeep196605@gmail.com …
2026-05-04 23:32:02 [CAMPUS] [INFO   ]   INBOX without 'PROCESSED-CAMPUS': 1 UID(s) (newer_than:30d or SINCE fallback)
2026-05-04 23:32:02 [CAMPUS] [INFO   ]   Pass 1: scanning headers of 1 email(s) (batch size 40)...
2026-05-04 23:32:02 [CAMPUS] [INFO   ]     … 1/1 headers
2026-05-04 23:32:02 [CAMPUS] [INFO   ]   Pass 1 done — full fetch for 1 UID(s); tagged NON-CAMPUS from headers: 0
2026-05-04 23:32:02 [CAMPUS] [INFO   ]   Pass 2: full body (BODY.PEEK[]) for 1 UID(s) (batch 8, progress every 5)…
2026-05-04 23:32:02 [CAMPUS] [INFO   ]     … 1/1 full fetch (batch 1 UID(s))
2026-05-04 23:32:03 [CAMPUS] [INFO   ]     … 1/1 full fetch (batch received, processing…)
2026-05-04 23:32:03 [CAMPUS] [INFO   ]     … 1/1 full fetch
2026-05-04 23:32:03 [CAMPUS] [INFO   ]   [BOUNCE->FAILURE] admissions@buat.edu.in
2026-05-04 23:32:04 [CAMPUS] [INFO   ]   Pass 2 done — 1 full fetch(es) finished.
2026-05-04 23:32:05 [CAMPUS] [INFO   ] 
  [6/32 — 18.8%] > jain114sandeep@gmail.com
2026-05-04 23:32:05 [CAMPUS] [INFO   ]   Connecting to jain114sandeep@gmail.com …
2026-05-04 23:32:11 [CAMPUS] [INFO   ]   INBOX without 'PROCESSED-CAMPUS': 1 UID(s) (newer_than:30d or SINCE fallback)
2026-05-04 23:32:11 [CAMPUS] [INFO   ]   Pass 1: scanning headers of 1 email(s) (batch size 40)...
2026-05-04 23:32:11 [CAMPUS] [INFO   ]     … 1/1 headers
2026-05-04 23:32:11 [CAMPUS] [INFO   ]   Pass 1 done — full fetch for 1 UID(s); tagged NON-CAMPUS from headers: 0
2026-05-04 23:32:11 [CAMPUS] [INFO   ]   Pass 2: full body (BODY.PEEK[]) for 1 UID(s) (batch 8, progress every 5)…
2026-05-04 23:32:11 [CAMPUS] [INFO   ]     … 1/1 full fetch (batch 1 UID(s))
2026-05-04 23:32:12 [CAMPUS] [INFO   ]     … 1/1 full fetch (batch received, processing…)
2026-05-04 23:32:12 [CAMPUS] [INFO   ]     … 1/1 full fetch
2026-05-04 23:32:12 [CAMPUS] [INFO   ]   [BOUNCE->FAILURE] admissions@cuc.ac.in
2026-05-04 23:32:13 [CAMPUS] [INFO   ]   Pass 2 done — 1 full fetch(es) finished.
2026-05-04 23:32:13 [CAMPUS] [INFO   ] 
  [7/32 — 21.9%] > jain105sandeep@gmail.com
2026-05-04 23:32:13 [CAMPUS] [INFO   ]   Connecting to jain105sandeep@gmail.com …
2026-05-04 23:32:18 [CAMPUS] [INFO   ]   INBOX without 'PROCESSED-CAMPUS': 1 UID(s) (newer_than:30d or SINCE fallback)
2026-05-04 23:32:18 [CAMPUS] [INFO   ]   Pass 1: scanning headers of 1 email(s) (batch size 40)...
2026-05-04 23:32:18 [CAMPUS] [INFO   ]     … 1/1 headers
2026-05-04 23:32:18 [CAMPUS] [INFO   ]   Pass 1 done — full fetch for 1 UID(s); tagged NON-CAMPUS from headers: 0
2026-05-04 23:32:18 [CAMPUS] [INFO   ]   Pass 2: full body (BODY.PEEK[]) for 1 UID(s) (batch 8, progress every 5)…
2026-05-04 23:32:18 [CAMPUS] [INFO   ]     … 1/1 full fetch (batch 1 UID(s))
2026-05-04 23:32:18 [CAMPUS] [INFO   ]     … 1/1 full fetch (batch received, processing…)
2026-05-04 23:32:18 [CAMPUS] [INFO   ]     … 1/1 full fetch
2026-05-04 23:32:18 [CAMPUS] [INFO   ]   [BOUNCE->FAILURE] admissions@malayalamuniversity.edu.in
2026-05-04 23:32:19 [CAMPUS] [INFO   ]   Pass 2 done — 1 full fetch(es) finished.
2026-05-04 23:32:20 [CAMPUS] [INFO   ] 
  [8/32 — 25.0%] > jain107sandeep@gmail.com
2026-05-04 23:32:20 [CAMPUS] [INFO   ]   Connecting to jain107sandeep@gmail.com …
2026-05-04 23:32:24 [CAMPUS] [INFO   ]   INBOX without 'PROCESSED-CAMPUS': 1 UID(s) (newer_than:30d or SINCE fallback)
2026-05-04 23:32:24 [CAMPUS] [INFO   ]   Pass 1: scanning headers of 1 email(s) (batch size 40)...
2026-05-04 23:32:24 [CAMPUS] [INFO   ]     … 1/1 headers
2026-05-04 23:32:25 [CAMPUS] [INFO   ]   Pass 1 done — full fetch for 1 UID(s); tagged NON-CAMPUS from headers: 0
2026-05-04 23:32:25 [CAMPUS] [INFO   ]   Pass 2: full body (BODY.PEEK[]) for 1 UID(s) (batch 8, progress every 5)…
2026-05-04 23:32:25 [CAMPUS] [INFO   ]     … 1/1 full fetch (batch 1 UID(s))
2026-05-04 23:32:25 [CAMPUS] [INFO   ]     … 1/1 full fetch (batch received, processing…)
2026-05-04 23:32:25 [CAMPUS] [INFO   ]     … 1/1 full fetch
2026-05-04 23:32:25 [CAMPUS] [INFO   ]   [BOUNCE->FAILURE] admissions@bfuhs.ac.in
2026-05-04 23:32:26 [CAMPUS] [INFO   ]   Pass 2 done — 1 full fetch(es) finished.
2026-05-04 23:32:26 [CAMPUS] [INFO   ] 
  [9/32 — 28.1%] > sj7634811@gmail.com
2026-05-04 23:32:26 [CAMPUS] [INFO   ]   Connecting to sj7634811@gmail.com …
2026-05-04 23:32:30 [CAMPUS] [INFO   ]   INBOX without 'PROCESSED-CAMPUS': 1 UID(s) (newer_than:30d or SINCE fallback)
2026-05-04 23:32:30 [CAMPUS] [INFO   ]   Pass 1: scanning headers of 1 email(s) (batch size 40)...
2026-05-04 23:32:30 [CAMPUS] [INFO   ]     … 1/1 headers
2026-05-04 23:32:31 [CAMPUS] [INFO   ]   Pass 1 done — full fetch for 1 UID(s); tagged NON-CAMPUS from headers: 0
2026-05-04 23:32:31 [CAMPUS] [INFO   ]   Pass 2: full body (BODY.PEEK[]) for 1 UID(s) (batch 8, progress every 5)…
2026-05-04 23:32:31 [CAMPUS] [INFO   ]     … 1/1 full fetch (batch 1 UID(s))
2026-05-04 23:32:31 [CAMPUS] [INFO   ]     … 1/1 full fetch (batch received, processing…)
2026-05-04 23:32:31 [CAMPUS] [INFO   ]     … 1/1 full fetch
2026-05-04 23:32:31 [CAMPUS] [INFO   ]   [BOUNCE->FAILURE] admissions@brau.edu.in
2026-05-04 23:32:32 [CAMPUS] [INFO   ]   Pass 2 done — 1 full fetch(es) finished.
2026-05-04 23:32:33 [CAMPUS] [INFO   ] 
  [10/32 — 31.2%] > jain115sandeep@gmail.com
2026-05-04 23:32:33 [CAMPUS] [INFO   ]   Connecting to jain115sandeep@gmail.com …
2026-05-04 23:32:39 [CAMPUS] [INFO   ]   INBOX without 'PROCESSED-CAMPUS': 0 UID(s) (newer_than:30d or SINCE fallback)
2026-05-04 23:32:39 [CAMPUS] [INFO   ]   Pass 1: scanning headers of 0 email(s) (batch size 40)...
2026-05-04 23:32:39 [CAMPUS] [INFO   ]   Pass 1 done — full fetch for 0 UID(s); tagged NON-CAMPUS from headers: 0
2026-05-04 23:32:39 [CAMPUS] [INFO   ] 
  [11/32 — 34.4%] > jain200sandeep@gmail.com
2026-05-04 23:32:39 [CAMPUS] [INFO   ]   Connecting to jain200sandeep@gmail.com …
2026-05-04 23:32:44 [CAMPUS] [INFO   ]   INBOX without 'PROCESSED-CAMPUS': 0 UID(s) (newer_than:30d or SINCE fallback)
2026-05-04 23:32:44 [CAMPUS] [INFO   ]   Pass 1: scanning headers of 0 email(s) (batch size 40)...
2026-05-04 23:32:44 [CAMPUS] [INFO   ]   Pass 1 done — full fetch for 0 UID(s); tagged NON-CAMPUS from headers: 0
2026-05-04 23:32:44 [CAMPUS] [INFO   ] 
  [12/32 — 37.5%] > jain201sandeep@gmail.com
2026-05-04 23:32:44 [CAMPUS] [INFO   ]   Connecting to jain201sandeep@gmail.com …
2026-05-04 23:32:48 [CAMPUS] [INFO   ]   INBOX without 'PROCESSED-CAMPUS': 0 UID(s) (newer_than:30d or SINCE fallback)
2026-05-04 23:32:48 [CAMPUS] [INFO   ]   Pass 1: scanning headers of 0 email(s) (batch size 40)...
2026-05-04 23:32:48 [CAMPUS] [INFO   ]   Pass 1 done — full fetch for 0 UID(s); tagged NON-CAMPUS from headers: 0
2026-05-04 23:32:49 [CAMPUS] [INFO   ] 
  [13/32 — 40.6%] > jain202sandeep@gmail.com
2026-05-04 23:32:49 [CAMPUS] [INFO   ]   Connecting to jain202sandeep@gmail.com …
2026-05-04 23:32:52 [CAMPUS] [INFO   ]   INBOX without 'PROCESSED-CAMPUS': 1 UID(s) (newer_than:30d or SINCE fallback)
2026-05-04 23:32:52 [CAMPUS] [INFO   ]   Pass 1: scanning headers of 1 email(s) (batch size 40)...
2026-05-04 23:32:52 [CAMPUS] [INFO   ]     … 1/1 headers
2026-05-04 23:32:53 [CAMPUS] [INFO   ]   Pass 1 done — full fetch for 1 UID(s); tagged NON-CAMPUS from headers: 0
2026-05-04 23:32:53 [CAMPUS] [INFO   ]   Pass 2: full body (BODY.PEEK[]) for 1 UID(s) (batch 8, progress every 5)…
2026-05-04 23:32:53 [CAMPUS] [INFO   ]     … 1/1 full fetch (batch 1 UID(s))
2026-05-04 23:32:53 [CAMPUS] [INFO   ]     … 1/1 full fetch (batch received, processing…)
2026-05-04 23:32:53 [CAMPUS] [INFO   ]     … 1/1 full fetch
2026-05-04 23:32:53 [CAMPUS] [INFO   ]   [BOUNCE->FAILURE] placement@kannadauniversity.org
2026-05-04 23:32:54 [CAMPUS] [INFO   ]   Pass 2 done — 1 full fetch(es) finished.
2026-05-04 23:32:54 [CAMPUS] [INFO   ] 
  [14/32 — 43.8%] > jain203sandeep@gmail.com
2026-05-04 23:32:54 [CAMPUS] [INFO   ]   Connecting to jain203sandeep@gmail.com …
2026-05-04 23:33:00 [CAMPUS] [INFO   ]   INBOX without 'PROCESSED-CAMPUS': 0 UID(s) (newer_than:30d or SINCE fallback)
2026-05-04 23:33:00 [CAMPUS] [INFO   ]   Pass 1: scanning headers of 0 email(s) (batch size 40)...
2026-05-04 23:33:00 [CAMPUS] [INFO   ]   Pass 1 done — full fetch for 0 UID(s); tagged NON-CAMPUS from headers: 0
2026-05-04 23:33:00 [CAMPUS] [INFO   ] 
  [15/32 — 46.9%] > jain204sandeep@gmail.com
2026-05-04 23:33:00 [CAMPUS] [INFO   ]   Connecting to jain204sandeep@gmail.com …
2026-05-04 23:33:05 [CAMPUS] [INFO   ]   INBOX without 'PROCESSED-CAMPUS': 0 UID(s) (newer_than:30d or SINCE fallback)
2026-05-04 23:33:05 [CAMPUS] [INFO   ]   Pass 1: scanning headers of 0 email(s) (batch size 40)...
2026-05-04 23:33:05 [CAMPUS] [INFO   ]   Pass 1 done — full fetch for 0 UID(s); tagged NON-CAMPUS from headers: 0
2026-05-04 23:33:06 [CAMPUS] [INFO   ] 
  [16/32 — 50.0%] > jain205sandeep@gmail.com
2026-05-04 23:33:06 [CAMPUS] [INFO   ]   Connecting to jain205sandeep@gmail.com …
2026-05-04 23:33:10 [CAMPUS] [INFO   ]   INBOX without 'PROCESSED-CAMPUS': 0 UID(s) (newer_than:30d or SINCE fallback)
2026-05-04 23:33:10 [CAMPUS] [INFO   ]   Pass 1: scanning headers of 0 email(s) (batch size 40)...
2026-05-04 23:33:10 [CAMPUS] [INFO   ]   Pass 1 done — full fetch for 0 UID(s); tagged NON-CAMPUS from headers: 0
2026-05-04 23:33:11 [CAMPUS] [INFO   ] 
  [17/32 — 53.1%] > jain206sandeep@gmail.com
2026-05-04 23:33:11 [CAMPUS] [INFO   ]   Connecting to jain206sandeep@gmail.com …
2026-05-04 23:33:16 [CAMPUS] [INFO   ]   INBOX without 'PROCESSED-CAMPUS': 0 UID(s) (newer_than:30d or SINCE fallback)
2026-05-04 23:33:16 [CAMPUS] [INFO   ]   Pass 1: scanning headers of 0 email(s) (batch size 40)...
2026-05-04 23:33:16 [CAMPUS] [INFO   ]   Pass 1 done — full fetch for 0 UID(s); tagged NON-CAMPUS from headers: 0
2026-05-04 23:33:16 [CAMPUS] [INFO   ] 
  [18/32 — 56.2%] > jain207sandeep@gmail.com
2026-05-04 23:33:16 [CAMPUS] [INFO   ]   Connecting to jain207sandeep@gmail.com …
2026-05-04 23:33:23 [CAMPUS] [INFO   ]   INBOX without 'PROCESSED-CAMPUS': 0 UID(s) (newer_than:30d or SINCE fallback)
2026-05-04 23:33:23 [CAMPUS] [INFO   ]   Pass 1: scanning headers of 0 email(s) (batch size 40)...
2026-05-04 23:33:23 [CAMPUS] [INFO   ]   Pass 1 done — full fetch for 0 UID(s); tagged NON-CAMPUS from headers: 0
2026-05-04 23:33:23 [CAMPUS] [INFO   ] 
  [19/32 — 59.4%] > jain208sandeep@gmail.com
2026-05-04 23:33:23 [CAMPUS] [INFO   ]   Connecting to jain208sandeep@gmail.com …
2026-05-04 23:33:29 [CAMPUS] [INFO   ]   INBOX without 'PROCESSED-CAMPUS': 0 UID(s) (newer_than:30d or SINCE fallback)
2026-05-04 23:33:29 [CAMPUS] [INFO   ]   Pass 1: scanning headers of 0 email(s) (batch size 40)...
2026-05-04 23:33:29 [CAMPUS] [INFO   ]   Pass 1 done — full fetch for 0 UID(s); tagged NON-CAMPUS from headers: 0
2026-05-04 23:33:29 [CAMPUS] [INFO   ] 
  [20/32 — 62.5%] > jain1001sandeep@gmail.com
2026-05-04 23:33:29 [CAMPUS] [INFO   ]   Connecting to jain1001sandeep@gmail.com …
2026-05-04 23:33:34 [CAMPUS] [INFO   ]   INBOX without 'PROCESSED-CAMPUS': 1 UID(s) (newer_than:30d or SINCE fallback)
2026-05-04 23:33:34 [CAMPUS] [INFO   ]   Pass 1: scanning headers of 1 email(s) (batch size 40)...
2026-05-04 23:33:34 [CAMPUS] [INFO   ]     … 1/1 headers
2026-05-04 23:33:34 [CAMPUS] [INFO   ]   Pass 1 done — full fetch for 1 UID(s); tagged NON-CAMPUS from headers: 0
2026-05-04 23:33:34 [CAMPUS] [INFO   ]   Pass 2: full body (BODY.PEEK[]) for 1 UID(s) (batch 8, progress every 5)…
2026-05-04 23:33:34 [CAMPUS] [INFO   ]     … 1/1 full fetch (batch 1 UID(s))
2026-05-04 23:33:34 [CAMPUS] [INFO   ]     … 1/1 full fetch (batch received, processing…)
2026-05-04 23:33:34 [CAMPUS] [INFO   ]     … 1/1 full fetch
2026-05-04 23:33:34 [CAMPUS] [INFO   ]   [BOUNCE->FAILURE] registrar@ksdsu.edu.in
2026-05-04 23:33:35 [CAMPUS] [INFO   ]   Pass 2 done — 1 full fetch(es) finished.
2026-05-04 23:33:36 [CAMPUS] [INFO   ] 
  [21/32 — 65.6%] > jain1002sandeep@gmail.com
2026-05-04 23:33:36 [CAMPUS] [INFO   ]   Connecting to jain1002sandeep@gmail.com …
2026-05-04 23:33:39 [CAMPUS] [INFO   ]   INBOX without 'PROCESSED-CAMPUS': 0 UID(s) (newer_than:30d or SINCE fallback)
2026-05-04 23:33:39 [CAMPUS] [INFO   ]   Pass 1: scanning headers of 0 email(s) (batch size 40)...
2026-05-04 23:33:39 [CAMPUS] [INFO   ]   Pass 1 done — full fetch for 0 UID(s); tagged NON-CAMPUS from headers: 0
2026-05-04 23:33:40 [CAMPUS] [INFO   ] 
  [22/32 — 68.8%] > jain1003sandeep@gmail.com
2026-05-04 23:33:40 [CAMPUS] [INFO   ]   Connecting to jain1003sandeep@gmail.com …
2026-05-04 23:33:44 [CAMPUS] [INFO   ]   INBOX without 'PROCESSED-CAMPUS': 0 UID(s) (newer_than:30d or SINCE fallback)
2026-05-04 23:33:44 [CAMPUS] [INFO   ]   Pass 1: scanning headers of 0 email(s) (batch size 40)...
2026-05-04 23:33:44 [CAMPUS] [INFO   ]   Pass 1 done — full fetch for 0 UID(s); tagged NON-CAMPUS from headers: 0
2026-05-04 23:33:45 [CAMPUS] [INFO   ] 
  [23/32 — 71.9%] > jain1004sandeep@gmail.com
2026-05-04 23:33:45 [CAMPUS] [INFO   ]   Connecting to jain1004sandeep@gmail.com …
2026-05-04 23:33:51 [CAMPUS] [INFO   ]   INBOX without 'PROCESSED-CAMPUS': 0 UID(s) (newer_than:30d or SINCE fallback)
2026-05-04 23:33:51 [CAMPUS] [INFO   ]   Pass 1: scanning headers of 0 email(s) (batch size 40)...
2026-05-04 23:33:51 [CAMPUS] [INFO   ]   Pass 1 done — full fetch for 0 UID(s); tagged NON-CAMPUS from headers: 0
2026-05-04 23:33:51 [CAMPUS] [INFO   ] 
  [25/32 — 78.1%] > jain104sandeep@gmail.com
2026-05-04 23:33:51 [CAMPUS] [INFO   ]   Connecting to jain104sandeep@gmail.com …
2026-05-04 23:33:57 [CAMPUS] [INFO   ]   INBOX without 'PROCESSED-CAMPUS': 0 UID(s) (newer_than:30d or SINCE fallback)
2026-05-04 23:33:57 [CAMPUS] [INFO   ]   Pass 1: scanning headers of 0 email(s) (batch size 40)...
2026-05-04 23:33:57 [CAMPUS] [INFO   ]   Pass 1 done — full fetch for 0 UID(s); tagged NON-CAMPUS from headers: 0
2026-05-04 23:33:57 [CAMPUS] [INFO   ] 
  [26/32 — 81.2%] > jain214sandeep@gmail.com
2026-05-04 23:33:57 [CAMPUS] [INFO   ]   Connecting to jain214sandeep@gmail.com …
2026-05-04 23:34:03 [CAMPUS] [INFO   ]   INBOX without 'PROCESSED-CAMPUS': 0 UID(s) (newer_than:30d or SINCE fallback)
2026-05-04 23:34:03 [CAMPUS] [INFO   ]   Pass 1: scanning headers of 0 email(s) (batch size 40)...
2026-05-04 23:34:03 [CAMPUS] [INFO   ]   Pass 1 done — full fetch for 0 UID(s); tagged NON-CAMPUS from headers: 0
2026-05-04 23:34:04 [CAMPUS] [INFO   ] 
  [27/32 — 84.4%] > jain215sandeep@gmail.com
2026-05-04 23:34:04 [CAMPUS] [INFO   ]   Connecting to jain215sandeep@gmail.com …
2026-05-04 23:34:10 [CAMPUS] [INFO   ]   INBOX without 'PROCESSED-CAMPUS': 0 UID(s) (newer_than:30d or SINCE fallback)
2026-05-04 23:34:10 [CAMPUS] [INFO   ]   Pass 1: scanning headers of 0 email(s) (batch size 40)...
2026-05-04 23:34:10 [CAMPUS] [INFO   ]   Pass 1 done — full fetch for 0 UID(s); tagged NON-CAMPUS from headers: 0
2026-05-04 23:34:10 [CAMPUS] [INFO   ] 
  [28/32 — 87.5%] > jain216sandeep@gmail.com
2026-05-04 23:34:10 [CAMPUS] [INFO   ]   Connecting to jain216sandeep@gmail.com …
2026-05-04 23:34:15 [CAMPUS] [INFO   ]   INBOX without 'PROCESSED-CAMPUS': 0 UID(s) (newer_than:30d or SINCE fallback)
2026-05-04 23:34:15 [CAMPUS] [INFO   ]   Pass 1: scanning headers of 0 email(s) (batch size 40)...
2026-05-04 23:34:15 [CAMPUS] [INFO   ]   Pass 1 done — full fetch for 0 UID(s); tagged NON-CAMPUS from headers: 0
2026-05-04 23:34:15 [CAMPUS] [INFO   ] 
  [29/32 — 90.6%] > jainsandeep729@gmail.com
2026-05-04 23:34:15 [CAMPUS] [INFO   ]   Connecting to jainsandeep729@gmail.com …
2026-05-04 23:34:20 [CAMPUS] [INFO   ]   INBOX without 'PROCESSED-CAMPUS': 0 UID(s) (newer_than:30d or SINCE fallback)
2026-05-04 23:34:20 [CAMPUS] [INFO   ]   Pass 1: scanning headers of 0 email(s) (batch size 40)...
2026-05-04 23:34:20 [CAMPUS] [INFO   ]   Pass 1 done — full fetch for 0 UID(s); tagged NON-CAMPUS from headers: 0
2026-05-04 23:34:20 [CAMPUS] [INFO   ] 
  [30/32 — 93.8%] > mandify1@gmail.com
2026-05-04 23:34:20 [CAMPUS] [INFO   ]   Connecting to mandify1@gmail.com …
2026-05-04 23:34:27 [CAMPUS] [INFO   ]   INBOX without 'PROCESSED-CAMPUS': 0 UID(s) (newer_than:30d or SINCE fallback)
2026-05-04 23:34:27 [CAMPUS] [INFO   ]   Pass 1: scanning headers of 0 email(s) (batch size 40)...
2026-05-04 23:34:27 [CAMPUS] [INFO   ]   Pass 1 done — full fetch for 0 UID(s); tagged NON-CAMPUS from headers: 0
2026-05-04 23:34:28 [CAMPUS] [INFO   ] 
  [31/32 — 96.9%] > mandify2@gmail.com
2026-05-04 23:34:28 [CAMPUS] [INFO   ]   Connecting to mandify2@gmail.com …
2026-05-04 23:34:32 [CAMPUS] [INFO   ]   INBOX without 'PROCESSED-CAMPUS': 0 UID(s) (newer_than:30d or SINCE fallback)
2026-05-04 23:34:32 [CAMPUS] [INFO   ]   Pass 1: scanning headers of 0 email(s) (batch size 40)...
2026-05-04 23:34:32 [CAMPUS] [INFO   ]   Pass 1 done — full fetch for 0 UID(s); tagged NON-CAMPUS from headers: 0
2026-05-04 23:34:33 [CAMPUS] [INFO   ] 
  [32/32 — 100.0%] > sj5739255@gmail.com
2026-05-04 23:34:33 [CAMPUS] [INFO   ]   Connecting to sj5739255@gmail.com …
2026-05-04 23:34:38 [CAMPUS] [INFO   ]   INBOX without 'PROCESSED-CAMPUS': 0 UID(s) (newer_than:30d or SINCE fallback)
2026-05-04 23:34:38 [CAMPUS] [INFO   ]   Pass 1: scanning headers of 0 email(s) (batch size 40)...
2026-05-04 23:34:38 [CAMPUS] [INFO   ]   Pass 1 done — full fetch for 0 UID(s); tagged NON-CAMPUS from headers: 0
2026-05-04 23:34:39 [CAMPUS] [INFO   ] 
  Bounces found   : 11
2026-05-04 23:34:39 [CAMPUS] [INFO   ]   Human responses : 0
2026-05-04 23:34:39 [CAMPUS] [INFO   ] 
[STEP 2] Sending to up to 5 institute(s)...
2026-05-04 23:34:39 [CAMPUS] [INFO   ]   Institutes ready: 5
2026-05-04 23:34:39 [CAMPUS] [INFO   ] 
  [04] Sending to: coe@amu.ac.in
2026-05-04 23:34:39 [CAMPUS] [INFO   ]        From [1/32 — 3.1%]: jain106sandeep@gmail.com
2026-05-04 23:34:45 [CAMPUS] [INFO   ]        [OK] Sent successfully
2026-05-04 23:34:48 [CAMPUS] [INFO   ] 
  [17] Sending to: coe@sanskrit.nic.in
2026-05-04 23:34:48 [CAMPUS] [INFO   ]        From [2/32 — 6.2%]: sj1799274@gmail.com
2026-05-04 23:34:54 [CAMPUS] [INFO   ]        [OK] Sent successfully
2026-05-04 23:34:57 [CAMPUS] [INFO   ] 
  [29] Sending to: coe@nta.ac.in
2026-05-04 23:34:57 [CAMPUS] [INFO   ]        From [3/32 — 9.4%]: jain109sandeep@gmail.com
2026-05-04 23:35:03 [CAMPUS] [INFO   ]        [OK] Sent successfully
2026-05-04 23:35:06 [CAMPUS] [INFO   ] 
  [32] Sending to: coe@andhrakesariuniversity.in
2026-05-04 23:35:06 [CAMPUS] [INFO   ]        From [4/32 — 12.5%]: jain111sandeep@gmail.com
2026-05-04 23:35:12 [CAMPUS] [INFO   ]        [OK] Sent successfully
2026-05-04 23:35:15 [CAMPUS] [INFO   ] 
  [36] Sending to: coe@buat.edu.in
2026-05-04 23:35:15 [CAMPUS] [INFO   ]        From [5/32 — 15.6%]: sandeep196605@gmail.com
2026-05-04 23:35:21 [CAMPUS] [INFO   ]        [OK] Sent successfully
2026-05-04 23:35:24 [CAMPUS] [INFO   ] 
================================================================
2026-05-04 23:35:24 [CAMPUS] [INFO   ]   Emails sent      : 5
2026-05-04 23:35:24 [CAMPUS] [INFO   ]   Send failures    : 0
2026-05-04 23:35:24 [CAMPUS] [INFO   ]   Bounces detected : 11
2026-05-04 23:35:24 [CAMPUS] [INFO   ]   Human responses  : 0
2026-05-04 23:35:24 [CAMPUS] [INFO   ] ================================================================
