2026-05-04 23:18:27 [CAMPUS] [INFO   ] [LOG] C:\Users\sandeep\Downloads\Claudes\CampusPlacement\crm\logs\campaign_2026-05-04_23-18-27.log
2026-05-04 23:18:27 [CAMPUS] [INFO   ] ================================================================
2026-05-04 23:18:27 [CAMPUS] [INFO   ]   PLACEMENT CRM – CAMPAIGN RUNNER
2026-05-04 23:18:27 [CAMPUS] [INFO   ]   Run : 2026-05-04 23:18:27
2026-05-04 23:18:27 [CAMPUS] [INFO   ]   Mode: Send up to 20 institute(s)
2026-05-04 23:18:27 [CAMPUS] [INFO   ] ================================================================
2026-05-04 23:18:27 [CAMPUS] [INFO   ]   Gmail accounts available: 32
2026-05-04 23:18:27 [CAMPUS] [INFO   ] 
[STEP 1] Checking inboxes for bounces and human replies...
2026-05-04 23:18:27 [CAMPUS] [INFO   ]   Monitoring 130 'Sent' address(es)
2026-05-04 23:18:27 [CAMPUS] [INFO   ]   Checking 31/32 accounts (only those that sent emails; order follows JSON)
2026-05-04 23:18:27 [CAMPUS] [INFO   ] 
  [1/32 — 3.1%] > jain106sandeep@gmail.com
2026-05-04 23:18:27 [CAMPUS] [INFO   ]   Connecting to jain106sandeep@gmail.com …
2026-05-04 23:18:33 [CAMPUS] [INFO   ]   INBOX without 'PROCESSED-CAMPUS': 0 UID(s) (newer_than:30d or SINCE fallback)
2026-05-04 23:18:33 [CAMPUS] [INFO   ]   Pass 1: scanning headers of 0 email(s) (batch size 40)...
2026-05-04 23:18:33 [CAMPUS] [INFO   ]   Pass 1 done — full fetch for 0 UID(s); tagged NON-CAMPUS from headers: 0
2026-05-04 23:18:34 [CAMPUS] [INFO   ] 
  [2/32 — 6.2%] > sj1799274@gmail.com
2026-05-04 23:18:34 [CAMPUS] [INFO   ]   Connecting to sj1799274@gmail.com …
2026-05-04 23:18:41 [CAMPUS] [INFO   ]   INBOX without 'PROCESSED-CAMPUS': 0 UID(s) (newer_than:30d or SINCE fallback)
2026-05-04 23:18:41 [CAMPUS] [INFO   ]   Pass 1: scanning headers of 0 email(s) (batch size 40)...
2026-05-04 23:18:41 [CAMPUS] [INFO   ]   Pass 1 done — full fetch for 0 UID(s); tagged NON-CAMPUS from headers: 0
2026-05-04 23:18:41 [CAMPUS] [INFO   ] 
  [3/32 — 9.4%] > jain109sandeep@gmail.com
2026-05-04 23:18:41 [CAMPUS] [INFO   ]   Connecting to jain109sandeep@gmail.com …
2026-05-04 23:18:47 [CAMPUS] [INFO   ]   INBOX without 'PROCESSED-CAMPUS': 0 UID(s) (newer_than:30d or SINCE fallback)
2026-05-04 23:18:47 [CAMPUS] [INFO   ]   Pass 1: scanning headers of 0 email(s) (batch size 40)...
2026-05-04 23:18:47 [CAMPUS] [INFO   ]   Pass 1 done — full fetch for 0 UID(s); tagged NON-CAMPUS from headers: 0
2026-05-04 23:18:48 [CAMPUS] [INFO   ] 
  [4/32 — 12.5%] > jain111sandeep@gmail.com
2026-05-04 23:18:48 [CAMPUS] [INFO   ]   Connecting to jain111sandeep@gmail.com …
2026-05-04 23:18:53 [CAMPUS] [INFO   ]   INBOX without 'PROCESSED-CAMPUS': 0 UID(s) (newer_than:30d or SINCE fallback)
2026-05-04 23:18:53 [CAMPUS] [INFO   ]   Pass 1: scanning headers of 0 email(s) (batch size 40)...
2026-05-04 23:18:53 [CAMPUS] [INFO   ]   Pass 1 done — full fetch for 0 UID(s); tagged NON-CAMPUS from headers: 0
2026-05-04 23:18:53 [CAMPUS] [INFO   ] 
  [5/32 — 15.6%] > sandeep196605@gmail.com
2026-05-04 23:18:53 [CAMPUS] [INFO   ]   Connecting to sandeep196605@gmail.com …
2026-05-04 23:18:59 [CAMPUS] [INFO   ]   INBOX without 'PROCESSED-CAMPUS': 0 UID(s) (newer_than:30d or SINCE fallback)
2026-05-04 23:18:59 [CAMPUS] [INFO   ]   Pass 1: scanning headers of 0 email(s) (batch size 40)...
2026-05-04 23:18:59 [CAMPUS] [INFO   ]   Pass 1 done — full fetch for 0 UID(s); tagged NON-CAMPUS from headers: 0
2026-05-04 23:19:00 [CAMPUS] [INFO   ] 
  [6/32 — 18.8%] > jain114sandeep@gmail.com
2026-05-04 23:19:00 [CAMPUS] [INFO   ]   Connecting to jain114sandeep@gmail.com …
2026-05-04 23:19:06 [CAMPUS] [INFO   ]   INBOX without 'PROCESSED-CAMPUS': 0 UID(s) (newer_than:30d or SINCE fallback)
2026-05-04 23:19:06 [CAMPUS] [INFO   ]   Pass 1: scanning headers of 0 email(s) (batch size 40)...
2026-05-04 23:19:06 [CAMPUS] [INFO   ]   Pass 1 done — full fetch for 0 UID(s); tagged NON-CAMPUS from headers: 0
2026-05-04 23:19:06 [CAMPUS] [INFO   ] 
  [7/32 — 21.9%] > jain105sandeep@gmail.com
2026-05-04 23:19:06 [CAMPUS] [INFO   ]   Connecting to jain105sandeep@gmail.com …
2026-05-04 23:19:11 [CAMPUS] [INFO   ]   INBOX without 'PROCESSED-CAMPUS': 0 UID(s) (newer_than:30d or SINCE fallback)
2026-05-04 23:19:11 [CAMPUS] [INFO   ]   Pass 1: scanning headers of 0 email(s) (batch size 40)...
2026-05-04 23:19:11 [CAMPUS] [INFO   ]   Pass 1 done — full fetch for 0 UID(s); tagged NON-CAMPUS from headers: 0
2026-05-04 23:19:11 [CAMPUS] [INFO   ] 
  [8/32 — 25.0%] > jain107sandeep@gmail.com
2026-05-04 23:19:11 [CAMPUS] [INFO   ]   Connecting to jain107sandeep@gmail.com …
2026-05-04 23:19:15 [CAMPUS] [INFO   ]   INBOX without 'PROCESSED-CAMPUS': 0 UID(s) (newer_than:30d or SINCE fallback)
2026-05-04 23:19:15 [CAMPUS] [INFO   ]   Pass 1: scanning headers of 0 email(s) (batch size 40)...
2026-05-04 23:19:15 [CAMPUS] [INFO   ]   Pass 1 done — full fetch for 0 UID(s); tagged NON-CAMPUS from headers: 0
2026-05-04 23:19:16 [CAMPUS] [INFO   ] 
  [9/32 — 28.1%] > sj7634811@gmail.com
2026-05-04 23:19:16 [CAMPUS] [INFO   ]   Connecting to sj7634811@gmail.com …
2026-05-04 23:19:20 [CAMPUS] [INFO   ]   INBOX without 'PROCESSED-CAMPUS': 0 UID(s) (newer_than:30d or SINCE fallback)
2026-05-04 23:19:20 [CAMPUS] [INFO   ]   Pass 1: scanning headers of 0 email(s) (batch size 40)...
2026-05-04 23:19:20 [CAMPUS] [INFO   ]   Pass 1 done — full fetch for 0 UID(s); tagged NON-CAMPUS from headers: 0
2026-05-04 23:19:20 [CAMPUS] [INFO   ] 
  [10/32 — 31.2%] > jain115sandeep@gmail.com
2026-05-04 23:19:20 [CAMPUS] [INFO   ]   Connecting to jain115sandeep@gmail.com …
2026-05-04 23:19:26 [CAMPUS] [INFO   ]   INBOX without 'PROCESSED-CAMPUS': 1 UID(s) (newer_than:30d or SINCE fallback)
2026-05-04 23:19:26 [CAMPUS] [INFO   ]   Pass 1: scanning headers of 1 email(s) (batch size 40)...
2026-05-04 23:19:26 [CAMPUS] [INFO   ]     … 1/1 headers
2026-05-04 23:19:27 [CAMPUS] [INFO   ]   Pass 1 done — full fetch for 1 UID(s); tagged NON-CAMPUS from headers: 0
2026-05-04 23:19:27 [CAMPUS] [INFO   ]   Pass 2: full body (BODY.PEEK[]) for 1 UID(s) (batch 8, progress every 5)…
2026-05-04 23:19:27 [CAMPUS] [INFO   ]     … 1/1 full fetch (batch 1 UID(s))
2026-05-04 23:19:27 [CAMPUS] [INFO   ]     … 1/1 full fetch (batch received, processing…)
2026-05-04 23:19:27 [CAMPUS] [INFO   ]     … 1/1 full fetch
2026-05-04 23:19:29 [CAMPUS] [INFO   ]   Pass 2 done — 1 full fetch(es) finished.
2026-05-04 23:19:29 [CAMPUS] [INFO   ] 
  [11/32 — 34.4%] > jain200sandeep@gmail.com
2026-05-04 23:19:29 [CAMPUS] [INFO   ]   Connecting to jain200sandeep@gmail.com …
2026-05-04 23:19:34 [CAMPUS] [INFO   ]   INBOX without 'PROCESSED-CAMPUS': 0 UID(s) (newer_than:30d or SINCE fallback)
2026-05-04 23:19:34 [CAMPUS] [INFO   ]   Pass 1: scanning headers of 0 email(s) (batch size 40)...
2026-05-04 23:19:34 [CAMPUS] [INFO   ]   Pass 1 done — full fetch for 0 UID(s); tagged NON-CAMPUS from headers: 0
2026-05-04 23:19:34 [CAMPUS] [INFO   ] 
  [12/32 — 37.5%] > jain201sandeep@gmail.com
2026-05-04 23:19:34 [CAMPUS] [INFO   ]   Connecting to jain201sandeep@gmail.com …
2026-05-04 23:19:48 [CAMPUS] [INFO   ]   INBOX without 'PROCESSED-CAMPUS': 0 UID(s) (newer_than:30d or SINCE fallback)
2026-05-04 23:19:48 [CAMPUS] [INFO   ]   Pass 1: scanning headers of 0 email(s) (batch size 40)...
2026-05-04 23:19:48 [CAMPUS] [INFO   ]   Pass 1 done — full fetch for 0 UID(s); tagged NON-CAMPUS from headers: 0
2026-05-04 23:19:49 [CAMPUS] [INFO   ] 
  [13/32 — 40.6%] > jain202sandeep@gmail.com
2026-05-04 23:19:49 [CAMPUS] [INFO   ]   Connecting to jain202sandeep@gmail.com …
2026-05-04 23:19:53 [CAMPUS] [INFO   ]   INBOX without 'PROCESSED-CAMPUS': 0 UID(s) (newer_than:30d or SINCE fallback)
2026-05-04 23:19:53 [CAMPUS] [INFO   ]   Pass 1: scanning headers of 0 email(s) (batch size 40)...
2026-05-04 23:19:53 [CAMPUS] [INFO   ]   Pass 1 done — full fetch for 0 UID(s); tagged NON-CAMPUS from headers: 0
2026-05-04 23:19:53 [CAMPUS] [INFO   ] 
  [14/32 — 43.8%] > jain203sandeep@gmail.com
2026-05-04 23:19:53 [CAMPUS] [INFO   ]   Connecting to jain203sandeep@gmail.com …
2026-05-04 23:19:59 [CAMPUS] [INFO   ]   INBOX without 'PROCESSED-CAMPUS': 0 UID(s) (newer_than:30d or SINCE fallback)
2026-05-04 23:19:59 [CAMPUS] [INFO   ]   Pass 1: scanning headers of 0 email(s) (batch size 40)...
2026-05-04 23:19:59 [CAMPUS] [INFO   ]   Pass 1 done — full fetch for 0 UID(s); tagged NON-CAMPUS from headers: 0
2026-05-04 23:19:59 [CAMPUS] [INFO   ] 
  [15/32 — 46.9%] > jain204sandeep@gmail.com
2026-05-04 23:19:59 [CAMPUS] [INFO   ]   Connecting to jain204sandeep@gmail.com …
2026-05-04 23:20:04 [CAMPUS] [INFO   ]   INBOX without 'PROCESSED-CAMPUS': 0 UID(s) (newer_than:30d or SINCE fallback)
2026-05-04 23:20:04 [CAMPUS] [INFO   ]   Pass 1: scanning headers of 0 email(s) (batch size 40)...
2026-05-04 23:20:04 [CAMPUS] [INFO   ]   Pass 1 done — full fetch for 0 UID(s); tagged NON-CAMPUS from headers: 0
2026-05-04 23:20:05 [CAMPUS] [INFO   ] 
  [16/32 — 50.0%] > jain205sandeep@gmail.com
2026-05-04 23:20:05 [CAMPUS] [INFO   ]   Connecting to jain205sandeep@gmail.com …
2026-05-04 23:20:09 [CAMPUS] [INFO   ]   INBOX without 'PROCESSED-CAMPUS': 0 UID(s) (newer_than:30d or SINCE fallback)
2026-05-04 23:20:09 [CAMPUS] [INFO   ]   Pass 1: scanning headers of 0 email(s) (batch size 40)...
2026-05-04 23:20:09 [CAMPUS] [INFO   ]   Pass 1 done — full fetch for 0 UID(s); tagged NON-CAMPUS from headers: 0
2026-05-04 23:20:10 [CAMPUS] [INFO   ] 
  [17/32 — 53.1%] > jain206sandeep@gmail.com
2026-05-04 23:20:10 [CAMPUS] [INFO   ]   Connecting to jain206sandeep@gmail.com …
2026-05-04 23:20:15 [CAMPUS] [INFO   ]   INBOX without 'PROCESSED-CAMPUS': 0 UID(s) (newer_than:30d or SINCE fallback)
2026-05-04 23:20:15 [CAMPUS] [INFO   ]   Pass 1: scanning headers of 0 email(s) (batch size 40)...
2026-05-04 23:20:15 [CAMPUS] [INFO   ]   Pass 1 done — full fetch for 0 UID(s); tagged NON-CAMPUS from headers: 0
2026-05-04 23:20:15 [CAMPUS] [INFO   ] 
  [18/32 — 56.2%] > jain207sandeep@gmail.com
2026-05-04 23:20:15 [CAMPUS] [INFO   ]   Connecting to jain207sandeep@gmail.com …
2026-05-04 23:20:19 [CAMPUS] [INFO   ]   INBOX without 'PROCESSED-CAMPUS': 0 UID(s) (newer_than:30d or SINCE fallback)
2026-05-04 23:20:19 [CAMPUS] [INFO   ]   Pass 1: scanning headers of 0 email(s) (batch size 40)...
2026-05-04 23:20:19 [CAMPUS] [INFO   ]   Pass 1 done — full fetch for 0 UID(s); tagged NON-CAMPUS from headers: 0
2026-05-04 23:20:20 [CAMPUS] [INFO   ] 
  [19/32 — 59.4%] > jain208sandeep@gmail.com
2026-05-04 23:20:20 [CAMPUS] [INFO   ]   Connecting to jain208sandeep@gmail.com …
2026-05-04 23:20:26 [CAMPUS] [INFO   ]   INBOX without 'PROCESSED-CAMPUS': 0 UID(s) (newer_than:30d or SINCE fallback)
2026-05-04 23:20:26 [CAMPUS] [INFO   ]   Pass 1: scanning headers of 0 email(s) (batch size 40)...
2026-05-04 23:20:26 [CAMPUS] [INFO   ]   Pass 1 done — full fetch for 0 UID(s); tagged NON-CAMPUS from headers: 0
2026-05-04 23:20:26 [CAMPUS] [INFO   ] 
  [20/32 — 62.5%] > jain1001sandeep@gmail.com
2026-05-04 23:20:26 [CAMPUS] [INFO   ]   Connecting to jain1001sandeep@gmail.com …
2026-05-04 23:20:31 [CAMPUS] [INFO   ]   INBOX without 'PROCESSED-CAMPUS': 0 UID(s) (newer_than:30d or SINCE fallback)
2026-05-04 23:20:31 [CAMPUS] [INFO   ]   Pass 1: scanning headers of 0 email(s) (batch size 40)...
2026-05-04 23:20:31 [CAMPUS] [INFO   ]   Pass 1 done — full fetch for 0 UID(s); tagged NON-CAMPUS from headers: 0
2026-05-04 23:20:31 [CAMPUS] [INFO   ] 
  [21/32 — 65.6%] > jain1002sandeep@gmail.com
2026-05-04 23:20:31 [CAMPUS] [INFO   ]   Connecting to jain1002sandeep@gmail.com …
2026-05-04 23:20:35 [CAMPUS] [INFO   ]   INBOX without 'PROCESSED-CAMPUS': 65 UID(s) (newer_than:30d or SINCE fallback)
2026-05-04 23:20:35 [CAMPUS] [INFO   ]   Pass 1: scanning headers of 65 email(s) (batch size 40)...
2026-05-04 23:20:35 [CAMPUS] [INFO   ]     … 40/65 headers
2026-05-04 23:21:14 [CAMPUS] [INFO   ]     … 65/65 headers
2026-05-04 23:21:34 [CAMPUS] [INFO   ]   Pass 1 done — full fetch for 9 UID(s); tagged NON-CAMPUS from headers: 56
2026-05-04 23:21:34 [CAMPUS] [INFO   ]   Pass 2: full body (BODY.PEEK[]) for 9 UID(s) (batch 8, progress every 5)…
2026-05-04 23:21:34 [CAMPUS] [INFO   ]     … 8/9 full fetch (batch 8 UID(s))
2026-05-04 23:21:35 [CAMPUS] [INFO   ]     … 8/9 full fetch (batch received, processing…)
2026-05-04 23:21:35 [CAMPUS] [INFO   ]     … 1/9 full fetch
2026-05-04 23:21:35 [CAMPUS] [INFO   ]   [BOUNCE->FAILURE] placement@jntuk.edu.in
2026-05-04 23:21:39 [CAMPUS] [INFO   ]     … 5/9 full fetch
2026-05-04 23:21:42 [CAMPUS] [INFO   ]     … 9/9 full fetch (batch 1 UID(s))
2026-05-04 23:21:43 [CAMPUS] [INFO   ]     … 9/9 full fetch (batch received, processing…)
2026-05-04 23:21:43 [CAMPUS] [INFO   ]     … 9/9 full fetch
2026-05-04 23:21:44 [CAMPUS] [INFO   ]   Pass 2 done — 9 full fetch(es) finished.
2026-05-04 23:21:44 [CAMPUS] [INFO   ] 
  [22/32 — 68.8%] > jain1003sandeep@gmail.com
2026-05-04 23:21:44 [CAMPUS] [INFO   ]   Connecting to jain1003sandeep@gmail.com …
2026-05-04 23:21:48 [CAMPUS] [INFO   ]   INBOX without 'PROCESSED-CAMPUS': 13 UID(s) (newer_than:30d or SINCE fallback)
2026-05-04 23:21:48 [CAMPUS] [INFO   ]   Pass 1: scanning headers of 13 email(s) (batch size 40)...
2026-05-04 23:21:48 [CAMPUS] [INFO   ]     … 13/13 headers
2026-05-04 23:21:54 [CAMPUS] [INFO   ]   Pass 1 done — full fetch for 7 UID(s); tagged NON-CAMPUS from headers: 6
2026-05-04 23:21:54 [CAMPUS] [INFO   ]   Pass 2: full body (BODY.PEEK[]) for 7 UID(s) (batch 8, progress every 5)…
2026-05-04 23:21:54 [CAMPUS] [INFO   ]     … 7/7 full fetch (batch 7 UID(s))
2026-05-04 23:21:55 [CAMPUS] [INFO   ]     … 7/7 full fetch (batch received, processing…)
2026-05-04 23:21:55 [CAMPUS] [INFO   ]     … 1/7 full fetch
2026-05-04 23:21:55 [CAMPUS] [INFO   ]   [BOUNCE->FAILURE] placement@jnvu.co.in
2026-05-04 23:21:58 [CAMPUS] [INFO   ]     … 5/7 full fetch
2026-05-04 23:22:00 [CAMPUS] [INFO   ]     … 7/7 full fetch
2026-05-04 23:22:01 [CAMPUS] [INFO   ]   Pass 2 done — 7 full fetch(es) finished.
2026-05-04 23:22:01 [CAMPUS] [INFO   ] 
  [23/32 — 71.9%] > jain1004sandeep@gmail.com
2026-05-04 23:22:01 [CAMPUS] [INFO   ]   Connecting to jain1004sandeep@gmail.com …
2026-05-04 23:22:06 [CAMPUS] [INFO   ]   INBOX without 'PROCESSED-CAMPUS': 15 UID(s) (newer_than:30d or SINCE fallback)
2026-05-04 23:22:06 [CAMPUS] [INFO   ]   Pass 1: scanning headers of 15 email(s) (batch size 40)...
2026-05-04 23:22:06 [CAMPUS] [INFO   ]     … 15/15 headers
2026-05-04 23:22:12 [CAMPUS] [INFO   ]   Pass 1 done — full fetch for 9 UID(s); tagged NON-CAMPUS from headers: 6
2026-05-04 23:22:12 [CAMPUS] [INFO   ]   Pass 2: full body (BODY.PEEK[]) for 9 UID(s) (batch 8, progress every 5)…
2026-05-04 23:22:12 [CAMPUS] [INFO   ]     … 8/9 full fetch (batch 8 UID(s))
2026-05-04 23:22:13 [CAMPUS] [INFO   ]     … 8/9 full fetch (batch received, processing…)
2026-05-04 23:22:13 [CAMPUS] [INFO   ]     … 1/9 full fetch
2026-05-04 23:22:13 [CAMPUS] [INFO   ]   [BOUNCE->FAILURE] placement@kakatiya.ac.in
2026-05-04 23:22:16 [CAMPUS] [INFO   ]     … 5/9 full fetch
2026-05-04 23:22:20 [CAMPUS] [INFO   ]     … 9/9 full fetch (batch 1 UID(s))
2026-05-04 23:22:21 [CAMPUS] [INFO   ]     … 9/9 full fetch (batch received, processing…)
2026-05-04 23:22:21 [CAMPUS] [INFO   ]     … 9/9 full fetch
2026-05-04 23:22:22 [CAMPUS] [INFO   ]   Pass 2 done — 9 full fetch(es) finished.
2026-05-04 23:22:22 [CAMPUS] [INFO   ] 
  [25/32 — 78.1%] > jain104sandeep@gmail.com
2026-05-04 23:22:22 [CAMPUS] [INFO   ]   Connecting to jain104sandeep@gmail.com …
2026-05-04 23:22:27 [CAMPUS] [INFO   ]   INBOX without 'PROCESSED-CAMPUS': 10 UID(s) (newer_than:30d or SINCE fallback)
2026-05-04 23:22:27 [CAMPUS] [INFO   ]   Pass 1: scanning headers of 10 email(s) (batch size 40)...
2026-05-04 23:22:27 [CAMPUS] [INFO   ]     … 10/10 headers
2026-05-04 23:22:27 [CAMPUS] [INFO   ]   Pass 1 done — full fetch for 10 UID(s); tagged NON-CAMPUS from headers: 0
2026-05-04 23:22:27 [CAMPUS] [INFO   ]   Pass 2: full body (BODY.PEEK[]) for 10 UID(s) (batch 8, progress every 5)…
2026-05-04 23:22:27 [CAMPUS] [INFO   ]     … 8/10 full fetch (batch 8 UID(s))
2026-05-04 23:22:28 [CAMPUS] [INFO   ]     … 8/10 full fetch (batch received, processing…)
2026-05-04 23:22:28 [CAMPUS] [INFO   ]     … 1/10 full fetch
2026-05-04 23:22:30 [CAMPUS] [INFO   ]   [BOUNCE->FAILURE] placement@kau.edu
2026-05-04 23:22:33 [CAMPUS] [INFO   ]     … 5/10 full fetch
2026-05-04 23:22:37 [CAMPUS] [INFO   ]     … 10/10 full fetch (batch 2 UID(s))
2026-05-04 23:22:37 [CAMPUS] [INFO   ]     … 10/10 full fetch (batch received, processing…)
2026-05-04 23:22:39 [CAMPUS] [INFO   ]     … 10/10 full fetch
2026-05-04 23:22:40 [CAMPUS] [INFO   ]   Pass 2 done — 10 full fetch(es) finished.
2026-05-04 23:22:40 [CAMPUS] [INFO   ] 
  [26/32 — 81.2%] > jain214sandeep@gmail.com
2026-05-04 23:22:40 [CAMPUS] [INFO   ]   Connecting to jain214sandeep@gmail.com …
2026-05-04 23:22:46 [CAMPUS] [INFO   ]   INBOX without 'PROCESSED-CAMPUS': 7 UID(s) (newer_than:30d or SINCE fallback)
2026-05-04 23:22:46 [CAMPUS] [INFO   ]   Pass 1: scanning headers of 7 email(s) (batch size 40)...
2026-05-04 23:22:46 [CAMPUS] [INFO   ]     … 7/7 headers
2026-05-04 23:22:48 [CAMPUS] [INFO   ]   Pass 1 done — full fetch for 6 UID(s); tagged NON-CAMPUS from headers: 1
2026-05-04 23:22:48 [CAMPUS] [INFO   ]   Pass 2: full body (BODY.PEEK[]) for 6 UID(s) (batch 8, progress every 5)…
2026-05-04 23:22:48 [CAMPUS] [INFO   ]     … 6/6 full fetch (batch 6 UID(s))
2026-05-04 23:22:49 [CAMPUS] [INFO   ]     … 6/6 full fetch (batch received, processing…)
2026-05-04 23:22:49 [CAMPUS] [INFO   ]     … 1/6 full fetch
2026-05-04 23:22:49 [CAMPUS] [INFO   ]   [BOUNCE->FAILURE] placement@kbvsasun.ac.in
2026-05-04 23:22:54 [CAMPUS] [INFO   ]     … 5/6 full fetch
2026-05-04 23:22:56 [CAMPUS] [INFO   ]     … 6/6 full fetch
2026-05-04 23:22:57 [CAMPUS] [INFO   ]   Pass 2 done — 6 full fetch(es) finished.
2026-05-04 23:22:57 [CAMPUS] [INFO   ] 
  [27/32 — 84.4%] > jain215sandeep@gmail.com
2026-05-04 23:22:57 [CAMPUS] [INFO   ]   Connecting to jain215sandeep@gmail.com …
2026-05-04 23:23:07 [CAMPUS] [INFO   ]   INBOX without 'PROCESSED-CAMPUS': 9 UID(s) (newer_than:30d or SINCE fallback)
2026-05-04 23:23:07 [CAMPUS] [INFO   ]   Pass 1: scanning headers of 9 email(s) (batch size 40)...
2026-05-04 23:23:07 [CAMPUS] [INFO   ]     … 9/9 headers
2026-05-04 23:23:08 [CAMPUS] [INFO   ]   Pass 1 done — full fetch for 9 UID(s); tagged NON-CAMPUS from headers: 0
2026-05-04 23:23:08 [CAMPUS] [INFO   ]   Pass 2: full body (BODY.PEEK[]) for 9 UID(s) (batch 8, progress every 5)…
2026-05-04 23:23:08 [CAMPUS] [INFO   ]     … 8/9 full fetch (batch 8 UID(s))
2026-05-04 23:23:09 [CAMPUS] [INFO   ]     … 8/9 full fetch (batch received, processing…)
2026-05-04 23:23:09 [CAMPUS] [INFO   ]     … 1/9 full fetch
2026-05-04 23:23:09 [CAMPUS] [INFO   ]   [BOUNCE->FAILURE] placement@kkhsou.in
2026-05-04 23:23:17 [CAMPUS] [INFO   ]     … 5/9 full fetch
2026-05-04 23:23:24 [CAMPUS] [INFO   ]     … 9/9 full fetch (batch 1 UID(s))
2026-05-04 23:23:25 [CAMPUS] [INFO   ]     … 9/9 full fetch (batch received, processing…)
2026-05-04 23:23:25 [CAMPUS] [INFO   ]     … 9/9 full fetch
2026-05-04 23:23:26 [CAMPUS] [INFO   ]   Pass 2 done — 9 full fetch(es) finished.
2026-05-04 23:23:27 [CAMPUS] [INFO   ] 
  [28/32 — 87.5%] > jain216sandeep@gmail.com
2026-05-04 23:23:27 [CAMPUS] [INFO   ]   Connecting to jain216sandeep@gmail.com …
2026-05-04 23:23:32 [CAMPUS] [INFO   ]   INBOX without 'PROCESSED-CAMPUS': 7 UID(s) (newer_than:30d or SINCE fallback)
2026-05-04 23:23:32 [CAMPUS] [INFO   ]   Pass 1: scanning headers of 7 email(s) (batch size 40)...
2026-05-04 23:23:32 [CAMPUS] [INFO   ]     … 7/7 headers
2026-05-04 23:23:33 [CAMPUS] [INFO   ]   Pass 1 done — full fetch for 6 UID(s); tagged NON-CAMPUS from headers: 1
2026-05-04 23:23:33 [CAMPUS] [INFO   ]   Pass 2: full body (BODY.PEEK[]) for 6 UID(s) (batch 8, progress every 5)…
2026-05-04 23:23:33 [CAMPUS] [INFO   ]     … 6/6 full fetch (batch 6 UID(s))
2026-05-04 23:23:34 [CAMPUS] [INFO   ]     … 6/6 full fetch (batch received, processing…)
2026-05-04 23:23:34 [CAMPUS] [INFO   ]     … 1/6 full fetch
2026-05-04 23:23:34 [CAMPUS] [INFO   ]   [BOUNCE->FAILURE] placement@klyuniv.ac.in
2026-05-04 23:23:38 [CAMPUS] [INFO   ]     … 5/6 full fetch
2026-05-04 23:23:39 [CAMPUS] [INFO   ]     … 6/6 full fetch
2026-05-04 23:23:41 [CAMPUS] [INFO   ]   Pass 2 done — 6 full fetch(es) finished.
2026-05-04 23:23:41 [CAMPUS] [INFO   ] 
  [29/32 — 90.6%] > jainsandeep729@gmail.com
2026-05-04 23:23:41 [CAMPUS] [INFO   ]   Connecting to jainsandeep729@gmail.com …
2026-05-04 23:23:46 [CAMPUS] [INFO   ]   INBOX without 'PROCESSED-CAMPUS': 198 UID(s) (newer_than:30d or SINCE fallback)
2026-05-04 23:23:46 [CAMPUS] [INFO   ]   Pass 1: scanning headers of 198 email(s) (batch size 40)...
2026-05-04 23:23:46 [CAMPUS] [INFO   ]     … 40/198 headers
2026-05-04 23:24:28 [CAMPUS] [INFO   ]     … 80/198 headers
2026-05-04 23:25:08 [CAMPUS] [INFO   ]     … 120/198 headers
2026-05-04 23:25:50 [CAMPUS] [INFO   ]     … 160/198 headers
2026-05-04 23:26:30 [CAMPUS] [INFO   ]     … 198/198 headers
2026-05-04 23:27:12 [CAMPUS] [INFO   ]   Pass 1 done — full fetch for 7 UID(s); tagged NON-CAMPUS from headers: 191
2026-05-04 23:27:12 [CAMPUS] [INFO   ]   Pass 2: full body (BODY.PEEK[]) for 7 UID(s) (batch 8, progress every 5)…
2026-05-04 23:27:12 [CAMPUS] [INFO   ]     … 7/7 full fetch (batch 7 UID(s))
2026-05-04 23:27:13 [CAMPUS] [INFO   ]     … 7/7 full fetch (batch received, processing…)
2026-05-04 23:27:13 [CAMPUS] [INFO   ]     … 1/7 full fetch
2026-05-04 23:27:13 [CAMPUS] [INFO   ]   [BOUNCE->FAILURE] placement@knu.ac.in
2026-05-04 23:27:18 [CAMPUS] [INFO   ]     … 5/7 full fetch
2026-05-04 23:27:20 [CAMPUS] [INFO   ]     … 7/7 full fetch
2026-05-04 23:27:21 [CAMPUS] [INFO   ]   Pass 2 done — 7 full fetch(es) finished.
2026-05-04 23:27:22 [CAMPUS] [INFO   ] 
  [30/32 — 93.8%] > mandify1@gmail.com
2026-05-04 23:27:22 [CAMPUS] [INFO   ]   Connecting to mandify1@gmail.com …
2026-05-04 23:27:26 [CAMPUS] [INFO   ]   INBOX without 'PROCESSED-CAMPUS': 3 UID(s) (newer_than:30d or SINCE fallback)
2026-05-04 23:27:26 [CAMPUS] [INFO   ]   Pass 1: scanning headers of 3 email(s) (batch size 40)...
2026-05-04 23:27:26 [CAMPUS] [INFO   ]     … 3/3 headers
2026-05-04 23:27:27 [CAMPUS] [INFO   ]   Pass 1 done — full fetch for 3 UID(s); tagged NON-CAMPUS from headers: 0
2026-05-04 23:27:27 [CAMPUS] [INFO   ]   Pass 2: full body (BODY.PEEK[]) for 3 UID(s) (batch 8, progress every 5)…
2026-05-04 23:27:27 [CAMPUS] [INFO   ]     … 3/3 full fetch (batch 3 UID(s))
2026-05-04 23:27:27 [CAMPUS] [INFO   ]     … 3/3 full fetch (batch received, processing…)
2026-05-04 23:27:27 [CAMPUS] [INFO   ]     … 1/3 full fetch
2026-05-04 23:27:27 [CAMPUS] [INFO   ]   [BOUNCE->FAILURE] placement@kru.ac.in
2026-05-04 23:27:29 [CAMPUS] [INFO   ]     … 3/3 full fetch
2026-05-04 23:27:30 [CAMPUS] [INFO   ]   Pass 2 done — 3 full fetch(es) finished.
2026-05-04 23:27:30 [CAMPUS] [INFO   ] 
  [31/32 — 96.9%] > mandify2@gmail.com
2026-05-04 23:27:30 [CAMPUS] [INFO   ]   Connecting to mandify2@gmail.com …
2026-05-04 23:27:36 [CAMPUS] [INFO   ]   INBOX without 'PROCESSED-CAMPUS': 6 UID(s) (newer_than:30d or SINCE fallback)
2026-05-04 23:27:36 [CAMPUS] [INFO   ]   Pass 1: scanning headers of 6 email(s) (batch size 40)...
2026-05-04 23:27:36 [CAMPUS] [INFO   ]     … 6/6 headers
2026-05-04 23:27:37 [CAMPUS] [INFO   ]   Pass 1 done — full fetch for 5 UID(s); tagged NON-CAMPUS from headers: 1
2026-05-04 23:27:37 [CAMPUS] [INFO   ]   Pass 2: full body (BODY.PEEK[]) for 5 UID(s) (batch 8, progress every 5)…
2026-05-04 23:27:37 [CAMPUS] [INFO   ]     … 5/5 full fetch (batch 5 UID(s))
2026-05-04 23:27:38 [CAMPUS] [INFO   ]     … 5/5 full fetch (batch received, processing…)
2026-05-04 23:27:38 [CAMPUS] [INFO   ]     … 1/5 full fetch
2026-05-04 23:27:38 [CAMPUS] [INFO   ]   [BOUNCE->FAILURE] placement@ksdsu.edu.in
2026-05-04 23:27:43 [CAMPUS] [INFO   ]     … 5/5 full fetch
2026-05-04 23:27:44 [CAMPUS] [INFO   ]   Pass 2 done — 5 full fetch(es) finished.
2026-05-04 23:27:45 [CAMPUS] [INFO   ] 
  [32/32 — 100.0%] > sj5739255@gmail.com
2026-05-04 23:27:45 [CAMPUS] [INFO   ]   Connecting to sj5739255@gmail.com …
2026-05-04 23:27:51 [CAMPUS] [INFO   ]   INBOX without 'PROCESSED-CAMPUS': 3 UID(s) (newer_than:30d or SINCE fallback)
2026-05-04 23:27:51 [CAMPUS] [INFO   ]   Pass 1: scanning headers of 3 email(s) (batch size 40)...
2026-05-04 23:27:51 [CAMPUS] [INFO   ]     … 3/3 headers
2026-05-04 23:27:52 [CAMPUS] [INFO   ]   Pass 1 done — full fetch for 3 UID(s); tagged NON-CAMPUS from headers: 0
2026-05-04 23:27:52 [CAMPUS] [INFO   ]   Pass 2: full body (BODY.PEEK[]) for 3 UID(s) (batch 8, progress every 5)…
2026-05-04 23:27:52 [CAMPUS] [INFO   ]     … 3/3 full fetch (batch 3 UID(s))
2026-05-04 23:27:54 [CAMPUS] [INFO   ]     … 3/3 full fetch (batch received, processing…)
2026-05-04 23:27:54 [CAMPUS] [INFO   ]     … 1/3 full fetch
2026-05-04 23:27:54 [CAMPUS] [INFO   ]   [BOUNCE->FAILURE] placement@ksu.ac.in
2026-05-04 23:27:57 [CAMPUS] [INFO   ]     … 3/3 full fetch
2026-05-04 23:27:58 [CAMPUS] [INFO   ]   Pass 2 done — 3 full fetch(es) finished.
2026-05-04 23:27:59 [CAMPUS] [INFO   ] 
  Bounces found   : 11
2026-05-04 23:27:59 [CAMPUS] [INFO   ]   Human responses : 0
2026-05-04 23:27:59 [CAMPUS] [INFO   ] 
[STEP 2] Sending to up to 20 institute(s)...
2026-05-04 23:27:59 [CAMPUS] [INFO   ]   Institutes ready: 20
2026-05-04 23:27:59 [CAMPUS] [INFO   ] 
  [04] Sending to: admissions@amu.ac.in
2026-05-04 23:27:59 [CAMPUS] [INFO   ]        From [1/32 — 3.1%]: jain106sandeep@gmail.com
2026-05-04 23:28:05 [CAMPUS] [INFO   ]        [OK] Sent successfully
2026-05-04 23:28:08 [CAMPUS] [INFO   ] 
  [17] Sending to: admissions@sanskrit.nic.in
2026-05-04 23:28:08 [CAMPUS] [INFO   ]        From [2/32 — 6.2%]: sj1799274@gmail.com
2026-05-04 23:28:14 [CAMPUS] [INFO   ]        [OK] Sent successfully
2026-05-04 23:28:17 [CAMPUS] [INFO   ] 
  [29] Sending to: admissions@nta.ac.in
2026-05-04 23:28:17 [CAMPUS] [INFO   ]        From [3/32 — 9.4%]: jain109sandeep@gmail.com
2026-05-04 23:28:23 [CAMPUS] [INFO   ]        [OK] Sent successfully
2026-05-04 23:28:26 [CAMPUS] [INFO   ] 
  [32] Sending to: admissions@andhrakesariuniversity.in
2026-05-04 23:28:26 [CAMPUS] [INFO   ]        From [4/32 — 12.5%]: jain111sandeep@gmail.com
2026-05-04 23:28:32 [CAMPUS] [INFO   ]        [OK] Sent successfully
2026-05-04 23:28:35 [CAMPUS] [INFO   ] 
  [36] Sending to: admissions@buat.edu.in
2026-05-04 23:28:35 [CAMPUS] [INFO   ]        From [5/32 — 15.6%]: sandeep196605@gmail.com
2026-05-04 23:28:41 [CAMPUS] [INFO   ]        [OK] Sent successfully
2026-05-04 23:28:44 [CAMPUS] [INFO   ] 
  [41] Sending to: admissions@cuc.ac.in
2026-05-04 23:28:44 [CAMPUS] [INFO   ]        From [6/32 — 18.8%]: jain114sandeep@gmail.com
2026-05-04 23:28:50 [CAMPUS] [INFO   ]        [OK] Sent successfully
2026-05-04 23:28:53 [CAMPUS] [INFO   ] 
  [49] Sending to: admissions@malayalamuniversity.edu.in
2026-05-04 23:28:53 [CAMPUS] [INFO   ]        From [7/32 — 21.9%]: jain105sandeep@gmail.com
2026-05-04 23:28:59 [CAMPUS] [INFO   ]        [OK] Sent successfully
2026-05-04 23:29:02 [CAMPUS] [INFO   ] 
  [76] Sending to: admissions@bfuhs.ac.in
2026-05-04 23:29:02 [CAMPUS] [INFO   ]        From [8/32 — 25.0%]: jain107sandeep@gmail.com
2026-05-04 23:29:08 [CAMPUS] [INFO   ]        [OK] Sent successfully
2026-05-04 23:29:11 [CAMPUS] [INFO   ] 
  [79] Sending to: admissions@brau.edu.in
2026-05-04 23:29:11 [CAMPUS] [INFO   ]        From [9/32 — 28.1%]: sj7634811@gmail.com
2026-05-04 23:29:17 [CAMPUS] [INFO   ]        [OK] Sent successfully
2026-05-04 23:29:20 [CAMPUS] [INFO   ] 
  [112] Sending to: registrar@jntuk.edu.in
2026-05-04 23:29:20 [CAMPUS] [INFO   ]        From [10/32 — 31.2%]: jain115sandeep@gmail.com
2026-05-04 23:29:26 [CAMPUS] [INFO   ]        [OK] Sent successfully
2026-05-04 23:29:29 [CAMPUS] [INFO   ] 
  [113] Sending to: registrar@jnvu.co.in
2026-05-04 23:29:29 [CAMPUS] [INFO   ]        From [11/32 — 34.4%]: jain200sandeep@gmail.com
2026-05-04 23:29:35 [CAMPUS] [INFO   ]        [OK] Sent successfully
2026-05-04 23:29:38 [CAMPUS] [INFO   ] 
  [114] Sending to: registrar@kakatiya.ac.in
2026-05-04 23:29:38 [CAMPUS] [INFO   ]        From [12/32 — 37.5%]: jain201sandeep@gmail.com
2026-05-04 23:29:44 [CAMPUS] [INFO   ]        [OK] Sent successfully
2026-05-04 23:29:47 [CAMPUS] [INFO   ] 
  [115] Sending to: placement@kannadauniversity.org
2026-05-04 23:29:47 [CAMPUS] [INFO   ]        From [13/32 — 40.6%]: jain202sandeep@gmail.com
2026-05-04 23:29:52 [CAMPUS] [INFO   ]        [OK] Sent successfully
2026-05-04 23:29:55 [CAMPUS] [INFO   ] 
  [116] Sending to: registrar@kau.edu
2026-05-04 23:29:55 [CAMPUS] [INFO   ]        From [14/32 — 43.8%]: jain203sandeep@gmail.com
2026-05-04 23:30:01 [CAMPUS] [INFO   ]        [OK] Sent successfully
2026-05-04 23:30:04 [CAMPUS] [INFO   ] 
  [117] Sending to: registrar@kbvsasun.ac.in
2026-05-04 23:30:04 [CAMPUS] [INFO   ]        From [15/32 — 46.9%]: jain204sandeep@gmail.com
2026-05-04 23:30:11 [CAMPUS] [INFO   ]        [OK] Sent successfully
2026-05-04 23:30:14 [CAMPUS] [INFO   ] 
  [118] Sending to: registrar@kkhsou.in
2026-05-04 23:30:14 [CAMPUS] [INFO   ]        From [16/32 — 50.0%]: jain205sandeep@gmail.com
2026-05-04 23:30:19 [CAMPUS] [INFO   ]        [OK] Sent successfully
2026-05-04 23:30:22 [CAMPUS] [INFO   ] 
  [119] Sending to: registrar@klyuniv.ac.in
2026-05-04 23:30:22 [CAMPUS] [INFO   ]        From [17/32 — 53.1%]: jain206sandeep@gmail.com
2026-05-04 23:30:29 [CAMPUS] [INFO   ]        [OK] Sent successfully
2026-05-04 23:30:32 [CAMPUS] [INFO   ] 
  [120] Sending to: registrar@knu.ac.in
2026-05-04 23:30:32 [CAMPUS] [INFO   ]        From [18/32 — 56.2%]: jain207sandeep@gmail.com
2026-05-04 23:30:38 [CAMPUS] [INFO   ]        [OK] Sent successfully
2026-05-04 23:30:41 [CAMPUS] [INFO   ] 
  [121] Sending to: registrar@kru.ac.in
2026-05-04 23:30:41 [CAMPUS] [INFO   ]        From [19/32 — 59.4%]: jain208sandeep@gmail.com
2026-05-04 23:30:47 [CAMPUS] [INFO   ]        [OK] Sent successfully
2026-05-04 23:30:50 [CAMPUS] [INFO   ] 
  [122] Sending to: registrar@ksdsu.edu.in
2026-05-04 23:30:50 [CAMPUS] [INFO   ]        From [20/32 — 62.5%]: jain1001sandeep@gmail.com
2026-05-04 23:30:56 [CAMPUS] [INFO   ]        [OK] Sent successfully
2026-05-04 23:30:59 [CAMPUS] [INFO   ] 
================================================================
2026-05-04 23:30:59 [CAMPUS] [INFO   ]   Emails sent      : 20
2026-05-04 23:30:59 [CAMPUS] [INFO   ]   Send failures    : 0
2026-05-04 23:30:59 [CAMPUS] [INFO   ]   Bounces detected : 11
2026-05-04 23:30:59 [CAMPUS] [INFO   ]   Human responses  : 0
2026-05-04 23:30:59 [CAMPUS] [INFO   ] ================================================================
